02-Mar-2020 17:15:46 CST  Initiating request to open input file "../../../runSim/File18/gm2tracker_sim_test_vacuum_20um_fullSeqFit_posTimes.root"
02-Mar-2020 17:15:46 CST  Opened input file "../../../runSim/File18/gm2tracker_sim_test_vacuum_20um_fullSeqFit_posTimes.root"
Begin processing the 1st record. run: 1 subRun: 360 event: 1 at 02-Mar-2020 17:15:51 CST
02-Mar-2020 17:15:51 CST  Opened output file with pattern "fails_filter_tQ.root"
02-Mar-2020 17:15:51 CST  Opened output file with pattern "passes_filter_tQ.root"
Begin processing the 101st record. run: 1 subRun: 360 event: 101 at 02-Mar-2020 17:15:52 CST
Begin processing the 201st record. run: 1 subRun: 360 event: 201 at 02-Mar-2020 17:15:52 CST
Begin processing the 301st record. run: 1 subRun: 360 event: 301 at 02-Mar-2020 17:15:52 CST
Begin processing the 401st record. run: 1 subRun: 360 event: 401 at 02-Mar-2020 17:15:53 CST
Begin processing the 501st record. run: 1 subRun: 360 event: 501 at 02-Mar-2020 17:15:53 CST
02-Mar-2020 17:15:53 CST  Closed input file "../../../runSim/File18/gm2tracker_sim_test_vacuum_20um_fullSeqFit_posTimes.root"

TrigReport ---------- Event  Summary ------------
TrigReport Events total = 515 passed = 0 failed = 515

TrigReport ------ Modules in End-Path: end_path ------------
TrigReport  Trig Bit#        Run    Success      Error Name
TrigReport     0    0          0          0          0 o1
TrigReport     0    0        515        515          0 o2

TimeReport ---------- Time  Summary ---[sec]----
TimeReport CPU = 5.192211 Real = 5.992302

MemReport  ---------- Memory  Summary ---[base-10 MB]----
MemReport  VmPeak = 1173.27 VmHWM = 316.387

