18-Feb-2020 15:29:35 CST  Initiating request to open input file "../../runSim/File19/gm2tracker_sim_test_perfect.root"
18-Feb-2020 15:29:36 CST  Opened input file "../../runSim/File19/gm2tracker_sim_test_perfect.root"
Begin processing the 1st record. run: 1 subRun: 380 event: 1 at 18-Feb-2020 15:29:42 CST
Begin processing the 101st record. run: 1 subRun: 380 event: 101 at 18-Feb-2020 15:29:44 CST
Begin processing the 201st record. run: 1 subRun: 380 event: 201 at 18-Feb-2020 15:29:44 CST
Begin processing the 301st record. run: 1 subRun: 380 event: 301 at 18-Feb-2020 15:29:45 CST
Begin processing the 401st record. run: 1 subRun: 380 event: 401 at 18-Feb-2020 15:29:45 CST
Begin processing the 501st record. run: 1 subRun: 380 event: 501 at 18-Feb-2020 15:29:46 CST
Begin processing the 601st record. run: 1 subRun: 380 event: 601 at 18-Feb-2020 15:29:46 CST
Begin processing the 701st record. run: 1 subRun: 380 event: 701 at 18-Feb-2020 15:29:46 CST
Begin processing the 801st record. run: 1 subRun: 380 event: 801 at 18-Feb-2020 15:29:47 CST
Begin processing the 901st record. run: 1 subRun: 380 event: 901 at 18-Feb-2020 15:29:47 CST
Begin processing the 2000th record. run: 1 subRun: 380 event: 2000 at 18-Feb-2020 15:29:52 CST
Begin processing the 3000th record. run: 1 subRun: 380 event: 3000 at 18-Feb-2020 15:29:57 CST
Begin processing the 5000th record. run: 1 subRun: 380 event: 5000 at 18-Feb-2020 15:30:06 CST
Begin processing the 9000th record. run: 1 subRun: 381 event: 4000 at 18-Feb-2020 15:30:23 CST
Begin processing the 17000th record. run: 1 subRun: 383 event: 2000 at 18-Feb-2020 15:30:57 CST
Begin processing the 33000th record. run: 1 subRun: 386 event: 3000 at 18-Feb-2020 15:32:05 CST
Begin processing the 65000th record. run: 1 subRun: 392 event: 5000 at 18-Feb-2020 15:34:06 CST
18-Feb-2020 15:36:28 CST  Closed input file "../../runSim/File19/gm2tracker_sim_test_perfect.root"

TrigReport ---------- Event  Summary ------------
TrigReport Events total = 100000 passed = 100000 failed = 0

TrigReport ------ Modules in End-Path: end_path ------------
TrigReport  Trig Bit#        Run    Success      Error Name
TrigReport     0    0     100000     100000          0 nonePlusWrong
TrigReport     0    0     100000     100000          0 noneWrong
TrigReport     0    0     100000     100000          0 onePlusWrong
TrigReport     0    0     100000     100000          0 oneWrong
TrigReport     0    0     100000     100000          0 twoPlusWrong
TrigReport     0    0     100000     100000          0 twoWrong
TrigReport     0    0     100000     100000          0 threePlusWrong
TrigReport     0    0     100000     100000          0 threeWrong
TrigReport     0    0     100000     100000          0 fourPlusWrong
TrigReport     0    0     100000     100000          0 fourWrong
TrigReport     0    0     100000     100000          0 fivePlusWrong
TrigReport     0    0     100000     100000          0 fiveWrong

TimeReport ---------- Time  Summary ---[sec]----
TimeReport CPU = 300.916254 Real = 412.060074

MemReport  ---------- Memory  Summary ---[base-10 MB]----
MemReport  VmPeak = 1190.98 VmHWM = 365.908

