01-Feb-2020 07:16:45 CST  Initiating request to open input file "/pnfs/GM2/mc/run1_gasgun_1062/runs_1567190000/1567190852/gm2ringsim_muon_gasgun_truth_22551219_1567190852.1.root"
01-Feb-2020 07:16:45 CST  Opened input file "/pnfs/GM2/mc/run1_gasgun_1062/runs_1567190000/1567190852/gm2ringsim_muon_gasgun_truth_22551219_1567190852.1.root"
Begin processing the 1st record. run: 1567190852 subRun: 1 event: 1 at 01-Feb-2020 07:20:03 CST
01-Feb-2020 07:20:03 CST  Opened output file with pattern "gm2tracker_sim_scan_246.root"
Begin processing the 101st record. run: 1567190852 subRun: 1 event: 101 at 01-Feb-2020 07:20:14 CST
Begin processing the 201st record. run: 1567190852 subRun: 1 event: 201 at 01-Feb-2020 07:20:21 CST
Begin processing the 301st record. run: 1567190852 subRun: 1 event: 301 at 01-Feb-2020 07:20:29 CST
Begin processing the 401st record. run: 1567190852 subRun: 1 event: 401 at 01-Feb-2020 07:20:36 CST
Begin processing the 501st record. run: 1567190852 subRun: 1 event: 501 at 01-Feb-2020 07:20:42 CST
Begin processing the 601st record. run: 1567190852 subRun: 1 event: 601 at 01-Feb-2020 07:20:47 CST
Begin processing the 701st record. run: 1567190852 subRun: 1 event: 701 at 01-Feb-2020 07:20:53 CST
Begin processing the 801st record. run: 1567190852 subRun: 1 event: 801 at 01-Feb-2020 07:21:00 CST
Begin processing the 901st record. run: 1567190852 subRun: 1 event: 901 at 01-Feb-2020 07:21:05 CST
Begin processing the 2000th record. run: 1567190852 subRun: 1 event: 2000 at 01-Feb-2020 07:22:26 CST
Begin processing the 3000th record. run: 1567190852 subRun: 1 event: 3000 at 01-Feb-2020 07:23:35 CST
Begin processing the 5000th record. run: 1567190852 subRun: 1 event: 5000 at 01-Feb-2020 07:25:42 CST
01-Feb-2020 07:25:46 CST  Closed output file "gm2tracker_sim_scan_246.root"
01-Feb-2020 07:25:46 CST  Closed input file "/pnfs/GM2/mc/run1_gasgun_1062/runs_1567190000/1567190852/gm2ringsim_muon_gasgun_truth_22551219_1567190852.1.root"
%MSG-i summary:  ImposeDeadTime:deadTime@EndJob 01-Feb-2020 07:25:46 CST  ModuleEndJob

--------- Tracker Impose Dead Time Report ---------
  Total num digits killed = 0 (of 4471, 0%)
  Total num digits kept = 4471 (of 4471, 100%)
------------------------------------------------

%MSG
%MSG-i summary:  KillStraws:killStraws@EndJob 01-Feb-2020 07:25:46 CST  ModuleEndJob

--------- Tracker Kill Straws Report ---------
  Num straws to kill = 0
  Total num digits killed = 0 (of 4471, 0%)
  Total num digits kept = 4471 (of 4471, 100%)
----------------------------------------------

%MSG
%MSG-i summary:  RemoveFlash:removeFlash@EndJob 01-Feb-2020 07:25:46 CST  ModuleEndJob

--------- Tracker Remove Flash Report ---------
  Total num digits removed = 0 (of 4471, 0%)
  Total num digits kept = 4471 (of 4471, 100%)
----------------------------------------------

%MSG

TrigReport ---------- Event  Summary ------------
TrigReport Events total = 5000 passed = 5000 failed = 0

TrigReport ------ Modules in End-Path: end_path ------------
TrigReport  Trig Bit#        Run    Success      Error Name
TrigReport     0    0       5000       5000          0 out

TimeReport ---------- Time  Summary ---[sec]----
TimeReport CPU = 434.341970 Real = 493.048566

MemReport  ---------- Memory  Summary ---[base-10 MB]----
MemReport  VmPeak = 2090.52 VmHWM = 1138.5

