27-Feb-2020 16:17:10 CST  Initiating request to open input file "../../../runSim/File8/gm2tracker_sim_test_vacuum_20um_mainFit_posTimes.root"
27-Feb-2020 16:17:13 CST  Opened input file "../../../runSim/File8/gm2tracker_sim_test_vacuum_20um_mainFit_posTimes.root"
Begin processing the 1st record. run: 1 subRun: 160 event: 1 at 27-Feb-2020 16:17:24 CST
Begin processing the 101st record. run: 1 subRun: 160 event: 101 at 27-Feb-2020 16:17:27 CST
Begin processing the 201st record. run: 1 subRun: 160 event: 201 at 27-Feb-2020 16:17:27 CST
Begin processing the 301st record. run: 1 subRun: 160 event: 301 at 27-Feb-2020 16:17:27 CST
Begin processing the 401st record. run: 1 subRun: 160 event: 401 at 27-Feb-2020 16:17:27 CST
Begin processing the 501st record. run: 1 subRun: 160 event: 501 at 27-Feb-2020 16:17:28 CST
Begin processing the 601st record. run: 1 subRun: 160 event: 601 at 27-Feb-2020 16:17:28 CST
Begin processing the 701st record. run: 1 subRun: 160 event: 701 at 27-Feb-2020 16:17:28 CST
Begin processing the 801st record. run: 1 subRun: 160 event: 801 at 27-Feb-2020 16:17:28 CST
Begin processing the 901st record. run: 1 subRun: 160 event: 901 at 27-Feb-2020 16:17:29 CST
Begin processing the 2000th record. run: 1 subRun: 160 event: 2000 at 27-Feb-2020 16:17:31 CST
Begin processing the 3000th record. run: 1 subRun: 160 event: 3000 at 27-Feb-2020 16:17:32 CST
Begin processing the 5000th record. run: 1 subRun: 160 event: 5000 at 27-Feb-2020 16:17:36 CST
Begin processing the 9000th record. run: 1 subRun: 161 event: 4000 at 27-Feb-2020 16:17:43 CST
Begin processing the 17000th record. run: 1 subRun: 163 event: 2000 at 27-Feb-2020 16:17:58 CST
Begin processing the 33000th record. run: 1 subRun: 166 event: 3000 at 27-Feb-2020 16:18:25 CST
Begin processing the 65000th record. run: 1 subRun: 172 event: 5000 at 27-Feb-2020 16:19:20 CST
27-Feb-2020 16:20:18 CST  Closed input file "../../../runSim/File8/gm2tracker_sim_test_vacuum_20um_mainFit_posTimes.root"

TrigReport ---------- Event  Summary ------------
TrigReport Events total = 100000 passed = 100000 failed = 0

TrigReport ------ Modules in End-Path: end_path ------------
TrigReport  Trig Bit#        Run    Success      Error Name
TrigReport     0    0     100000     100000          0 nonePlusWrong
TrigReport     0    0     100000     100000          0 oneWrong

TimeReport ---------- Time  Summary ---[sec]----
TimeReport CPU = 82.483460 Real = 183.849080

MemReport  ---------- Memory  Summary ---[base-10 MB]----
MemReport  VmPeak = 1192.39 VmHWM = 349.434

