02-Mar-2020 17:02:28 CST  Initiating request to open input file "../../../runSim/File16/gm2tracker_sim_test_vacuum_20um_fullSeqFit_posTimes.root"
02-Mar-2020 17:02:29 CST  Opened input file "../../../runSim/File16/gm2tracker_sim_test_vacuum_20um_fullSeqFit_posTimes.root"
Begin processing the 1st record. run: 1 subRun: 320 event: 1 at 02-Mar-2020 17:02:34 CST
02-Mar-2020 17:02:34 CST  Opened output file with pattern "fails_filter.root"
02-Mar-2020 17:02:34 CST  Opened output file with pattern "passes_filter.root"
Begin processing the 101st record. run: 1 subRun: 320 event: 101 at 02-Mar-2020 17:02:35 CST
Begin processing the 201st record. run: 1 subRun: 320 event: 201 at 02-Mar-2020 17:02:35 CST
Begin processing the 301st record. run: 1 subRun: 320 event: 301 at 02-Mar-2020 17:02:35 CST
Begin processing the 401st record. run: 1 subRun: 320 event: 401 at 02-Mar-2020 17:02:36 CST
Begin processing the 501st record. run: 1 subRun: 320 event: 501 at 02-Mar-2020 17:02:36 CST
Begin processing the 601st record. run: 1 subRun: 320 event: 601 at 02-Mar-2020 17:02:36 CST
Begin processing the 701st record. run: 1 subRun: 320 event: 701 at 02-Mar-2020 17:02:37 CST
Begin processing the 801st record. run: 1 subRun: 320 event: 801 at 02-Mar-2020 17:02:37 CST
Begin processing the 901st record. run: 1 subRun: 320 event: 901 at 02-Mar-2020 17:02:37 CST
Begin processing the 2000th record. run: 1 subRun: 320 event: 2000 at 02-Mar-2020 17:02:41 CST
Begin processing the 3000th record. run: 1 subRun: 320 event: 3000 at 02-Mar-2020 17:02:44 CST
Begin processing the 5000th record. run: 1 subRun: 320 event: 5000 at 02-Mar-2020 17:02:51 CST
Begin processing the 9000th record. run: 1 subRun: 321 event: 4000 at 02-Mar-2020 17:03:04 CST
Begin processing the 17000th record. run: 1 subRun: 323 event: 2000 at 02-Mar-2020 17:03:32 CST
Begin processing the 33000th record. run: 1 subRun: 326 event: 3000 at 02-Mar-2020 17:04:25 CST
Begin processing the 65000th record. run: 1 subRun: 332 event: 5000 at 02-Mar-2020 17:06:13 CST
02-Mar-2020 17:08:10 CST  Closed output file "passes_filter.root"
02-Mar-2020 17:08:15 CST  Closed output file "fails_filter.root"
02-Mar-2020 17:08:15 CST  Closed input file "../../../runSim/File16/gm2tracker_sim_test_vacuum_20um_fullSeqFit_posTimes.root"

TrigReport ---------- Event  Summary ------------
TrigReport Events total = 100000 passed = 0 failed = 100000

TrigReport ------ Modules in End-Path: end_path ------------
TrigReport  Trig Bit#        Run    Success      Error Name
TrigReport     0    0          0          0          0 o1
TrigReport     0    0     100000     100000          0 o2

TimeReport ---------- Time  Summary ---[sec]----
TimeReport CPU = 189.747154 Real = 344.731479

MemReport  ---------- Memory  Summary ---[base-10 MB]----
MemReport  VmPeak = 1234.63 VmHWM = 392.667

