27-Feb-2020 16:08:40 CST  Initiating request to open input file "../../../runSim/File6/gm2tracker_sim_test_vacuum_20um_mainFit_posTimes.root"
27-Feb-2020 16:08:42 CST  Opened input file "../../../runSim/File6/gm2tracker_sim_test_vacuum_20um_mainFit_posTimes.root"
Begin processing the 1st record. run: 1 subRun: 120 event: 1 at 27-Feb-2020 16:08:53 CST
Begin processing the 101st record. run: 1 subRun: 120 event: 101 at 27-Feb-2020 16:08:54 CST
Begin processing the 201st record. run: 1 subRun: 120 event: 201 at 27-Feb-2020 16:08:55 CST
Begin processing the 301st record. run: 1 subRun: 120 event: 301 at 27-Feb-2020 16:08:55 CST
Begin processing the 401st record. run: 1 subRun: 120 event: 401 at 27-Feb-2020 16:08:55 CST
Begin processing the 501st record. run: 1 subRun: 120 event: 501 at 27-Feb-2020 16:08:56 CST
Begin processing the 601st record. run: 1 subRun: 120 event: 601 at 27-Feb-2020 16:08:56 CST
Begin processing the 701st record. run: 1 subRun: 120 event: 701 at 27-Feb-2020 16:08:56 CST
Begin processing the 801st record. run: 1 subRun: 120 event: 801 at 27-Feb-2020 16:08:56 CST
Begin processing the 901st record. run: 1 subRun: 120 event: 901 at 27-Feb-2020 16:08:57 CST
Begin processing the 2000th record. run: 1 subRun: 120 event: 2000 at 27-Feb-2020 16:08:58 CST
Begin processing the 3000th record. run: 1 subRun: 120 event: 3000 at 27-Feb-2020 16:09:00 CST
Begin processing the 5000th record. run: 1 subRun: 120 event: 5000 at 27-Feb-2020 16:09:05 CST
Begin processing the 9000th record. run: 1 subRun: 121 event: 4000 at 27-Feb-2020 16:09:15 CST
Begin processing the 17000th record. run: 1 subRun: 123 event: 2000 at 27-Feb-2020 16:09:38 CST
Begin processing the 33000th record. run: 1 subRun: 126 event: 3000 at 27-Feb-2020 16:10:25 CST
Begin processing the 65000th record. run: 1 subRun: 132 event: 5000 at 27-Feb-2020 16:12:02 CST
27-Feb-2020 16:13:24 CST  Closed input file "../../../runSim/File6/gm2tracker_sim_test_vacuum_20um_mainFit_posTimes.root"

TrigReport ---------- Event  Summary ------------
TrigReport Events total = 100000 passed = 100000 failed = 0

TrigReport ------ Modules in End-Path: end_path ------------
TrigReport  Trig Bit#        Run    Success      Error Name
TrigReport     0    0     100000     100000          0 nonePlusWrong
TrigReport     0    0     100000     100000          0 oneWrong

TimeReport ---------- Time  Summary ---[sec]----
TimeReport CPU = 86.072915 Real = 280.610367

MemReport  ---------- Memory  Summary ---[base-10 MB]----
MemReport  VmPeak = 1192.36 VmHWM = 350.032

