28-Feb-2020 10:05:50 CST  Initiating request to open input file "../../../runSim/File16/gm2tracker_sim_test_vacuum_20um_truthLR_posTimes.root"
28-Feb-2020 10:05:52 CST  Opened input file "../../../runSim/File16/gm2tracker_sim_test_vacuum_20um_truthLR_posTimes.root"
Begin processing the 1st record. run: 1 subRun: 320 event: 1 at 28-Feb-2020 10:06:01 CST
Begin processing the 101st record. run: 1 subRun: 320 event: 101 at 28-Feb-2020 10:06:03 CST
Begin processing the 201st record. run: 1 subRun: 320 event: 201 at 28-Feb-2020 10:06:03 CST
Begin processing the 301st record. run: 1 subRun: 320 event: 301 at 28-Feb-2020 10:06:04 CST
Begin processing the 401st record. run: 1 subRun: 320 event: 401 at 28-Feb-2020 10:06:04 CST
Begin processing the 501st record. run: 1 subRun: 320 event: 501 at 28-Feb-2020 10:06:04 CST
Begin processing the 601st record. run: 1 subRun: 320 event: 601 at 28-Feb-2020 10:06:04 CST
Begin processing the 701st record. run: 1 subRun: 320 event: 701 at 28-Feb-2020 10:06:04 CST
Begin processing the 801st record. run: 1 subRun: 320 event: 801 at 28-Feb-2020 10:06:04 CST
Begin processing the 901st record. run: 1 subRun: 320 event: 901 at 28-Feb-2020 10:06:05 CST
Begin processing the 2000th record. run: 1 subRun: 320 event: 2000 at 28-Feb-2020 10:06:07 CST
Begin processing the 3000th record. run: 1 subRun: 320 event: 3000 at 28-Feb-2020 10:06:10 CST
Begin processing the 5000th record. run: 1 subRun: 320 event: 5000 at 28-Feb-2020 10:06:12 CST
Begin processing the 9000th record. run: 1 subRun: 321 event: 4000 at 28-Feb-2020 10:06:20 CST
Begin processing the 17000th record. run: 1 subRun: 323 event: 2000 at 28-Feb-2020 10:06:39 CST
Begin processing the 33000th record. run: 1 subRun: 326 event: 3000 at 28-Feb-2020 10:07:29 CST
Begin processing the 65000th record. run: 1 subRun: 332 event: 5000 at 28-Feb-2020 10:08:48 CST
28-Feb-2020 10:09:55 CST  Closed input file "../../../runSim/File16/gm2tracker_sim_test_vacuum_20um_truthLR_posTimes.root"

TrigReport ---------- Event  Summary ------------
TrigReport Events total = 100000 passed = 100000 failed = 0

TrigReport ------ Modules in End-Path: end_path ------------
TrigReport  Trig Bit#        Run    Success      Error Name
TrigReport     0    0     100000     100000          0 nonePlusWrong
TrigReport     0    0     100000     100000          0 oneWrong

TimeReport ---------- Time  Summary ---[sec]----
TimeReport CPU = 79.061980 Real = 242.532810

MemReport  ---------- Memory  Summary ---[base-10 MB]----
MemReport  VmPeak = 1192.45 VmHWM = 344.121

