27-Feb-2020 16:13:29 CST  Initiating request to open input file "../../../runSim/File7/gm2tracker_sim_test_vacuum_20um_mainFit_posTimes.root"
27-Feb-2020 16:13:32 CST  Opened input file "../../../runSim/File7/gm2tracker_sim_test_vacuum_20um_mainFit_posTimes.root"
Begin processing the 1st record. run: 1 subRun: 140 event: 1 at 27-Feb-2020 16:13:41 CST
Begin processing the 101st record. run: 1 subRun: 140 event: 101 at 27-Feb-2020 16:13:44 CST
Begin processing the 201st record. run: 1 subRun: 140 event: 201 at 27-Feb-2020 16:13:45 CST
Begin processing the 301st record. run: 1 subRun: 140 event: 301 at 27-Feb-2020 16:13:45 CST
Begin processing the 401st record. run: 1 subRun: 140 event: 401 at 27-Feb-2020 16:13:45 CST
Begin processing the 501st record. run: 1 subRun: 140 event: 501 at 27-Feb-2020 16:13:45 CST
Begin processing the 601st record. run: 1 subRun: 140 event: 601 at 27-Feb-2020 16:13:46 CST
Begin processing the 701st record. run: 1 subRun: 140 event: 701 at 27-Feb-2020 16:13:46 CST
Begin processing the 801st record. run: 1 subRun: 140 event: 801 at 27-Feb-2020 16:13:46 CST
Begin processing the 901st record. run: 1 subRun: 140 event: 901 at 27-Feb-2020 16:13:47 CST
Begin processing the 2000th record. run: 1 subRun: 140 event: 2000 at 27-Feb-2020 16:13:50 CST
Begin processing the 3000th record. run: 1 subRun: 140 event: 3000 at 27-Feb-2020 16:13:51 CST
Begin processing the 5000th record. run: 1 subRun: 140 event: 5000 at 27-Feb-2020 16:13:54 CST
Begin processing the 9000th record. run: 1 subRun: 141 event: 4000 at 27-Feb-2020 16:14:00 CST
Begin processing the 17000th record. run: 1 subRun: 143 event: 2000 at 27-Feb-2020 16:14:12 CST
Begin processing the 33000th record. run: 1 subRun: 146 event: 3000 at 27-Feb-2020 16:14:35 CST
Begin processing the 65000th record. run: 1 subRun: 152 event: 5000 at 27-Feb-2020 16:15:45 CST
27-Feb-2020 16:17:03 CST  Closed input file "../../../runSim/File7/gm2tracker_sim_test_vacuum_20um_mainFit_posTimes.root"

TrigReport ---------- Event  Summary ------------
TrigReport Events total = 100000 passed = 100000 failed = 0

TrigReport ------ Modules in End-Path: end_path ------------
TrigReport  Trig Bit#        Run    Success      Error Name
TrigReport     0    0     100000     100000          0 nonePlusWrong
TrigReport     0    0     100000     100000          0 oneWrong

TimeReport ---------- Time  Summary ---[sec]----
TimeReport CPU = 85.090064 Real = 210.197530

MemReport  ---------- Memory  Summary ---[base-10 MB]----
MemReport  VmPeak = 1192.39 VmHWM = 323.936

