27-Feb-2020 16:38:24 CST  Initiating request to open input file "../../../runSim/File14/gm2tracker_sim_test_vacuum_20um_mainFit_posTimes.root"
27-Feb-2020 16:38:25 CST  Opened input file "../../../runSim/File14/gm2tracker_sim_test_vacuum_20um_mainFit_posTimes.root"
Begin processing the 1st record. run: 1 subRun: 280 event: 1 at 27-Feb-2020 16:38:33 CST
Begin processing the 101st record. run: 1 subRun: 280 event: 101 at 27-Feb-2020 16:38:34 CST
Begin processing the 201st record. run: 1 subRun: 280 event: 201 at 27-Feb-2020 16:38:34 CST
Begin processing the 301st record. run: 1 subRun: 280 event: 301 at 27-Feb-2020 16:38:34 CST
Begin processing the 401st record. run: 1 subRun: 280 event: 401 at 27-Feb-2020 16:38:35 CST
Begin processing the 501st record. run: 1 subRun: 280 event: 501 at 27-Feb-2020 16:38:35 CST
Begin processing the 601st record. run: 1 subRun: 280 event: 601 at 27-Feb-2020 16:38:35 CST
Begin processing the 701st record. run: 1 subRun: 280 event: 701 at 27-Feb-2020 16:38:35 CST
Begin processing the 801st record. run: 1 subRun: 280 event: 801 at 27-Feb-2020 16:38:36 CST
Begin processing the 901st record. run: 1 subRun: 280 event: 901 at 27-Feb-2020 16:38:36 CST
Begin processing the 2000th record. run: 1 subRun: 280 event: 2000 at 27-Feb-2020 16:38:38 CST
Begin processing the 3000th record. run: 1 subRun: 280 event: 3000 at 27-Feb-2020 16:38:40 CST
Begin processing the 5000th record. run: 1 subRun: 280 event: 5000 at 27-Feb-2020 16:38:45 CST
Begin processing the 9000th record. run: 1 subRun: 281 event: 4000 at 27-Feb-2020 16:38:55 CST
Begin processing the 17000th record. run: 1 subRun: 283 event: 2000 at 27-Feb-2020 16:39:10 CST
Begin processing the 33000th record. run: 1 subRun: 286 event: 3000 at 27-Feb-2020 16:39:52 CST
Begin processing the 65000th record. run: 1 subRun: 292 event: 5000 at 27-Feb-2020 16:41:12 CST
27-Feb-2020 16:42:34 CST  Closed input file "../../../runSim/File14/gm2tracker_sim_test_vacuum_20um_mainFit_posTimes.root"

TrigReport ---------- Event  Summary ------------
TrigReport Events total = 100000 passed = 100000 failed = 0

TrigReport ------ Modules in End-Path: end_path ------------
TrigReport  Trig Bit#        Run    Success      Error Name
TrigReport     0    0     100000     100000          0 nonePlusWrong
TrigReport     0    0     100000     100000          0 oneWrong

TimeReport ---------- Time  Summary ---[sec]----
TimeReport CPU = 70.887223 Real = 247.943933

MemReport  ---------- Memory  Summary ---[base-10 MB]----
MemReport  VmPeak = 1192.38 VmHWM = 348.951

