28-Feb-2020 10:19:04 CST  Initiating request to open input file "../../../runSim/File20/gm2tracker_sim_test_vacuum_20um_truthLR_posTimes.root"
28-Feb-2020 10:19:05 CST  Opened input file "../../../runSim/File20/gm2tracker_sim_test_vacuum_20um_truthLR_posTimes.root"
Begin processing the 1st record. run: 1 subRun: 400 event: 1 at 28-Feb-2020 10:19:13 CST
Begin processing the 101st record. run: 1 subRun: 400 event: 101 at 28-Feb-2020 10:19:14 CST
Begin processing the 201st record. run: 1 subRun: 400 event: 201 at 28-Feb-2020 10:19:15 CST
Begin processing the 301st record. run: 1 subRun: 400 event: 301 at 28-Feb-2020 10:19:15 CST
Begin processing the 401st record. run: 1 subRun: 400 event: 401 at 28-Feb-2020 10:19:15 CST
Begin processing the 501st record. run: 1 subRun: 400 event: 501 at 28-Feb-2020 10:19:15 CST
Begin processing the 601st record. run: 1 subRun: 400 event: 601 at 28-Feb-2020 10:19:15 CST
Begin processing the 701st record. run: 1 subRun: 400 event: 701 at 28-Feb-2020 10:19:15 CST
Begin processing the 801st record. run: 1 subRun: 400 event: 801 at 28-Feb-2020 10:19:16 CST
Begin processing the 901st record. run: 1 subRun: 400 event: 901 at 28-Feb-2020 10:19:16 CST
Begin processing the 2000th record. run: 1 subRun: 400 event: 2000 at 28-Feb-2020 10:19:18 CST
Begin processing the 3000th record. run: 1 subRun: 400 event: 3000 at 28-Feb-2020 10:19:19 CST
Begin processing the 5000th record. run: 1 subRun: 400 event: 5000 at 28-Feb-2020 10:19:23 CST
Begin processing the 9000th record. run: 1 subRun: 401 event: 4000 at 28-Feb-2020 10:19:29 CST
Begin processing the 17000th record. run: 1 subRun: 403 event: 2000 at 28-Feb-2020 10:19:41 CST
Begin processing the 33000th record. run: 1 subRun: 406 event: 3000 at 28-Feb-2020 10:20:06 CST
Begin processing the 65000th record. run: 1 subRun: 412 event: 5000 at 28-Feb-2020 10:20:57 CST
28-Feb-2020 10:21:52 CST  Closed input file "../../../runSim/File20/gm2tracker_sim_test_vacuum_20um_truthLR_posTimes.root"

TrigReport ---------- Event  Summary ------------
TrigReport Events total = 100000 passed = 100000 failed = 0

TrigReport ------ Modules in End-Path: end_path ------------
TrigReport  Trig Bit#        Run    Success      Error Name
TrigReport     0    0     100000     100000          0 nonePlusWrong
TrigReport     0    0     100000     100000          0 oneWrong

TimeReport ---------- Time  Summary ---[sec]----
TimeReport CPU = 85.220045 Real = 166.295984

MemReport  ---------- Memory  Summary ---[base-10 MB]----
MemReport  VmPeak = 1192.4 VmHWM = 333.128

