25-Feb-2020 15:25:02 CST  Initiating request to open input file "/gm2/app/users/sgrant/analysis/LowDCAs_v2/runSim/File1/gm2tracker_sim_test_perfect_2.0Res_truthLR.root"
225-Feb-2020 15:25:04 CST  Opened input file "/gm2/app/users/sgrant/analysis/LowDCAs_v2/runSim/File18/gm2tracker_sim_test_perfect_2.0Res_truthLR.rootBeBegin processing the 1st record. run: 1 subRun: 260 event: 1 at 25-Feb-2020 15:25:13 CST
Begin processing the 101st record. run: 1 subRun: 260 event: 101 at 25-Feb-2020 15:25:13 CST
Begin processing the 201st record. run: 1 subRun: 260 event: 201 at 25-Feb-2020 15:25:13 CST
Begin processing the 301st record. run: 1 subRun: 260 event: 301 at 25-Feb-2020 15:25:13 CST
Begin processing the 401st record. run: 1 subRun: 260 event: 401 at 25-Feb-2020 15:25:13 CST
Begin processing the 501st record. run: 1 subRun: 260 event: 501 at 25-Feb-2020 15:25:13 CST
Begin processing the 601st record. run: 1 subRun: 260 event: 601 at 25-Feb-2020 15:25:14 CST
Begin processing the 701st record. run: 1 subRun: 260 event: 701 at 25-Feb-2020 15:25:14 CST
Begin processing the 801st record. run: 1 subRun: 260 event: 801 at 25-Feb-2020 15:25:14 CST
Begin processing the 901st record. run: 1 subRun: 260 event: 901 at 25-Begin processing the 2Begin processing the 2000th record. run: 1 subRun: 260 event: 2000 at 2Begin processing the 300Begin processing the 3000th record. run: 1 subRun: 260 event: 3000 atBegin processing the 5000tBegin processing the 5000th record. run: 1 subRun: 260 event: 5000 Begin processBegin processinBegin processing the 9000th record. run: 1 subRun: 261 event: 400Begin processiBegin processingBegin processing the 17000th record. run: 1 subRun: 203 event: 2Begin processinBegin processing Begin processing the 33000th record. run: 1 subRun: 326 event:Begin processingBegin processing tBegin processing the 65000th record. run: 1 subRun: 272 event25-Feb-2020 15:225-Feb-2020 15:28:39 CST  Closed input file "/gm2/app/users/sgrant/analysis/LowDCAs_v2/runSim/File4/gm2tracker_sim_test_perfect_2.0Res_truthLR.root"

TrigReport ---------- Event  Summary ------------
TrigReport Events total = 100000 passed = 100000 failed = 0

TrigReport ------ Modules in End-Path: end_path ------------
TrigReport  Trig Bit#        Run    Success      Error Name
TrigReport     0    0     100000     100000          0 nonePlusWrong
TrigReport     0    0     100000     100000          0 oneWrong

TimeReport ---------- Time  Summary ---[sec]----
TimeReport CPU = 88.519543 Real = 214.099496

MemReport  ---------- Memory  Summary ---[base-10 MB]----
MemReport  VmPeak = 1172.91 VmHWM = 334.32


VmHWM = 331.928

5

