28-Feb-2020 18:13:37 CST  Initiating request to open input file "../../../runSim/File22/gm2tracker_sim_test_vacuum_20um_fullSeqFit_posTimes.root"
28-Feb-2020 18:13:38 CST  Opened input file "../../../runSim/File22/gm2tracker_sim_test_vacuum_20um_fullSeqFit_posTimes.root"
Begin processing the 1st record. run: 1 subRun: 440 event: 1 at 28-Feb-2020 18:13:44 CST
Begin processing the 101st record. run: 1 subRun: 440 event: 101 at 28-Feb-2020 18:13:45 CST
Begin processing the 201st record. run: 1 subRun: 440 event: 201 at 28-Feb-2020 18:13:45 CST
Begin processing the 301st record. run: 1 subRun: 440 event: 301 at 28-Feb-2020 18:13:45 CST
Begin processing the 401st record. run: 1 subRun: 440 event: 401 at 28-Feb-2020 18:13:45 CST
Begin processing the 501st record. run: 1 subRun: 440 event: 501 at 28-Feb-2020 18:13:45 CST
Begin processing the 601st record. run: 1 subRun: 440 event: 601 at 28-Feb-2020 18:13:46 CST
Begin processing the 701st record. run: 1 subRun: 440 event: 701 at 28-Feb-2020 18:13:46 CST
Begin processing the 801st record. run: 1 subRun: 440 event: 801 at 28-Feb-2020 18:13:46 CST
Begin processing the 901st record. run: 1 subRun: 440 event: 901 at 28-Feb-2020 18:13:46 CST
Begin processing the 2000th record. run: 1 subRun: 440 event: 2000 at 28-Feb-2020 18:13:47 CST
Begin processing the 3000th record. run: 1 subRun: 440 event: 3000 at 28-Feb-2020 18:13:49 CST
Begin processing the 5000th record. run: 1 subRun: 440 event: 5000 at 28-Feb-2020 18:13:51 CST
Begin processing the 9000th record. run: 1 subRun: 441 event: 4000 at 28-Feb-2020 18:13:56 CST
Begin processing the 17000th record. run: 1 subRun: 443 event: 2000 at 28-Feb-2020 18:14:06 CST
Begin processing the 33000th record. run: 1 subRun: 446 event: 3000 at 28-Feb-2020 18:14:27 CST
Begin processing the 65000th record. run: 1 subRun: 452 event: 5000 at 28-Feb-2020 18:15:08 CST
28-Feb-2020 18:15:51 CST  Closed input file "../../../runSim/File22/gm2tracker_sim_test_vacuum_20um_fullSeqFit_posTimes.root"

TrigReport ---------- Event  Summary ------------
TrigReport Events total = 100000 passed = 100000 failed = 0

TrigReport ------ Modules in End-Path: end_path ------------
TrigReport  Trig Bit#        Run    Success      Error Name
TrigReport     0    0     100000     100000          0 nonePlusWrong
TrigReport     0    0     100000     100000          0 oneWrong

TimeReport ---------- Time  Summary ---[sec]----
TimeReport CPU = 67.795694 Real = 131.785187

MemReport  ---------- Memory  Summary ---[base-10 MB]----
MemReport  VmPeak = 1192.48 VmHWM = 350.02

