02-Mar-2020 16:30:35 CST  Initiating request to open input file "../../../runSim/File9/gm2tracker_sim_test_vacuum_20um_mainFit_allTimes.root"
02-Mar-2020 16:30:36 CST  Opened input file "../../../runSim/File9/gm2tracker_sim_test_vacuum_20um_mainFit_allTimes.root"
Begin processing the 1st record. run: 1 subRun: 180 event: 1 at 02-Mar-2020 16:30:43 CST
02-Mar-2020 16:30:43 CST  Opened output file with pattern "passes_filter.root"
02-Mar-2020 16:30:43 CST  Opened output file with pattern "fails_filter.root"
Begin processing the 101st record. run: 1 subRun: 180 event: 101 at 02-Mar-2020 16:30:44 CST
Begin processing the 201st record. run: 1 subRun: 180 event: 201 at 02-Mar-2020 16:30:44 CST
Begin processing the 301st record. run: 1 subRun: 180 event: 301 at 02-Mar-2020 16:30:45 CST
Begin processing the 401st record. run: 1 subRun: 180 event: 401 at 02-Mar-2020 16:30:45 CST
Begin processing the 501st record. run: 1 subRun: 180 event: 501 at 02-Mar-2020 16:30:45 CST
Begin processing the 601st record. run: 1 subRun: 180 event: 601 at 02-Mar-2020 16:30:46 CST
Begin processing the 701st record. run: 1 subRun: 180 event: 701 at 02-Mar-2020 16:30:46 CST
Begin processing the 801st record. run: 1 subRun: 180 event: 801 at 02-Mar-2020 16:30:46 CST
Begin processing the 901st record. run: 1 subRun: 180 event: 901 at 02-Mar-2020 16:30:46 CST
Begin processing the 2000th record. run: 1 subRun: 180 event: 2000 at 02-Mar-2020 16:30:50 CST
Begin processing the 3000th record. run: 1 subRun: 180 event: 3000 at 02-Mar-2020 16:30:54 CST
Begin processing the 5000th record. run: 1 subRun: 180 event: 5000 at 02-Mar-2020 16:31:01 CST
Begin processing the 9000th record. run: 1 subRun: 181 event: 4000 at 02-Mar-2020 16:31:15 CST
Begin processing the 17000th record. run: 1 subRun: 183 event: 2000 at 02-Mar-2020 16:31:43 CST
Begin processing the 33000th record. run: 1 subRun: 186 event: 3000 at 02-Mar-2020 16:32:37 CST
Begin processing the 65000th record. run: 1 subRun: 192 event: 5000 at 02-Mar-2020 16:34:25 CST
02-Mar-2020 16:36:36 CST  Closed output file "passes_filter.root"
02-Mar-2020 16:36:40 CST  Closed output file "fails_filter.root"
02-Mar-2020 16:36:40 CST  Closed input file "../../../runSim/File9/gm2tracker_sim_test_vacuum_20um_mainFit_allTimes.root"

TrigReport ---------- Event  Summary ------------
TrigReport Events total = 100000 passed = 1 failed = 99999

TrigReport ------ Modules in End-Path: end_path ------------
TrigReport  Trig Bit#        Run    Success      Error Name
TrigReport     0    0          1          1          0 o1
TrigReport     0    0      99999      99999          0 o2

TimeReport ---------- Time  Summary ---[sec]----
TimeReport CPU = 173.319651 Real = 363.520777

MemReport  ---------- Memory  Summary ---[base-10 MB]----
MemReport  VmPeak = 1261.74 VmHWM = 487.133

