02-Mar-2020 19:24:28 CST  Initiating request to open input file "/pnfs/GM2/mc/run1_gasgun_1062/runs_1567190000/1567190852/gm2ringsim_muon_gasgun_truth_22551201_1567190852.1.root"
02-Mar-2020 19:24:29 CST  Opened input file "/pnfs/GM2/mc/run1_gasgun_1062/runs_1567190000/1567190852/gm2ringsim_muon_gasgun_truth_22551201_1567190852.1.root"
Begin processing the 1st record. run: 1567190852 subRun: 1 event: 1 at 02-Mar-2020 19:27:06 CST
02-Mar-2020 19:27:06 CST  Opened output file with pattern "gm2tracker_sim_scan_garfield.root"
Begin processing the 101st record. run: 1567190852 subRun: 1 event: 101 at 02-Mar-2020 19:27:15 CST
Begin processing the 201st record. run: 1567190852 subRun: 1 event: 201 at 02-Mar-2020 19:27:24 CST
Begin processing the 301st record. run: 1567190852 subRun: 1 event: 301 at 02-Mar-2020 19:27:36 CST
Begin processing the 401st record. run: 1567190852 subRun: 1 event: 401 at 02-Mar-2020 19:27:39 CST
Begin processing the 501st record. run: 1567190852 subRun: 1 event: 501 at 02-Mar-2020 19:27:45 CST
Begin processing the 601st record. run: 1567190852 subRun: 1 event: 601 at 02-Mar-2020 19:27:51 CST
Begin processing the 701st record. run: 1567190852 subRun: 1 event: 701 at 02-Mar-2020 19:28:00 CST
Begin processing the 801st record. run: 1567190852 subRun: 1 event: 801 at 02-Mar-2020 19:28:02 CST
Begin processing the 901st record. run: 1567190852 subRun: 1 event: 901 at 02-Mar-2020 19:28:11 CST
Begin processing the 2000th record. run: 1567190852 subRun: 1 event: 2000 at 02-Mar-2020 19:29:03 CST
Begin processing the 3000th record. run: 1567190852 subRun: 1 event: 3000 at 02-Mar-2020 19:30:17 CST
Begin processing the 5000th record. run: 1567190852 subRun: 1 event: 5000 at 02-Mar-2020 19:32:15 CST
02-Mar-2020 19:32:19 CST  Closed output file "gm2tracker_sim_scan_garfield.root"
02-Mar-2020 19:32:19 CST  Closed input file "/pnfs/GM2/mc/run1_gasgun_1062/runs_1567190000/1567190852/gm2ringsim_muon_gasgun_truth_22551201_1567190852.1.root"
%MSG-i summary:  ImposeDeadTime:deadTime@EndJob 02-Mar-2020 19:32:19 CST  ModuleEndJob

--------- Tracker Impose Dead Time Report ---------
  Total num digits killed = 0 (of 4679, 0%)
  Total num digits kept = 4679 (of 4679, 100%)
------------------------------------------------

%MSG
%MSG-i summary:  KillStraws:killStraws@EndJob 02-Mar-2020 19:32:19 CST  ModuleEndJob

--------- Tracker Kill Straws Report ---------
  Num straws to kill = 0
  Total num digits killed = 0 (of 4679, 0%)
  Total num digits kept = 4679 (of 4679, 100%)
----------------------------------------------

%MSG
%MSG-i summary:  RemoveFlash:removeFlash@EndJob 02-Mar-2020 19:32:19 CST  ModuleEndJob

--------- Tracker Remove Flash Report ---------
  Total num digits removed = 0 (of 4679, 0%)
  Total num digits kept = 4679 (of 4679, 100%)
----------------------------------------------

%MSG

TrigReport ---------- Event  Summary ------------
TrigReport Events total = 5000 passed = 5000 failed = 0

TrigReport ------ Modules in End-Path: end_path ------------
TrigReport  Trig Bit#        Run    Success      Error Name
TrigReport     0    0       5000       5000          0 out

TimeReport ---------- Time  Summary ---[sec]----
TimeReport CPU = 382.644829 Real = 427.736377

MemReport  ---------- Memory  Summary ---[base-10 MB]----
MemReport  VmPeak = 2094.64 VmHWM = 1115.5

