02-Mar-2020 14:28:37 CST  Initiating request to open input file "../../../runSim/File23/gm2tracker_sim_test_vacuum_20um_fullSeqFit_allTimes.root"
02-Mar-2020 14:28:38 CST  Opened input file "../../../runSim/File23/gm2tracker_sim_test_vacuum_20um_fullSeqFit_allTimes.root"
Begin processing the 1st record. run: 1 subRun: 460 event: 1 at 02-Mar-2020 14:28:43 CST
02-Mar-2020 14:28:43 CST  Opened output file with pattern "fails_filter.root"
02-Mar-2020 14:28:43 CST  Opened output file with pattern "passes_filter.root"
Begin processing the 101st record. run: 1 subRun: 460 event: 101 at 02-Mar-2020 14:28:44 CST
Begin processing the 201st record. run: 1 subRun: 460 event: 201 at 02-Mar-2020 14:28:44 CST
Begin processing the 301st record. run: 1 subRun: 460 event: 301 at 02-Mar-2020 14:28:44 CST
Begin processing the 401st record. run: 1 subRun: 460 event: 401 at 02-Mar-2020 14:28:44 CST
Begin processing the 501st record. run: 1 subRun: 460 event: 501 at 02-Mar-2020 14:28:45 CST
Begin processing the 601st record. run: 1 subRun: 460 event: 601 at 02-Mar-2020 14:28:45 CST
Begin processing the 701st record. run: 1 subRun: 460 event: 701 at 02-Mar-2020 14:28:45 CST
Begin processing the 801st record. run: 1 subRun: 460 event: 801 at 02-Mar-2020 14:28:45 CST
Begin processing the 901st record. run: 1 subRun: 460 event: 901 at 02-Mar-2020 14:28:45 CST
Begin processing the 2000th record. run: 1 subRun: 460 event: 2000 at 02-Mar-2020 14:28:47 CST
Begin processing the 3000th record. run: 1 subRun: 460 event: 3000 at 02-Mar-2020 14:28:49 CST
Begin processing the 5000th record. run: 1 subRun: 460 event: 5000 at 02-Mar-2020 14:28:53 CST
Begin processing the 9000th record. run: 1 subRun: 461 event: 4000 at 02-Mar-2020 14:29:02 CST
Begin processing the 17000th record. run: 1 subRun: 463 event: 2000 at 02-Mar-2020 14:29:18 CST
Begin processing the 33000th record. run: 1 subRun: 466 event: 3000 at 02-Mar-2020 14:29:51 CST
Begin processing the 65000th record. run: 1 subRun: 472 event: 5000 at 02-Mar-2020 14:30:58 CST
02-Mar-2020 14:32:14 CST  Closed output file "passes_filter.root"
02-Mar-2020 14:32:19 CST  Closed output file "fails_filter.root"
02-Mar-2020 14:32:19 CST  Closed input file "../../../runSim/File23/gm2tracker_sim_test_vacuum_20um_fullSeqFit_allTimes.root"

TrigReport ---------- Event  Summary ------------
TrigReport Events total = 100000 passed = 1 failed = 99999

TrigReport ------ Modules in End-Path: end_path ------------
TrigReport  Trig Bit#        Run    Success      Error Name
TrigReport     0    0          1          1          0 o1
TrigReport     0    0      99999      99999          0 o2

TimeReport ---------- Time  Summary ---[sec]----
TimeReport CPU = 156.915146 Real = 219.725801

MemReport  ---------- Memory  Summary ---[base-10 MB]----
MemReport  VmPeak = 1238.62 VmHWM = 461.681

