02-Mar-2020 16:35:43 CST  Initiating request to open input file "../../../runSim/File0/gm2tracker_sim_test_vacuum_20um_fullSeqFit_allTimes.root"
02-Mar-2020 16:35:43 CST  Opened input file "../../../runSim/File0/gm2tracker_sim_test_vacuum_20um_fullSeqFit_allTimes.root"
Begin processing the 1st record. run: 1 subRun: 1 event: 1 at 02-Mar-2020 16:35:48 CST
02-Mar-2020 16:35:48 CST  Opened output file with pattern "passes_filter_tQ.root"
02-Mar-2020 16:35:48 CST  Opened output file with pattern "fails_filter_tQ.root"
Begin processing the 101st record. run: 1 subRun: 1 event: 101 at 02-Mar-2020 16:35:49 CST
Begin processing the 201st record. run: 1 subRun: 1 event: 201 at 02-Mar-2020 16:35:49 CST
Begin processing the 301st record. run: 1 subRun: 1 event: 301 at 02-Mar-2020 16:35:49 CST
Begin processing the 401st record. run: 1 subRun: 1 event: 401 at 02-Mar-2020 16:35:49 CST
Begin processing the 501st record. run: 1 subRun: 1 event: 501 at 02-Mar-2020 16:35:50 CST
Begin processing the 601st record. run: 1 subRun: 1 event: 601 at 02-Mar-2020 16:35:50 CST
Begin processing the 701st record. run: 1 subRun: 1 event: 701 at 02-Mar-2020 16:35:50 CST
Begin processing the 801st record. run: 1 subRun: 1 event: 801 at 02-Mar-2020 16:35:51 CST
Begin processing the 901st record. run: 1 subRun: 1 event: 901 at 02-Mar-2020 16:35:51 CST
Begin processing the 2000th record. run: 1 subRun: 1 event: 2000 at 02-Mar-2020 16:35:54 CST
Begin processing the 3000th record. run: 1 subRun: 1 event: 3000 at 02-Mar-2020 16:35:57 CST
Begin processing the 5000th record. run: 1 subRun: 1 event: 5000 at 02-Mar-2020 16:36:02 CST
Begin processing the 9000th record. run: 1 subRun: 2 event: 4000 at 02-Mar-2020 16:36:12 CST
Begin processing the 17000th record. run: 1 subRun: 4 event: 2000 at 02-Mar-2020 16:36:35 CST
Begin processing the 33000th record. run: 1 subRun: 7 event: 3000 at 02-Mar-2020 16:37:24 CST
Begin processing the 65000th record. run: 1 subRun: 13 event: 5000 at 02-Mar-2020 16:39:06 CST
02-Mar-2020 16:40:46 CST  Closed output file "passes_filter_tQ.root"
02-Mar-2020 16:40:50 CST  Closed output file "fails_filter_tQ.root"
02-Mar-2020 16:40:50 CST  Closed input file "../../../runSim/File0/gm2tracker_sim_test_vacuum_20um_fullSeqFit_allTimes.root"

TrigReport ---------- Event  Summary ------------
TrigReport Events total = 95000 passed = 2 failed = 94998

TrigReport ------ Modules in End-Path: end_path ------------
TrigReport  Trig Bit#        Run    Success      Error Name
TrigReport     0    0          2          2          0 o1
TrigReport     0    0      94998      94998          0 o2

TimeReport ---------- Time  Summary ---[sec]----
TimeReport CPU = 174.768432 Real = 306.301408

MemReport  ---------- Memory  Summary ---[base-10 MB]----
MemReport  VmPeak = 1229.72 VmHWM = 389.743

