02-Mar-2020 12:55:48 CST  Initiating request to open input file "../../../runSim/File0/gm2tracker_sim_test_vacuum_20um_fullSeqFit_allTimes.root"
02-Mar-2020 12:55:49 CST  Opened input file "../../../runSim/File0/gm2tracker_sim_test_vacuum_20um_fullSeqFit_allTimes.root"
Begin processing the 1st record. run: 1 subRun: 1 event: 1 at 02-Mar-2020 12:55:54 CST
02-Mar-2020 12:55:54 CST  Opened output file with pattern "passes_filter.root"
02-Mar-2020 12:55:54 CST  Opened output file with pattern "fails_filter.root"
Begin processing the 101st record. run: 1 subRun: 1 event: 101 at 02-Mar-2020 12:55:54 CST
Begin processing the 201st record. run: 1 subRun: 1 event: 201 at 02-Mar-2020 12:55:55 CST
Begin processing the 301st record. run: 1 subRun: 1 event: 301 at 02-Mar-2020 12:55:55 CST
Begin processing the 401st record. run: 1 subRun: 1 event: 401 at 02-Mar-2020 12:55:55 CST
Begin processing the 501st record. run: 1 subRun: 1 event: 501 at 02-Mar-2020 12:55:55 CST
Begin processing the 601st record. run: 1 subRun: 1 event: 601 at 02-Mar-2020 12:55:56 CST
Begin processing the 701st record. run: 1 subRun: 1 event: 701 at 02-Mar-2020 12:55:56 CST
Begin processing the 801st record. run: 1 subRun: 1 event: 801 at 02-Mar-2020 12:55:57 CST
Begin processing the 901st record. run: 1 subRun: 1 event: 901 at 02-Mar-2020 12:55:57 CST
Begin processing the 2000th record. run: 1 subRun: 1 event: 2000 at 02-Mar-2020 12:56:00 CST
Begin processing the 3000th record. run: 1 subRun: 1 event: 3000 at 02-Mar-2020 12:56:02 CST
Begin processing the 5000th record. run: 1 subRun: 1 event: 5000 at 02-Mar-2020 12:56:07 CST
Begin processing the 9000th record. run: 1 subRun: 2 event: 4000 at 02-Mar-2020 12:56:17 CST
Begin processing the 17000th record. run: 1 subRun: 4 event: 2000 at 02-Mar-2020 12:56:38 CST
Begin processing the 33000th record. run: 1 subRun: 7 event: 3000 at 02-Mar-2020 12:57:21 CST
Begin processing the 65000th record. run: 1 subRun: 13 event: 5000 at 02-Mar-2020 12:58:40 CST
02-Mar-2020 12:59:59 CST  Closed output file "passes_filter.root"
02-Mar-2020 13:00:03 CST  Closed output file "fails_filter.root"
02-Mar-2020 13:00:03 CST  Closed input file "../../../runSim/File0/gm2tracker_sim_test_vacuum_20um_fullSeqFit_allTimes.root"

TrigReport ---------- Event  Summary ------------
TrigReport Events total = 95000 passed = 2 failed = 94998

TrigReport ------ Modules in End-Path: end_path ------------
TrigReport  Trig Bit#        Run    Success      Error Name
TrigReport     0    0          2          2          0 o1
TrigReport     0    0      94998      94998          0 o2
TrigReport     0    0      95000      95000          0 nonePlusWrong
TrigReport     0    0      95000      95000          0 oneWrong

TimeReport ---------- Time  Summary ---[sec]----
TimeReport CPU = 193.186631 Real = 253.536370

MemReport  ---------- Memory  Summary ---[base-10 MB]----
MemReport  VmPeak = 1238.08 VmHWM = 463.774

