18-Feb-2020 14:17:10 CST  Initiating request to open input file "../../runSim/File4/gm2tracker_sim_test_perfect.root"
18-Feb-2020 14:17:11 CST  Opened input file "../../runSim/File4/gm2tracker_sim_test_perfect.root"
Begin processing the 1st record. run: 1 subRun: 80 event: 1 at 18-Feb-2020 14:17:16 CST
Begin processing the 101st record. run: 1 subRun: 80 event: 101 at 18-Feb-2020 14:17:16 CST
Begin processing the 201st record. run: 1 subRun: 80 event: 201 at 18-Feb-2020 14:17:17 CST
Begin processing the 301st record. run: 1 subRun: 80 event: 301 at 18-Feb-2020 14:17:17 CST
Begin processing the 401st record. run: 1 subRun: 80 event: 401 at 18-Feb-2020 14:17:17 CST
Begin processing the 501st record. run: 1 subRun: 80 event: 501 at 18-Feb-2020 14:17:18 CST
Begin processing the 601st record. run: 1 subRun: 80 event: 601 at 18-Feb-2020 14:17:18 CST
Begin processing the 701st record. run: 1 subRun: 80 event: 701 at 18-Feb-2020 14:17:18 CST
Begin processing the 801st record. run: 1 subRun: 80 event: 801 at 18-Feb-2020 14:17:18 CST
Begin processing the 901st record. run: 1 subRun: 80 event: 901 at 18-Feb-2020 14:17:18 CST
Begin processing the 2000th record. run: 1 subRun: 80 event: 2000 at 18-Feb-2020 14:17:22 CST
Begin processing the 3000th record. run: 1 subRun: 80 event: 3000 at 18-Feb-2020 14:17:24 CST
Begin processing the 5000th record. run: 1 subRun: 80 event: 5000 at 18-Feb-2020 14:17:29 CST
Begin processing the 9000th record. run: 1 subRun: 81 event: 4000 at 18-Feb-2020 14:17:41 CST
Begin processing the 17000th record. run: 1 subRun: 83 event: 2000 at 18-Feb-2020 14:18:02 CST
Begin processing the 33000th record. run: 1 subRun: 86 event: 3000 at 18-Feb-2020 14:18:46 CST
Begin processing the 65000th record. run: 1 subRun: 92 event: 5000 at 18-Feb-2020 14:20:12 CST
18-Feb-2020 14:21:48 CST  Closed input file "../../runSim/File4/gm2tracker_sim_test_perfect.root"

TrigReport ---------- Event  Summary ------------
TrigReport Events total = 100000 passed = 100000 failed = 0

TrigReport ------ Modules in End-Path: end_path ------------
TrigReport  Trig Bit#        Run    Success      Error Name
TrigReport     0    0     100000     100000          0 nonePlusWrong
TrigReport     0    0     100000     100000          0 noneWrong
TrigReport     0    0     100000     100000          0 onePlusWrong
TrigReport     0    0     100000     100000          0 oneWrong
TrigReport     0    0     100000     100000          0 twoPlusWrong
TrigReport     0    0     100000     100000          0 twoWrong
TrigReport     0    0     100000     100000          0 threePlusWrong
TrigReport     0    0     100000     100000          0 threeWrong
TrigReport     0    0     100000     100000          0 fourPlusWrong
TrigReport     0    0     100000     100000          0 fourWrong
TrigReport     0    0     100000     100000          0 fivePlusWrong
TrigReport     0    0     100000     100000          0 fiveWrong

TimeReport ---------- Time  Summary ---[sec]----
TimeReport CPU = 276.394983 Real = 276.930625

MemReport  ---------- Memory  Summary ---[base-10 MB]----
MemReport  VmPeak = 1190.99 VmHWM = 363.549

