02-Mar-2020 15:41:53 CST  Initiating request to open input file "../../../runSim/File1/gm2tracker_sim_test_vacuum_20um_mainFit_allTimes.root"
02-Mar-2020 15:41:54 CST  Opened input file "../../../runSim/File1/gm2tracker_sim_test_vacuum_20um_mainFit_allTimes.root"
Begin processing the 1st record. run: 1 subRun: 20 event: 1 at 02-Mar-2020 15:42:01 CST
02-Mar-2020 15:42:02 CST  Opened output file with pattern "fails_filter.root"
02-Mar-2020 15:42:02 CST  Opened output file with pattern "passes_filter.root"
Begin processing the 101st record. run: 1 subRun: 20 event: 101 at 02-Mar-2020 15:42:03 CST
Begin processing the 201st record. run: 1 subRun: 20 event: 201 at 02-Mar-2020 15:42:03 CST
Begin processing the 301st record. run: 1 subRun: 20 event: 301 at 02-Mar-2020 15:42:03 CST
Begin processing the 401st record. run: 1 subRun: 20 event: 401 at 02-Mar-2020 15:42:03 CST
Begin processing the 501st record. run: 1 subRun: 20 event: 501 at 02-Mar-2020 15:42:04 CST
Begin processing the 601st record. run: 1 subRun: 20 event: 601 at 02-Mar-2020 15:42:04 CST
Begin processing the 701st record. run: 1 subRun: 20 event: 701 at 02-Mar-2020 15:42:04 CST
Begin processing the 801st record. run: 1 subRun: 20 event: 801 at 02-Mar-2020 15:42:04 CST
Begin processing the 901st record. run: 1 subRun: 20 event: 901 at 02-Mar-2020 15:42:04 CST
Begin processing the 2000th record. run: 1 subRun: 20 event: 2000 at 02-Mar-2020 15:42:08 CST
Begin processing the 3000th record. run: 1 subRun: 20 event: 3000 at 02-Mar-2020 15:42:10 CST
Begin processing the 5000th record. run: 1 subRun: 20 event: 5000 at 02-Mar-2020 15:42:17 CST
Begin processing the 9000th record. run: 1 subRun: 21 event: 4000 at 02-Mar-2020 15:42:31 CST
Begin processing the 17000th record. run: 1 subRun: 23 event: 2000 at 02-Mar-2020 15:42:58 CST
Begin processing the 33000th record. run: 1 subRun: 26 event: 3000 at 02-Mar-2020 15:43:51 CST
Begin processing the 65000th record. run: 1 subRun: 32 event: 5000 at 02-Mar-2020 15:45:41 CST
02-Mar-2020 15:47:45 CST  Closed output file "passes_filter.root"
02-Mar-2020 15:47:49 CST  Closed output file "fails_filter.root"
02-Mar-2020 15:47:49 CST  Closed input file "../../../runSim/File1/gm2tracker_sim_test_vacuum_20um_mainFit_allTimes.root"

TrigReport ---------- Event  Summary ------------
TrigReport Events total = 100000 passed = 4 failed = 99996

TrigReport ------ Modules in End-Path: end_path ------------
TrigReport  Trig Bit#        Run    Success      Error Name
TrigReport     0    0          4          4          0 o1
TrigReport     0    0      99996      99996          0 o2

TimeReport ---------- Time  Summary ---[sec]----
TimeReport CPU = 168.064450 Real = 354.194413

MemReport  ---------- Memory  Summary ---[base-10 MB]----
MemReport  VmPeak = 1231.4 VmHWM = 453.378

