28-Feb-2020 09:41:24 CST  Initiating request to open input file "../../../runSim/File10/gm2tracker_sim_test_vacuum_20um_truthLR_posTimes.root"
28-Feb-2020 09:41:25 CST  Opened input file "../../../runSim/File10/gm2tracker_sim_test_vacuum_20um_truthLR_posTimes.root"
Begin processing the 1st record. run: 1 subRun: 200 event: 1 at 28-Feb-2020 09:41:33 CST
Begin processing the 101st record. run: 1 subRun: 200 event: 101 at 28-Feb-2020 09:41:35 CST
Begin processing the 201st record. run: 1 subRun: 200 event: 201 at 28-Feb-2020 09:41:36 CST
Begin processing the 301st record. run: 1 subRun: 200 event: 301 at 28-Feb-2020 09:41:36 CST
Begin processing the 401st record. run: 1 subRun: 200 event: 401 at 28-Feb-2020 09:41:36 CST
Begin processing the 501st record. run: 1 subRun: 200 event: 501 at 28-Feb-2020 09:41:36 CST
Begin processing the 601st record. run: 1 subRun: 200 event: 601 at 28-Feb-2020 09:41:36 CST
Begin processing the 701st record. run: 1 subRun: 200 event: 701 at 28-Feb-2020 09:41:36 CST
Begin processing the 801st record. run: 1 subRun: 200 event: 801 at 28-Feb-2020 09:41:36 CST
Begin processing the 901st record. run: 1 subRun: 200 event: 901 at 28-Feb-2020 09:41:37 CST
Begin processing the 2000th record. run: 1 subRun: 200 event: 2000 at 28-Feb-2020 09:41:38 CST
Begin processing the 3000th record. run: 1 subRun: 200 event: 3000 at 28-Feb-2020 09:41:39 CST
Begin processing the 5000th record. run: 1 subRun: 200 event: 5000 at 28-Feb-2020 09:41:43 CST
Begin processing the 9000th record. run: 1 subRun: 201 event: 4000 at 28-Feb-2020 09:41:49 CST
Begin processing the 17000th record. run: 1 subRun: 203 event: 2000 at 28-Feb-2020 09:42:02 CST
Begin processing the 33000th record. run: 1 subRun: 206 event: 3000 at 28-Feb-2020 09:42:32 CST
Begin processing the 65000th record. run: 1 subRun: 212 event: 5000 at 28-Feb-2020 09:43:28 CST
28-Feb-2020 09:44:25 CST  Closed input file "../../../runSim/File10/gm2tracker_sim_test_vacuum_20um_truthLR_posTimes.root"

TrigReport ---------- Event  Summary ------------
TrigReport Events total = 100000 passed = 100000 failed = 0

TrigReport ------ Modules in End-Path: end_path ------------
TrigReport  Trig Bit#        Run    Success      Error Name
TrigReport     0    0     100000     100000          0 nonePlusWrong
TrigReport     0    0     100000     100000          0 oneWrong

TimeReport ---------- Time  Summary ---[sec]----
TimeReport CPU = 82.118516 Real = 178.836667

MemReport  ---------- Memory  Summary ---[base-10 MB]----
MemReport  VmPeak = 1192.43 VmHWM = 345.072

