18-Feb-2020 13:58:22 CST  Initiating request to open input file "../../runSim/File0/gm2tracker_sim_test_perfect.root"
18-Feb-2020 13:58:22 CST  Opened input file "../../runSim/File0/gm2tracker_sim_test_perfect.root"
Begin processing the 1st record. run: 1 subRun: 1 event: 1 at 18-Feb-2020 13:58:28 CST
Begin processing the 101st record. run: 1 subRun: 1 event: 101 at 18-Feb-2020 13:58:28 CST
Begin processing the 201st record. run: 1 subRun: 1 event: 201 at 18-Feb-2020 13:58:28 CST
Begin processing the 301st record. run: 1 subRun: 1 event: 301 at 18-Feb-2020 13:58:29 CST
Begin processing the 401st record. run: 1 subRun: 1 event: 401 at 18-Feb-2020 13:58:29 CST
Begin processing the 501st record. run: 1 subRun: 1 event: 501 at 18-Feb-2020 13:58:29 CST
Begin processing the 601st record. run: 1 subRun: 1 event: 601 at 18-Feb-2020 13:58:30 CST
Begin processing the 701st record. run: 1 subRun: 1 event: 701 at 18-Feb-2020 13:58:30 CST
Begin processing the 801st record. run: 1 subRun: 1 event: 801 at 18-Feb-2020 13:58:30 CST
Begin processing the 901st record. run: 1 subRun: 1 event: 901 at 18-Feb-2020 13:58:31 CST
Begin processing the 2000th record. run: 1 subRun: 1 event: 2000 at 18-Feb-2020 13:58:34 CST
Begin processing the 3000th record. run: 1 subRun: 1 event: 3000 at 18-Feb-2020 13:58:36 CST
Begin processing the 5000th record. run: 1 subRun: 1 event: 5000 at 18-Feb-2020 13:58:42 CST
Begin processing the 9000th record. run: 1 subRun: 2 event: 4000 at 18-Feb-2020 13:58:52 CST
Begin processing the 17000th record. run: 1 subRun: 4 event: 2000 at 18-Feb-2020 13:59:15 CST
Begin processing the 33000th record. run: 1 subRun: 7 event: 3000 at 18-Feb-2020 14:00:01 CST
Begin processing the 65000th record. run: 1 subRun: 13 event: 5000 at 18-Feb-2020 14:01:24 CST
18-Feb-2020 14:02:46 CST  Closed input file "../../runSim/File0/gm2tracker_sim_test_perfect.root"

TrigReport ---------- Event  Summary ------------
TrigReport Events total = 95000 passed = 95000 failed = 0

TrigReport ------ Modules in End-Path: end_path ------------
TrigReport  Trig Bit#        Run    Success      Error Name
TrigReport     0    0      95000      95000          0 nonePlusWrong
TrigReport     0    0      95000      95000          0 noneWrong
TrigReport     0    0      95000      95000          0 onePlusWrong
TrigReport     0    0      95000      95000          0 oneWrong
TrigReport     0    0      95000      95000          0 twoPlusWrong
TrigReport     0    0      95000      95000          0 twoWrong
TrigReport     0    0      95000      95000          0 threePlusWrong
TrigReport     0    0      95000      95000          0 threeWrong
TrigReport     0    0      95000      95000          0 fourPlusWrong
TrigReport     0    0      95000      95000          0 fourWrong
TrigReport     0    0      95000      95000          0 fivePlusWrong
TrigReport     0    0      95000      95000          0 fiveWrong

TimeReport ---------- Time  Summary ---[sec]----
TimeReport CPU = 262.628073 Real = 263.165992

MemReport  ---------- Memory  Summary ---[base-10 MB]----
MemReport  VmPeak = 1190.16 VmHWM = 368.14

