25-Feb-2020 11:59:49 CST  Initiating request to open input file "/gm2/app/users/sgrant/analysis/LowDCAs_v2/runSim/File3/gm2tracker_sim_test_perfect_1.0Res_truthLR.root"
25-Feb-2020 11:59:50 CST  Opened input file "/gm2/app/users/sgrant/analysis/LowDCAs_v2/runSim/File3/gm2tracker_sim_test_perfect_1.0Res_truthLR.root"
Begin processing the 1st record. run: 1 subRun: 60 event: 1 at 25-Feb-2020 11:59:57 CST
Begin processing the 101st record. run: 1 subRun: 60 event: 101 at 25-Feb-2020 11:59:57 CST
Begin processing the 201st record. run: 1 subRun: 60 event: 201 at 25-Feb-2020 11:59:57 CST
Begin processing the 301st record. run: 1 subRun: 60 event: 301 at 25-Feb-2020 11:59:57 CST
Begin processing the 401st record. run: 1 subRun: 60 event: 401 at 25-Feb-2020 11:59:57 CST
Begin processing the 501st record. run: 1 subRun: 60 event: 501 at 25-Feb-2020 11:59:57 CST
Begin processing the 601st record. run: 1 subRun: 60 event: 601 at 25-Feb-2020 11:59:57 CST
Begin processing the 701st record. run: 1 subRun: 60 event: 701 at 25-Feb-2020 11:59:57 CST
Begin processing the 801st record. run: 1 subRun: 60 event: 801 at 25-Feb-2020 11:59:57 CST
Begin processing the 901st record. run: 1 subRun: 60 event: 901 at 25-Feb-2020 11:59:58 CST
Begin processing the 2000th record. run: 1 subRun: 60 event: 2000 at 25-Feb-2020 11:59:59 CST
Begin processing the 3000th record. run: 1 subRun: 60 event: 3000 at 25-Feb-2020 11:59:59 CST
Begin processing the 5000th record. run: 1 subRun: 60 event: 5000 at 25-Feb-2020 12:00:01 CST
Begin processing the 9000th record. run: 1 subRun: 61 event: 4000 at 25-Feb-2020 12:00:05 CST
Begin processing the 17000th record. run: 1 subRun: 63 event: 2000 at 25-Feb-2020 12:00:12 CST
Begin processing the 33000th record. run: 1 subRun: 66 event: 3000 at 25-Feb-2020 12:00:27 CST
Begin processing the 65000th record. run: 1 subRun: 72 event: 5000 at 25-Feb-2020 12:00:57 CST
25-Feb-2020 12:01:30 CST  Closed input file "/gm2/app/users/sgrant/analysis/LowDCAs_v2/runSim/File3/gm2tracker_sim_test_perfect_1.0Res_truthLR.root"

TrigReport ---------- Event  Summary ------------
TrigReport Events total = 100000 passed = 100000 failed = 0

TrigReport ------ Modules in End-Path: end_path ------------
TrigReport  Trig Bit#        Run    Success      Error Name
TrigReport     0    0     100000     100000          0 nonePlusWrong
TrigReport     0    0     100000     100000          0 oneWrong

TimeReport ---------- Time  Summary ---[sec]----
TimeReport CPU = 99.047943 Real = 99.440228

MemReport  ---------- Memory  Summary ---[base-10 MB]----
MemReport  VmPeak = 1172.98 VmHWM = 252.686

VmHWM = 324.202

1

