02-Mar-2020 14:17:24 CST  Initiating request to open input file "../../../runSim/File20/gm2tracker_sim_test_vacuum_20um_fullSeqFit_allTimes.root"
02-Mar-2020 14:17:25 CST  Opened input file "../../../runSim/File20/gm2tracker_sim_test_vacuum_20um_fullSeqFit_allTimes.root"
Begin processing the 1st record. run: 1 subRun: 400 event: 1 at 02-Mar-2020 14:17:30 CST
02-Mar-2020 14:17:30 CST  Opened output file with pattern "fails_filter.root"
02-Mar-2020 14:17:30 CST  Opened output file with pattern "passes_filter.root"
Begin processing the 101st record. run: 1 subRun: 400 event: 101 at 02-Mar-2020 14:17:30 CST
Begin processing the 201st record. run: 1 subRun: 400 event: 201 at 02-Mar-2020 14:17:30 CST
Begin processing the 301st record. run: 1 subRun: 400 event: 301 at 02-Mar-2020 14:17:30 CST
Begin processing the 401st record. run: 1 subRun: 400 event: 401 at 02-Mar-2020 14:17:31 CST
Begin processing the 501st record. run: 1 subRun: 400 event: 501 at 02-Mar-2020 14:17:31 CST
Begin processing the 601st record. run: 1 subRun: 400 event: 601 at 02-Mar-2020 14:17:31 CST
Begin processing the 701st record. run: 1 subRun: 400 event: 701 at 02-Mar-2020 14:17:31 CST
Begin processing the 801st record. run: 1 subRun: 400 event: 801 at 02-Mar-2020 14:17:31 CST
Begin processing the 901st record. run: 1 subRun: 400 event: 901 at 02-Mar-2020 14:17:32 CST
Begin processing the 2000th record. run: 1 subRun: 400 event: 2000 at 02-Mar-2020 14:17:34 CST
Begin processing the 3000th record. run: 1 subRun: 400 event: 3000 at 02-Mar-2020 14:17:36 CST
Begin processing the 5000th record. run: 1 subRun: 400 event: 5000 at 02-Mar-2020 14:17:41 CST
Begin processing the 9000th record. run: 1 subRun: 401 event: 4000 at 02-Mar-2020 14:17:49 CST
Begin processing the 17000th record. run: 1 subRun: 403 event: 2000 at 02-Mar-2020 14:18:06 CST
Begin processing the 33000th record. run: 1 subRun: 406 event: 3000 at 02-Mar-2020 14:18:39 CST
Begin processing the 65000th record. run: 1 subRun: 412 event: 5000 at 02-Mar-2020 14:19:47 CST
02-Mar-2020 14:21:00 CST  Closed output file "passes_filter.root"
02-Mar-2020 14:21:04 CST  Closed output file "fails_filter.root"
02-Mar-2020 14:21:04 CST  Closed input file "../../../runSim/File20/gm2tracker_sim_test_vacuum_20um_fullSeqFit_allTimes.root"

TrigReport ---------- Event  Summary ------------
TrigReport Events total = 100000 passed = 1 failed = 99999

TrigReport ------ Modules in End-Path: end_path ------------
TrigReport  Trig Bit#        Run    Success      Error Name
TrigReport     0    0          1          1          0 o1
TrigReport     0    0      99999      99999          0 o2

TimeReport ---------- Time  Summary ---[sec]----
TimeReport CPU = 154.202558 Real = 218.237322

MemReport  ---------- Memory  Summary ---[base-10 MB]----
MemReport  VmPeak = 1240.75 VmHWM = 464.818

