02-Mar-2020 16:53:21 CST  Initiating request to open input file "../../../runSim/File3/gm2tracker_sim_test_vacuum_20um_mainFit_allTimes.root"
02-Mar-2020 16:53:22 CST  Opened input file "../../../runSim/File3/gm2tracker_sim_test_vacuum_20um_mainFit_allTimes.root"
Begin processing the 1st record. run: 1 subRun: 60 event: 1 at 02-Mar-2020 16:53:28 CST
02-Mar-2020 16:53:28 CST  Opened output file with pattern "fails_filter_tQ.root"
02-Mar-2020 16:53:28 CST  Opened output file with pattern "passes_filter_tQ.root"
Begin processing the 101st record. run: 1 subRun: 60 event: 101 at 02-Mar-2020 16:53:28 CST
Begin processing the 201st record. run: 1 subRun: 60 event: 201 at 02-Mar-2020 16:53:29 CST
Begin processing the 301st record. run: 1 subRun: 60 event: 301 at 02-Mar-2020 16:53:29 CST
Begin processing the 401st record. run: 1 subRun: 60 event: 401 at 02-Mar-2020 16:53:29 CST
Begin processing the 501st record. run: 1 subRun: 60 event: 501 at 02-Mar-2020 16:53:29 CST
Begin processing the 601st record. run: 1 subRun: 60 event: 601 at 02-Mar-2020 16:53:30 CST
Begin processing the 701st record. run: 1 subRun: 60 event: 701 at 02-Mar-2020 16:53:30 CST
Begin processing the 801st record. run: 1 subRun: 60 event: 801 at 02-Mar-2020 16:53:30 CST
Begin processing the 901st record. run: 1 subRun: 60 event: 901 at 02-Mar-2020 16:53:31 CST
Begin processing the 2000th record. run: 1 subRun: 60 event: 2000 at 02-Mar-2020 16:53:35 CST
Begin processing the 3000th record. run: 1 subRun: 60 event: 3000 at 02-Mar-2020 16:53:38 CST
Begin processing the 5000th record. run: 1 subRun: 60 event: 5000 at 02-Mar-2020 16:53:44 CST
Begin processing the 9000th record. run: 1 subRun: 61 event: 4000 at 02-Mar-2020 16:53:59 CST
Begin processing the 17000th record. run: 1 subRun: 63 event: 2000 at 02-Mar-2020 16:54:26 CST
Begin processing the 33000th record. run: 1 subRun: 66 event: 3000 at 02-Mar-2020 16:55:21 CST
Begin processing the 65000th record. run: 1 subRun: 72 event: 5000 at 02-Mar-2020 16:57:10 CST
02-Mar-2020 16:59:07 CST  Closed output file "passes_filter_tQ.root"
02-Mar-2020 16:59:11 CST  Closed output file "fails_filter_tQ.root"
02-Mar-2020 16:59:11 CST  Closed input file "../../../runSim/File3/gm2tracker_sim_test_vacuum_20um_mainFit_allTimes.root"

TrigReport ---------- Event  Summary ------------
TrigReport Events total = 100000 passed = 5 failed = 99995

TrigReport ------ Modules in End-Path: end_path ------------
TrigReport  Trig Bit#        Run    Success      Error Name
TrigReport     0    0          5          5          0 o1
TrigReport     0    0      99995      99995          0 o2

TimeReport ---------- Time  Summary ---[sec]----
TimeReport CPU = 191.713855 Real = 348.183631

MemReport  ---------- Memory  Summary ---[base-10 MB]----
MemReport  VmPeak = 1214.78 VmHWM = 384.61

