28-Feb-2020 18:11:19 CST  Initiating request to open input file "../../../runSim/File21/gm2tracker_sim_test_vacuum_20um_fullSeqFit_posTimes.root"
28-Feb-2020 18:11:20 CST  Opened input file "../../../runSim/File21/gm2tracker_sim_test_vacuum_20um_fullSeqFit_posTimes.root"
Begin processing the 1st record. run: 1 subRun: 420 event: 1 at 28-Feb-2020 18:11:26 CST
Begin processing the 101st record. run: 1 subRun: 420 event: 101 at 28-Feb-2020 18:11:27 CST
Begin processing the 201st record. run: 1 subRun: 420 event: 201 at 28-Feb-2020 18:11:27 CST
Begin processing the 301st record. run: 1 subRun: 420 event: 301 at 28-Feb-2020 18:11:27 CST
Begin processing the 401st record. run: 1 subRun: 420 event: 401 at 28-Feb-2020 18:11:27 CST
Begin processing the 501st record. run: 1 subRun: 420 event: 501 at 28-Feb-2020 18:11:27 CST
Begin processing the 601st record. run: 1 subRun: 420 event: 601 at 28-Feb-2020 18:11:27 CST
Begin processing the 701st record. run: 1 subRun: 420 event: 701 at 28-Feb-2020 18:11:27 CST
Begin processing the 801st record. run: 1 subRun: 420 event: 801 at 28-Feb-2020 18:11:27 CST
Begin processing the 901st record. run: 1 subRun: 420 event: 901 at 28-Feb-2020 18:11:28 CST
Begin processing the 2000th record. run: 1 subRun: 420 event: 2000 at 28-Feb-2020 18:11:29 CST
Begin processing the 3000th record. run: 1 subRun: 420 event: 3000 at 28-Feb-2020 18:11:30 CST
Begin processing the 5000th record. run: 1 subRun: 420 event: 5000 at 28-Feb-2020 18:11:32 CST
Begin processing the 9000th record. run: 1 subRun: 421 event: 4000 at 28-Feb-2020 18:11:38 CST
Begin processing the 17000th record. run: 1 subRun: 423 event: 2000 at 28-Feb-2020 18:11:47 CST
Begin processing the 33000th record. run: 1 subRun: 426 event: 3000 at 28-Feb-2020 18:12:08 CST
Begin processing the 65000th record. run: 1 subRun: 432 event: 5000 at 28-Feb-2020 18:12:50 CST
28-Feb-2020 18:13:32 CST  Closed input file "../../../runSim/File21/gm2tracker_sim_test_vacuum_20um_fullSeqFit_posTimes.root"

TrigReport ---------- Event  Summary ------------
TrigReport Events total = 100000 passed = 100000 failed = 0

TrigReport ------ Modules in End-Path: end_path ------------
TrigReport  Trig Bit#        Run    Success      Error Name
TrigReport     0    0     100000     100000          0 nonePlusWrong
TrigReport     0    0     100000     100000          0 oneWrong

TimeReport ---------- Time  Summary ---[sec]----
TimeReport CPU = 66.697860 Real = 131.316206

MemReport  ---------- Memory  Summary ---[base-10 MB]----
MemReport  VmPeak = 1192.4 VmHWM = 355.467

