27-Feb-2020 16:28:59 CST  Initiating request to open input file "../../../runSim/File11/gm2tracker_sim_test_vacuum_20um_mainFit_posTimes.root"
27-Feb-2020 16:29:04 CST  Opened input file "../../../runSim/File11/gm2tracker_sim_test_vacuum_20um_mainFit_posTimes.root"
Begin processing the 1st record. run: 1 subRun: 220 event: 1 at 27-Feb-2020 16:29:15 CST
Begin processing the 101st record. run: 1 subRun: 220 event: 101 at 27-Feb-2020 16:29:16 CST
Begin processing the 201st record. run: 1 subRun: 220 event: 201 at 27-Feb-2020 16:29:17 CST
Begin processing the 301st record. run: 1 subRun: 220 event: 301 at 27-Feb-2020 16:29:17 CST
Begin processing the 401st record. run: 1 subRun: 220 event: 401 at 27-Feb-2020 16:29:17 CST
Begin processing the 501st record. run: 1 subRun: 220 event: 501 at 27-Feb-2020 16:29:17 CST
Begin processing the 601st record. run: 1 subRun: 220 event: 601 at 27-Feb-2020 16:29:17 CST
Begin processing the 701st record. run: 1 subRun: 220 event: 701 at 27-Feb-2020 16:29:17 CST
Begin processing the 801st record. run: 1 subRun: 220 event: 801 at 27-Feb-2020 16:29:17 CST
Begin processing the 901st record. run: 1 subRun: 220 event: 901 at 27-Feb-2020 16:29:18 CST
Begin processing the 2000th record. run: 1 subRun: 220 event: 2000 at 27-Feb-2020 16:29:21 CST
Begin processing the 3000th record. run: 1 subRun: 220 event: 3000 at 27-Feb-2020 16:29:25 CST
Begin processing the 5000th record. run: 1 subRun: 220 event: 5000 at 27-Feb-2020 16:29:32 CST
Begin processing the 9000th record. run: 1 subRun: 221 event: 4000 at 27-Feb-2020 16:29:43 CST
Begin processing the 17000th record. run: 1 subRun: 223 event: 2000 at 27-Feb-2020 16:30:03 CST
Begin processing the 33000th record. run: 1 subRun: 226 event: 3000 at 27-Feb-2020 16:30:45 CST
Begin processing the 65000th record. run: 1 subRun: 232 event: 5000 at 27-Feb-2020 16:31:57 CST
27-Feb-2020 16:32:50 CST  Closed input file "../../../runSim/File11/gm2tracker_sim_test_vacuum_20um_mainFit_posTimes.root"

TrigReport ---------- Event  Summary ------------
TrigReport Events total = 100000 passed = 100000 failed = 0

TrigReport ------ Modules in End-Path: end_path ------------
TrigReport  Trig Bit#        Run    Success      Error Name
TrigReport     0    0     100000     100000          0 nonePlusWrong
TrigReport     0    0     100000     100000          0 oneWrong

TimeReport ---------- Time  Summary ---[sec]----
TimeReport CPU = 73.319854 Real = 224.310869

MemReport  ---------- Memory  Summary ---[base-10 MB]----
MemReport  VmPeak = 1192.35 VmHWM = 341.197

