25-Feb-2020 16:22:44 CST  Initiating request to open input file "/gm2/app/users/sgrant/analysis/LowDCAs_v2/runSim/File12/gm2tracker_sim_test_perfect_nonimalRes_mainFit.root"25-Feb-2020 16:22:45 CST  Opened input file "/gm2/app/users/sgrant/analysis/LowDCAs_v2/runSim/File7/gm2tracker_sim_test_perfect_nonimalRes_mainFit.root"
Begin processing the 1st record. run: 1 subRun: 40 event: 1 at 25-Feb-2020 16:22:54 CST
BegBegin processing the 101st record. run: 1 subRun: 360 event: 101 at 25-Feb-2020 16:22:54 Begin processing the 201st record. run: 1 subRun: 40 event: 201 at 25-Feb-2020 16:22:54 CST
BeginBegin processing the 301st record. run: 1 subRun: 360 event: 301 at 25-Feb-2020 16:22:55 CST
Begin processing the 401st record. run: 1 subRun: 360 event: 401 at 25-Feb-2020 1Begin procesBegin processing the 501st record. run: 1 subRun: 360 event: 501 at 25-Feb-2020Begin processiBegin processing the 601st record. run: 1 subRun: 360 event: 601 at 25-Feb-20Begin processing the 701st record. run: 1 subRun: 1 event: 701 at 25-Feb-2020 16:22:55 CST
Begin processing the 801st record. run: 1 subRun: 1 event: 801 at 25-Feb-2020 16:22:55 CST
Begin processing the 901st record. run: 1 subRun: 1 event: 901 at 25-Feb-2020 16:22:55 CST
Begin processing the 2000th record. run: 1 subRun: 1 event: 2000 at 25-Feb-2020 16:22:56 CST
Begin processing the 3000th record. run: 1 subRun: 1 event: 3000 at 25-Feb-2020 16:22:57 CST
Begin procesBegin processing the 5000th record. run: 1 subRun: 40 event: 5000 at 25-Feb-2020 Begin processBegin processing the 9000th record. run: 1 subRun: 41 event: 4000 at 25-Feb-2020Begin processing the 17000th rBegin processing the 17000th record. run: 1 subRun: 323 event: 2Begin processing the 33000th recBegin processing the 33000th record. run: 1 subRun: 326 event:Begin processing the 65000th recorBegin processing the 65000th record. run: 1 subRun: 332 event25-Feb-2020 16:225-Feb-2020 16:24:225-Feb-2020 16:24:29 CST  Closed input file "/gm2/app/users/sgrant/analysis/LowDCAs_v2/runSim/File16/gm2tracker_sim_test_perfect_nonimalRes_mainFit.root"

TrigReport ---------- Event  Summary ------------
TrigReport Events total = 100000 passed = 100000 failed = 0

TrigReport ------ Modules in End-Path: end_path ------------
TrigReport  Trig Bit#        Run    Success      Error Name
TrigReport     0    0     100000     100000          0 nonePlusWrong
TrigReport     0    0     100000     100000          0 oneWrong

TimeReport ---------- Time  Summary ---[sec]----
TimeReport CPU = 102.123476 Real = 102.868852

MemReport  ---------- Memory  Summary ---[base-10 MB]----
MemReport  VmPeak = 1192.54 VmHWM = 351.511

