02-Mar-2020 15:39:20 CST  Initiating request to open input file "../../../runSim/File0/gm2tracker_sim_test_vacuum_20um_fullSeqFit_posTimes.root"
02-Mar-2020 15:39:20 CST  Opened input file "../../../runSim/File0/gm2tracker_sim_test_vacuum_20um_fullSeqFit_posTimes.root"
Begin processing the 1st record. run: 1 subRun: 1 event: 1 at 02-Mar-2020 15:39:26 CST
02-Mar-2020 15:39:26 CST  Opened output file with pattern "fails_filter.root"
02-Mar-2020 15:39:26 CST  Opened output file with pattern "passes_filter.root"
Begin processing the 101st record. run: 1 subRun: 1 event: 101 at 02-Mar-2020 15:39:26 CST
Begin processing the 201st record. run: 1 subRun: 1 event: 201 at 02-Mar-2020 15:39:26 CST
Begin processing the 301st record. run: 1 subRun: 1 event: 301 at 02-Mar-2020 15:39:26 CST
Begin processing the 401st record. run: 1 subRun: 1 event: 401 at 02-Mar-2020 15:39:27 CST
Begin processing the 501st record. run: 1 subRun: 1 event: 501 at 02-Mar-2020 15:39:27 CST
Begin processing the 601st record. run: 1 subRun: 1 event: 601 at 02-Mar-2020 15:39:27 CST
Begin processing the 701st record. run: 1 subRun: 1 event: 701 at 02-Mar-2020 15:39:27 CST
Begin processing the 801st record. run: 1 subRun: 1 event: 801 at 02-Mar-2020 15:39:28 CST
Begin processing the 901st record. run: 1 subRun: 1 event: 901 at 02-Mar-2020 15:39:28 CST
Begin processing the 2000th record. run: 1 subRun: 1 event: 2000 at 02-Mar-2020 15:39:31 CST
Begin processing the 3000th record. run: 1 subRun: 1 event: 3000 at 02-Mar-2020 15:39:33 CST
Begin processing the 5000th record. run: 1 subRun: 1 event: 5000 at 02-Mar-2020 15:39:38 CST
Begin processing the 9000th record. run: 1 subRun: 2 event: 4000 at 02-Mar-2020 15:39:47 CST
Begin processing the 17000th record. run: 1 subRun: 4 event: 2000 at 02-Mar-2020 15:40:07 CST
Begin processing the 33000th record. run: 1 subRun: 7 event: 3000 at 02-Mar-2020 15:40:46 CST
Begin processing the 65000th record. run: 1 subRun: 13 event: 5000 at 02-Mar-2020 15:42:02 CST
02-Mar-2020 15:43:21 CST  Closed output file "passes_filter.root"
02-Mar-2020 15:43:26 CST  Closed output file "fails_filter.root"
02-Mar-2020 15:43:26 CST  Closed input file "../../../runSim/File0/gm2tracker_sim_test_vacuum_20um_fullSeqFit_posTimes.root"

TrigReport ---------- Event  Summary ------------
TrigReport Events total = 95000 passed = 1 failed = 94999

TrigReport ------ Modules in End-Path: end_path ------------
TrigReport  Trig Bit#        Run    Success      Error Name
TrigReport     0    0          1          1          0 o1
TrigReport     0    0      94999      94999          0 o2

TimeReport ---------- Time  Summary ---[sec]----
TimeReport CPU = 160.097662 Real = 244.296920

MemReport  ---------- Memory  Summary ---[base-10 MB]----
MemReport  VmPeak = 1229.73 VmHWM = 420.139

