27-Feb-2020 00:52:23 CST  Initiating request to open input file "/gm2/app/users/sgrant/analysis/LowDCAs_v2/runSim/File19/gm2tracker_sim_test_vacuum_5um_truthLR.root"
27-Feb-2020 00:52:24 CST  Opened input file "/gm2/app/users/sgrant/analysis/LowDCAs_v2/runSim/File19/gm2tracker_sim_test_vacuum_5um_truthLR.root"
Begin processing the 1st record. run: 1 subRun: 380 event: 1 at 27-Feb-2020 00:52:29 CST
Begin processing the 101st record. run: 1 subRun: 380 event: 101 at 27-Feb-2020 00:52:29 CST
Begin processing the 201st record. run: 1 subRun: 380 event: 201 at 27-Feb-2020 00:52:30 CST
Begin processing the 301st record. run: 1 subRun: 380 event: 301 at 27-Feb-2020 00:52:30 CST
Begin processing the 401st record. run: 1 subRun: 380 event: 401 at 27-Feb-2020 00:52:30 CST
Begin processing the 501st record. run: 1 subRun: 380 event: 501 at 27-Feb-2020 00:52:30 CST
Begin processing the 601st record. run: 1 subRun: 380 event: 601 at 27-Feb-2020 00:52:30 CST
Begin processing the 701st record. run: 1 subRun: 380 event: 701 at 27-Feb-2020 00:52:30 CST
Begin processing the 801st record. run: 1 subRun: 380 event: 801 at 27-Feb-2020 00:52:30 CST
Begin processing the 901st record. run: 1 subRun: 380 event: 901 at 27-Feb-2020 00:52:30 CST
Begin processing the 2000th record. run: 1 subRun: 380 event: 2000 at 27-Feb-2020 00:52:31 CST
Begin processing the 3000th record. run: 1 subRun: 380 event: 3000 at 27-Feb-2020 00:52:32 CST
Begin processing the 5000th record. run: 1 subRun: 380 event: 5000 at 27-Feb-2020 00:52:33 CST
Begin processing the 9000th record. run: 1 subRun: 381 event: 4000 at 27-Feb-2020 00:52:37 CST
Begin processing the 17000th record. run: 1 subRun: 383 event: 2000 at 27-Feb-2020 00:52:42 CST
Begin processing the 33000th record. run: 1 subRun: 386 event: 3000 at 27-Feb-2020 00:52:53 CST
Begin processing the 65000th record. run: 1 subRun: 392 event: 5000 at 27-Feb-2020 00:53:16 CST
27-Feb-2020 00:53:43 CST  Closed input file "/gm2/app/users/sgrant/analysis/LowDCAs_v2/runSim/File19/gm2tracker_sim_test_vacuum_5um_truthLR.root"

TrigReport ---------- Event  Summary ------------
TrigReport Events total = 100000 passed = 100000 failed = 0

TrigReport ------ Modules in End-Path: end_path ------------
TrigReport  Trig Bit#        Run    Success      Error Name
TrigReport     0    0     100000     100000          0 nonePlusWrong
TrigReport     0    0     100000     100000          0 oneWrong

TimeReport ---------- Time  Summary ---[sec]----
TimeReport CPU = 78.232107 Real = 78.441788

MemReport  ---------- Memory  Summary ---[base-10 MB]----
MemReport  VmPeak = 1192.38 VmHWM = 347.329

