11-Mar-2020 11:25:05 CDT  Initiating request to open input file "/gm2/data/users/sgrant/LowDCAs_v2/tracks/vacuum_2um_truthLR_allTimes_noGeom_withBinning.root"
11-Mar-2020 11:25:07 CDT  Opened input file "/gm2/data/users/sgrant/LowDCAs_v2/tracks/vacuum_2um_truthLR_allTimes_noGeom_withBinning.root"
Begin processing the 1st record. run: 1 subRun: 1 event: 1 at 11-Mar-2020 11:25:23 CDT
Begin processing the 101st record. run: 1 subRun: 1 event: 101 at 11-Mar-2020 11:25:24 CDT
Begin processing the 201st record. run: 1 subRun: 1 event: 201 at 11-Mar-2020 11:25:24 CDT
Begin processing the 301st record. run: 1 subRun: 1 event: 301 at 11-Mar-2020 11:25:24 CDT
Begin processing the 401st record. run: 1 subRun: 1 event: 401 at 11-Mar-2020 11:25:24 CDT
Begin processing the 501st record. run: 1 subRun: 1 event: 501 at 11-Mar-2020 11:25:24 CDT
Begin processing the 601st record. run: 1 subRun: 1 event: 601 at 11-Mar-2020 11:25:24 CDT
Begin processing the 701st record. run: 1 subRun: 1 event: 701 at 11-Mar-2020 11:25:25 CDT
Begin processing the 801st record. run: 1 subRun: 1 event: 801 at 11-Mar-2020 11:25:25 CDT
Begin processing the 901st record. run: 1 subRun: 1 event: 901 at 11-Mar-2020 11:25:25 CDT
Begin processing the 2000th record. run: 1 subRun: 1 event: 2000 at 11-Mar-2020 11:25:26 CDT
Begin processing the 3000th record. run: 1 subRun: 1 event: 3000 at 11-Mar-2020 11:25:27 CDT
Begin processing the 5000th record. run: 1 subRun: 1 event: 5000 at 11-Mar-2020 11:25:29 CDT
Begin processing the 9000th record. run: 1 subRun: 2 event: 4000 at 11-Mar-2020 11:25:33 CDT
Begin processing the 17000th record. run: 1 subRun: 4 event: 2000 at 11-Mar-2020 11:25:41 CDT
Begin processing the 33000th record. run: 1 subRun: 7 event: 3000 at 11-Mar-2020 11:25:57 CDT
Begin processing the 65000th record. run: 1 subRun: 13 event: 5000 at 11-Mar-2020 11:26:28 CDT
Begin processing the 129000th record. run: 1 subRun: 26 event: 4000 at 11-Mar-2020 11:27:29 CDT
Begin processing the 257000th record. run: 1 subRun: 52 event: 2000 at 11-Mar-2020 11:29:33 CDT
Begin processing the 513000th record. run: 1 subRun: 103 event: 3000 at 11-Mar-2020 11:33:46 CDT
Begin processing the 1025000th record. run: 1 subRun: 205 event: 5000 at 11-Mar-2020 11:42:20 CDT
Begin processing the 2049000th record. run: 1 subRun: 410 event: 4000 at 11-Mar-2020 12:01:57 CDT
11-Mar-2020 12:11:50 CDT  Closed input file "/gm2/data/users/sgrant/LowDCAs_v2/tracks/vacuum_2um_truthLR_allTimes_noGeom_withBinning.root"

TrigReport ---------- Event  Summary ------------
TrigReport Events total = 2495000 passed = 2495000 failed = 0

TrigReport ------ Modules in End-Path: end_path ------------
TrigReport  Trig Bit#        Run    Success      Error Name
TrigReport     0    0    2495000    2495000          0 nonePlusWrong
TrigReport     0    0    2495000    2495000          0 oneWrong

TimeReport ---------- Time  Summary ---[sec]----
TimeReport CPU = 1733.601452 Real = 2795.796313

MemReport  ---------- Memory  Summary ---[base-10 MB]----
MemReport  VmPeak = 1384.97 VmHWM = 509.94

