02-Mar-2020 17:09:38 CST  Initiating request to open input file "../../../runSim/File6/gm2tracker_sim_test_vacuum_20um_fullSeqFit_allTimes.root"
02-Mar-2020 17:09:38 CST  Opened input file "../../../runSim/File6/gm2tracker_sim_test_vacuum_20um_fullSeqFit_allTimes.root"
Begin processing the 1st record. run: 1 subRun: 120 event: 1 at 02-Mar-2020 17:09:44 CST
02-Mar-2020 17:09:44 CST  Opened output file with pattern "fails_filter_tQ.root"
02-Mar-2020 17:09:44 CST  Opened output file with pattern "passes_filter_tQ.root"
Begin processing the 101st record. run: 1 subRun: 120 event: 101 at 02-Mar-2020 17:09:44 CST
Begin processing the 201st record. run: 1 subRun: 120 event: 201 at 02-Mar-2020 17:09:45 CST
Begin processing the 301st record. run: 1 subRun: 120 event: 301 at 02-Mar-2020 17:09:45 CST
Begin processing the 401st record. run: 1 subRun: 120 event: 401 at 02-Mar-2020 17:09:45 CST
Begin processing the 501st record. run: 1 subRun: 120 event: 501 at 02-Mar-2020 17:09:45 CST
Begin processing the 601st record. run: 1 subRun: 120 event: 601 at 02-Mar-2020 17:09:46 CST
Begin processing the 701st record. run: 1 subRun: 120 event: 701 at 02-Mar-2020 17:09:46 CST
Begin processing the 801st record. run: 1 subRun: 120 event: 801 at 02-Mar-2020 17:09:46 CST
Begin processing the 901st record. run: 1 subRun: 120 event: 901 at 02-Mar-2020 17:09:47 CST
Begin processing the 2000th record. run: 1 subRun: 120 event: 2000 at 02-Mar-2020 17:09:50 CST
Begin processing the 3000th record. run: 1 subRun: 120 event: 3000 at 02-Mar-2020 17:09:54 CST
Begin processing the 5000th record. run: 1 subRun: 120 event: 5000 at 02-Mar-2020 17:10:00 CST
Begin processing the 9000th record. run: 1 subRun: 121 event: 4000 at 02-Mar-2020 17:10:14 CST
Begin processing the 17000th record. run: 1 subRun: 123 event: 2000 at 02-Mar-2020 17:10:41 CST
Begin processing the 33000th record. run: 1 subRun: 126 event: 3000 at 02-Mar-2020 17:11:32 CST
Begin processing the 65000th record. run: 1 subRun: 132 event: 5000 at 02-Mar-2020 17:13:18 CST
02-Mar-2020 17:14:00 CST  Closed input file "../../../runSim/File6/gm2tracker_sim_test_vacuum_20um_fullSeqFit_allTimes.root"

TrigReport ---------- Event  Summary ------------
TrigReport Events total = 78213 passed = 1 failed = 78212

TrigReport ------ Modules in End-Path: end_path ------------
TrigReport  Trig Bit#        Run    Success      Error Name
TrigReport     0    0          1          1          0 o1
TrigReport     0    0      78212      78212          0 o2

TimeReport ---------- Time  Summary ---[sec]----
TimeReport CPU = 141.526485 Real = 260.834757

MemReport  ---------- Memory  Summary ---[base-10 MB]----
MemReport  VmPeak = 1204.24 VmHWM = 390.312

