02-Mar-2020 16:25:13 CST  Initiating request to open input file "../../../runSim/File9/gm2tracker_sim_test_vacuum_20um_fullSeqFit_posTimes.root"
02-Mar-2020 16:25:14 CST  Opened input file "../../../runSim/File9/gm2tracker_sim_test_vacuum_20um_fullSeqFit_posTimes.root"
Begin processing the 1st record. run: 1 subRun: 180 event: 1 at 02-Mar-2020 16:25:19 CST
02-Mar-2020 16:25:19 CST  Opened output file with pattern "fails_filter.root"
02-Mar-2020 16:25:19 CST  Opened output file with pattern "passes_filter.root"
Begin processing the 101st record. run: 1 subRun: 180 event: 101 at 02-Mar-2020 16:25:20 CST
Begin processing the 201st record. run: 1 subRun: 180 event: 201 at 02-Mar-2020 16:25:20 CST
Begin processing the 301st record. run: 1 subRun: 180 event: 301 at 02-Mar-2020 16:25:20 CST
Begin processing the 401st record. run: 1 subRun: 180 event: 401 at 02-Mar-2020 16:25:20 CST
Begin processing the 501st record. run: 1 subRun: 180 event: 501 at 02-Mar-2020 16:25:20 CST
Begin processing the 601st record. run: 1 subRun: 180 event: 601 at 02-Mar-2020 16:25:21 CST
Begin processing the 701st record. run: 1 subRun: 180 event: 701 at 02-Mar-2020 16:25:21 CST
Begin processing the 801st record. run: 1 subRun: 180 event: 801 at 02-Mar-2020 16:25:21 CST
Begin processing the 901st record. run: 1 subRun: 180 event: 901 at 02-Mar-2020 16:25:21 CST
Begin processing the 2000th record. run: 1 subRun: 180 event: 2000 at 02-Mar-2020 16:25:24 CST
Begin processing the 3000th record. run: 1 subRun: 180 event: 3000 at 02-Mar-2020 16:25:26 CST
Begin processing the 5000th record. run: 1 subRun: 180 event: 5000 at 02-Mar-2020 16:25:31 CST
Begin processing the 9000th record. run: 1 subRun: 181 event: 4000 at 02-Mar-2020 16:25:42 CST
Begin processing the 17000th record. run: 1 subRun: 183 event: 2000 at 02-Mar-2020 16:26:02 CST
Begin processing the 33000th record. run: 1 subRun: 186 event: 3000 at 02-Mar-2020 16:26:43 CST
Begin processing the 65000th record. run: 1 subRun: 192 event: 5000 at 02-Mar-2020 16:28:03 CST
02-Mar-2020 16:29:35 CST  Closed output file "passes_filter.root"
02-Mar-2020 16:29:40 CST  Closed output file "fails_filter.root"
02-Mar-2020 16:29:40 CST  Closed input file "../../../runSim/File9/gm2tracker_sim_test_vacuum_20um_fullSeqFit_posTimes.root"

TrigReport ---------- Event  Summary ------------
TrigReport Events total = 100000 passed = 0 failed = 100000

TrigReport ------ Modules in End-Path: end_path ------------
TrigReport  Trig Bit#        Run    Success      Error Name
TrigReport     0    0          0          0          0 o1
TrigReport     0    0     100000     100000          0 o2

TimeReport ---------- Time  Summary ---[sec]----
TimeReport CPU = 171.922863 Real = 268.159426

MemReport  ---------- Memory  Summary ---[base-10 MB]----
MemReport  VmPeak = 1235.68 VmHWM = 409.145

