02-Mar-2020 15:37:56 CST  Initiating request to open input file "../../../runSim/File0/gm2tracker_sim_test_vacuum_20um_mainFit_allTimes.root"
02-Mar-2020 15:37:57 CST  Opened input file "../../../runSim/File0/gm2tracker_sim_test_vacuum_20um_mainFit_allTimes.root"
Begin processing the 1st record. run: 1 subRun: 1 event: 1 at 02-Mar-2020 15:38:02 CST
02-Mar-2020 15:38:02 CST  Opened output file with pattern "passes_filter.root"
02-Mar-2020 15:38:02 CST  Opened output file with pattern "fails_filter.root"
Begin processing the 101st record. run: 1 subRun: 1 event: 101 at 02-Mar-2020 15:38:02 CST
Begin processing the 201st record. run: 1 subRun: 1 event: 201 at 02-Mar-2020 15:38:02 CST
Begin processing the 301st record. run: 1 subRun: 1 event: 301 at 02-Mar-2020 15:38:03 CST
Begin processing the 401st record. run: 1 subRun: 1 event: 401 at 02-Mar-2020 15:38:03 CST
Begin processing the 501st record. run: 1 subRun: 1 event: 501 at 02-Mar-2020 15:38:03 CST
Begin processing the 601st record. run: 1 subRun: 1 event: 601 at 02-Mar-2020 15:38:03 CST
Begin processing the 701st record. run: 1 subRun: 1 event: 701 at 02-Mar-2020 15:38:03 CST
Begin processing the 801st record. run: 1 subRun: 1 event: 801 at 02-Mar-2020 15:38:04 CST
Begin processing the 901st record. run: 1 subRun: 1 event: 901 at 02-Mar-2020 15:38:04 CST
Begin processing the 2000th record. run: 1 subRun: 1 event: 2000 at 02-Mar-2020 15:38:07 CST
Begin processing the 3000th record. run: 1 subRun: 1 event: 3000 at 02-Mar-2020 15:38:09 CST
Begin processing the 5000th record. run: 1 subRun: 1 event: 5000 at 02-Mar-2020 15:38:13 CST
Begin processing the 9000th record. run: 1 subRun: 2 event: 4000 at 02-Mar-2020 15:38:22 CST
Begin processing the 17000th record. run: 1 subRun: 4 event: 2000 at 02-Mar-2020 15:38:40 CST
Begin processing the 33000th record. run: 1 subRun: 7 event: 3000 at 02-Mar-2020 15:39:17 CST
Begin processing the 65000th record. run: 1 subRun: 13 event: 5000 at 02-Mar-2020 15:40:31 CST
02-Mar-2020 15:41:44 CST  Closed output file "passes_filter.root"
02-Mar-2020 15:41:48 CST  Closed output file "fails_filter.root"
02-Mar-2020 15:41:48 CST  Closed input file "../../../runSim/File0/gm2tracker_sim_test_vacuum_20um_mainFit_allTimes.root"

TrigReport ---------- Event  Summary ------------
TrigReport Events total = 95000 passed = 4 failed = 94996

TrigReport ------ Modules in End-Path: end_path ------------
TrigReport  Trig Bit#        Run    Success      Error Name
TrigReport     0    0          4          4          0 o1
TrigReport     0    0      94996      94996          0 o2

TimeReport ---------- Time  Summary ---[sec]----
TimeReport CPU = 156.286241 Real = 230.924693

MemReport  ---------- Memory  Summary ---[base-10 MB]----
MemReport  VmPeak = 1239.64 VmHWM = 412.353

