02-Mar-2020 13:27:02 CST  Initiating request to open input file "../../../runSim/File7/gm2tracker_sim_test_vacuum_20um_fullSeqFit_allTimes.root"
02-Mar-2020 13:27:02 CST  Opened input file "../../../runSim/File7/gm2tracker_sim_test_vacuum_20um_fullSeqFit_allTimes.root"
Begin processing the 1st record. run: 1 subRun: 140 event: 1 at 02-Mar-2020 13:27:07 CST
02-Mar-2020 13:27:07 CST  Opened output file with pattern "passes_filter.root"
02-Mar-2020 13:27:08 CST  Opened output file with pattern "fails_filter.root"
Begin processing the 101st record. run: 1 subRun: 140 event: 101 at 02-Mar-2020 13:27:08 CST
Begin processing the 201st record. run: 1 subRun: 140 event: 201 at 02-Mar-2020 13:27:08 CST
Begin processing the 301st record. run: 1 subRun: 140 event: 301 at 02-Mar-2020 13:27:08 CST
Begin processing the 401st record. run: 1 subRun: 140 event: 401 at 02-Mar-2020 13:27:09 CST
Begin processing the 501st record. run: 1 subRun: 140 event: 501 at 02-Mar-2020 13:27:09 CST
Begin processing the 601st record. run: 1 subRun: 140 event: 601 at 02-Mar-2020 13:27:09 CST
Begin processing the 701st record. run: 1 subRun: 140 event: 701 at 02-Mar-2020 13:27:09 CST
Begin processing the 801st record. run: 1 subRun: 140 event: 801 at 02-Mar-2020 13:27:10 CST
Begin processing the 901st record. run: 1 subRun: 140 event: 901 at 02-Mar-2020 13:27:10 CST
Begin processing the 2000th record. run: 1 subRun: 140 event: 2000 at 02-Mar-2020 13:27:12 CST
Begin processing the 3000th record. run: 1 subRun: 140 event: 3000 at 02-Mar-2020 13:27:15 CST
Begin processing the 5000th record. run: 1 subRun: 140 event: 5000 at 02-Mar-2020 13:27:20 CST
Begin processing the 9000th record. run: 1 subRun: 141 event: 4000 at 02-Mar-2020 13:27:30 CST
Begin processing the 17000th record. run: 1 subRun: 143 event: 2000 at 02-Mar-2020 13:27:51 CST
Begin processing the 33000th record. run: 1 subRun: 146 event: 3000 at 02-Mar-2020 13:28:31 CST
Begin processing the 65000th record. run: 1 subRun: 152 event: 5000 at 02-Mar-2020 13:29:50 CST
02-Mar-2020 13:31:18 CST  Closed output file "passes_filter.root"
02-Mar-2020 13:31:22 CST  Closed output file "fails_filter.root"
02-Mar-2020 13:31:22 CST  Closed input file "../../../runSim/File7/gm2tracker_sim_test_vacuum_20um_fullSeqFit_allTimes.root"

TrigReport ---------- Event  Summary ------------
TrigReport Events total = 100000 passed = 6 failed = 99994

TrigReport ------ Modules in End-Path: end_path ------------
TrigReport  Trig Bit#        Run    Success      Error Name
TrigReport     0    0          6          6          0 o1
TrigReport     0    0      99994      99994          0 o2
TrigReport     0    0     100000     100000          0 nonePlusWrong
TrigReport     0    0     100000     100000          0 oneWrong

TimeReport ---------- Time  Summary ---[sec]----
TimeReport CPU = 194.491433 Real = 258.486431

MemReport  ---------- Memory  Summary ---[base-10 MB]----
MemReport  VmPeak = 1256.23 VmHWM = 480.305

