02-Mar-2020 14:09:55 CST  Initiating request to open input file "../../../runSim/File18/gm2tracker_sim_test_vacuum_20um_fullSeqFit_allTimes.root"
02-Mar-2020 14:09:56 CST  Opened input file "../../../runSim/File18/gm2tracker_sim_test_vacuum_20um_fullSeqFit_allTimes.root"
Begin processing the 1st record. run: 1 subRun: 360 event: 1 at 02-Mar-2020 14:10:01 CST
02-Mar-2020 14:10:01 CST  Opened output file with pattern "passes_filter.root"
02-Mar-2020 14:10:01 CST  Opened output file with pattern "fails_filter.root"
Begin processing the 101st record. run: 1 subRun: 360 event: 101 at 02-Mar-2020 14:10:02 CST
Begin processing the 201st record. run: 1 subRun: 360 event: 201 at 02-Mar-2020 14:10:02 CST
Begin processing the 301st record. run: 1 subRun: 360 event: 301 at 02-Mar-2020 14:10:02 CST
Begin processing the 401st record. run: 1 subRun: 360 event: 401 at 02-Mar-2020 14:10:02 CST
Begin processing the 501st record. run: 1 subRun: 360 event: 501 at 02-Mar-2020 14:10:03 CST
Begin processing the 601st record. run: 1 subRun: 360 event: 601 at 02-Mar-2020 14:10:03 CST
Begin processing the 701st record. run: 1 subRun: 360 event: 701 at 02-Mar-2020 14:10:03 CST
Begin processing the 801st record. run: 1 subRun: 360 event: 801 at 02-Mar-2020 14:10:03 CST
Begin processing the 901st record. run: 1 subRun: 360 event: 901 at 02-Mar-2020 14:10:03 CST
Begin processing the 2000th record. run: 1 subRun: 360 event: 2000 at 02-Mar-2020 14:10:06 CST
Begin processing the 3000th record. run: 1 subRun: 360 event: 3000 at 02-Mar-2020 14:10:08 CST
Begin processing the 5000th record. run: 1 subRun: 360 event: 5000 at 02-Mar-2020 14:10:12 CST
Begin processing the 9000th record. run: 1 subRun: 361 event: 4000 at 02-Mar-2020 14:10:20 CST
Begin processing the 17000th record. run: 1 subRun: 363 event: 2000 at 02-Mar-2020 14:10:37 CST
Begin processing the 33000th record. run: 1 subRun: 366 event: 3000 at 02-Mar-2020 14:11:09 CST
Begin processing the 65000th record. run: 1 subRun: 372 event: 5000 at 02-Mar-2020 14:12:17 CST
02-Mar-2020 14:13:33 CST  Closed output file "passes_filter.root"
02-Mar-2020 14:13:37 CST  Closed output file "fails_filter.root"
02-Mar-2020 14:13:37 CST  Closed input file "../../../runSim/File18/gm2tracker_sim_test_vacuum_20um_fullSeqFit_allTimes.root"

TrigReport ---------- Event  Summary ------------
TrigReport Events total = 100000 passed = 0 failed = 100000

TrigReport ------ Modules in End-Path: end_path ------------
TrigReport  Trig Bit#        Run    Success      Error Name
TrigReport     0    0          0          0          0 o1
TrigReport     0    0     100000     100000          0 o2

TimeReport ---------- Time  Summary ---[sec]----
TimeReport CPU = 155.061427 Real = 219.756740

MemReport  ---------- Memory  Summary ---[base-10 MB]----
MemReport  VmPeak = 1213.5 VmHWM = 441.246

