02-Mar-2020 17:14:16 CST  Initiating request to open input file "../../../runSim/File20/gm2tracker_sim_test_vacuum_20um_fullSeqFit_posTimes.root"
02-Mar-2020 17:14:16 CST  Opened input file "../../../runSim/File20/gm2tracker_sim_test_vacuum_20um_fullSeqFit_posTimes.root"
Begin processing the 1st record. run: 1 subRun: 400 event: 1 at 02-Mar-2020 17:14:23 CST
02-Mar-2020 17:14:23 CST  Opened output file with pattern "fails_filter.root"
02-Mar-2020 17:14:23 CST  Opened output file with pattern "passes_filter.root"
Begin processing the 101st record. run: 1 subRun: 400 event: 101 at 02-Mar-2020 17:14:23 CST
Begin processing the 201st record. run: 1 subRun: 400 event: 201 at 02-Mar-2020 17:14:23 CST
Begin processing the 301st record. run: 1 subRun: 400 event: 301 at 02-Mar-2020 17:14:23 CST
Begin processing the 401st record. run: 1 subRun: 400 event: 401 at 02-Mar-2020 17:14:24 CST
Begin processing the 501st record. run: 1 subRun: 400 event: 501 at 02-Mar-2020 17:14:24 CST
Begin processing the 601st record. run: 1 subRun: 400 event: 601 at 02-Mar-2020 17:14:24 CST
Begin processing the 701st record. run: 1 subRun: 400 event: 701 at 02-Mar-2020 17:14:24 CST
Begin processing the 801st record. run: 1 subRun: 400 event: 801 at 02-Mar-2020 17:14:24 CST
Begin processing the 901st record. run: 1 subRun: 400 event: 901 at 02-Mar-2020 17:14:25 CST
Begin processing the 2000th record. run: 1 subRun: 400 event: 2000 at 02-Mar-2020 17:14:28 CST
02-Mar-2020 17:14:31 CST  Closed input file "../../../runSim/File20/gm2tracker_sim_test_vacuum_20um_fullSeqFit_posTimes.root"

TrigReport ---------- Event  Summary ------------
TrigReport Events total = 2878 passed = 0 failed = 2878

TrigReport ------ Modules in End-Path: end_path ------------
TrigReport  Trig Bit#        Run    Success      Error Name
TrigReport     0    0          0          0          0 o1
TrigReport     0    0       2878       2878          0 o2

TimeReport ---------- Time  Summary ---[sec]----
TimeReport CPU = 9.860501 Real = 13.497224

MemReport  ---------- Memory  Summary ---[base-10 MB]----
MemReport  VmPeak = 1173.25 VmHWM = 308.343

