02-Mar-2020 16:29:44 CST  Initiating request to open input file "../../../runSim/File10/gm2tracker_sim_test_vacuum_20um_fullSeqFit_posTimes.root"
02-Mar-2020 16:29:45 CST  Opened input file "../../../runSim/File10/gm2tracker_sim_test_vacuum_20um_fullSeqFit_posTimes.root"
Begin processing the 1st record. run: 1 subRun: 200 event: 1 at 02-Mar-2020 16:29:50 CST
02-Mar-2020 16:29:50 CST  Opened output file with pattern "passes_filter.root"
02-Mar-2020 16:29:50 CST  Opened output file with pattern "fails_filter.root"
Begin processing the 101st record. run: 1 subRun: 200 event: 101 at 02-Mar-2020 16:29:51 CST
Begin processing the 201st record. run: 1 subRun: 200 event: 201 at 02-Mar-2020 16:29:51 CST
Begin processing the 301st record. run: 1 subRun: 200 event: 301 at 02-Mar-2020 16:29:51 CST
Begin processing the 401st record. run: 1 subRun: 200 event: 401 at 02-Mar-2020 16:29:51 CST
Begin processing the 501st record. run: 1 subRun: 200 event: 501 at 02-Mar-2020 16:29:52 CST
Begin processing the 601st record. run: 1 subRun: 200 event: 601 at 02-Mar-2020 16:29:52 CST
Begin processing the 701st record. run: 1 subRun: 200 event: 701 at 02-Mar-2020 16:29:52 CST
Begin processing the 801st record. run: 1 subRun: 200 event: 801 at 02-Mar-2020 16:29:52 CST
Begin processing the 901st record. run: 1 subRun: 200 event: 901 at 02-Mar-2020 16:29:53 CST
Begin processing the 2000th record. run: 1 subRun: 200 event: 2000 at 02-Mar-2020 16:29:55 CST
Begin processing the 3000th record. run: 1 subRun: 200 event: 3000 at 02-Mar-2020 16:29:57 CST
Begin processing the 5000th record. run: 1 subRun: 200 event: 5000 at 02-Mar-2020 16:30:03 CST
Begin processing the 9000th record. run: 1 subRun: 201 event: 4000 at 02-Mar-2020 16:30:13 CST
Begin processing the 17000th record. run: 1 subRun: 203 event: 2000 at 02-Mar-2020 16:30:33 CST
Begin processing the 33000th record. run: 1 subRun: 206 event: 3000 at 02-Mar-2020 16:31:15 CST
Begin processing the 65000th record. run: 1 subRun: 212 event: 5000 at 02-Mar-2020 16:32:35 CST
02-Mar-2020 16:34:04 CST  Closed output file "passes_filter.root"
02-Mar-2020 16:34:09 CST  Closed output file "fails_filter.root"
02-Mar-2020 16:34:09 CST  Closed input file "../../../runSim/File10/gm2tracker_sim_test_vacuum_20um_fullSeqFit_posTimes.root"

TrigReport ---------- Event  Summary ------------
TrigReport Events total = 100000 passed = 1 failed = 99999

TrigReport ------ Modules in End-Path: end_path ------------
TrigReport  Trig Bit#        Run    Success      Error Name
TrigReport     0    0          1          1          0 o1
TrigReport     0    0      99999      99999          0 o2

TimeReport ---------- Time  Summary ---[sec]----
TimeReport CPU = 168.762345 Real = 263.137307

MemReport  ---------- Memory  Summary ---[base-10 MB]----
MemReport  VmPeak = 1228.57 VmHWM = 395.223

