27-Feb-2020 11:10:43 CST  Initiating request to open input file "/gm2/app/users/sgrant/analysis/LowDCAs_v2/runSim/File3/gm2tracker_sim_test_vacuum_20um_truthLR.root"
27-Feb-2020 11:10:43 CST  Opened input file "/gm2/app/users/sgrant/analysis/LowDCAs_v2/runSim/File3/gm2tracker_sim_test_vacuum_20um_truthLR.root"
Begin processing the 1st record. run: 1 subRun: 60 event: 1 at 27-Feb-2020 11:10:53 CST
Begin processing the 101st record. run: 1 subRun: 60 event: 101 at 27-Feb-2020 11:10:53 CST
Begin processing the 201st record. run: 1 subRun: 60 event: 201 at 27-Feb-2020 11:10:53 CST
Begin processing the 301st record. run: 1 subRun: 60 event: 301 at 27-Feb-2020 11:10:53 CST
Begin processing the 401st record. run: 1 subRun: 60 event: 401 at 27-Feb-2020 11:10:53 CST
Begin processing the 501st record. run: 1 subRun: 60 event: 501 at 27-Feb-2020 11:10:53 CST
Begin processing the 601st record. run: 1 subRun: 60 event: 601 at 27-Feb-2020 11:10:53 CST
Begin processing the 701st record. run: 1 subRun: 60 event: 701 at 27-Feb-2020 11:10:54 CST
Begin processing the 801st record. run: 1 subRun: 60 event: 801 at 27-Feb-2020 11:10:54 CST
Begin processing the 901st record. run: 1 subRun: 60 event: 901 at 27-Feb-2020 11:10:54 CST
Begin processing the 2000th record. run: 1 subRun: 60 event: 2000 at 27-Feb-2020 11:10:55 CST
Begin processing the 3000th record. run: 1 subRun: 60 event: 3000 at 27-Feb-2020 11:10:56 CST
Begin processing the 5000th record. run: 1 subRun: 60 event: 5000 at 27-Feb-2020 11:10:57 CST
Begin processing the 9000th record. run: 1 subRun: 61 event: 4000 at 27-Feb-2020 11:11:01 CST
Begin processing the 17000th record. run: 1 subRun: 63 event: 2000 at 27-Feb-2020 11:11:09 CST
Begin processing the 33000th record. run: 1 subRun: 66 event: 3000 at 27-Feb-2020 11:11:24 CST
Begin processing the 65000th record. run: 1 subRun: 72 event: 5000 at 27-Feb-2020 11:11:53 CST
27-Feb-2020 11:12:23 CST  Closed input file "/gm2/app/users/sgrant/analysis/LowDCAs_v2/runSim/File3/gm2tracker_sim_test_vacuum_20um_truthLR.root"

TrigReport ---------- Event  Summary ------------
TrigReport Events total = 100000 passed = 100000 failed = 0

TrigReport ------ Modules in End-Path: end_path ------------
TrigReport  Trig Bit#        Run    Success      Error Name
TrigReport     0    0     100000     100000          0 nonePlusWrong
TrigReport     0    0     100000     100000          0 oneWrong

TimeReport ---------- Time  Summary ---[sec]----
TimeReport CPU = 98.172076 Real = 98.509845

MemReport  ---------- Memory  Summary ---[base-10 MB]----
MemReport  VmPeak = 1192.65 VmHWM = 263.512

2.41 VmHWM = 331.69

