27-Feb-2020 15:47:02 CST  Initiating request to open input file "../../../runSim/File1/gm2tracker_sim_test_vacuum_20um_mainFit_posTimes.root"
27-Feb-2020 15:47:03 CST  Opened input file "../../../runSim/File1/gm2tracker_sim_test_vacuum_20um_mainFit_posTimes.root"
Begin processing the 1st record. run: 1 subRun: 20 event: 1 at 27-Feb-2020 15:47:11 CST
Begin processing the 101st record. run: 1 subRun: 20 event: 101 at 27-Feb-2020 15:47:12 CST
Begin processing the 201st record. run: 1 subRun: 20 event: 201 at 27-Feb-2020 15:47:12 CST
Begin processing the 301st record. run: 1 subRun: 20 event: 301 at 27-Feb-2020 15:47:12 CST
Begin processing the 401st record. run: 1 subRun: 20 event: 401 at 27-Feb-2020 15:47:12 CST
Begin processing the 501st record. run: 1 subRun: 20 event: 501 at 27-Feb-2020 15:47:12 CST
Begin processing the 601st record. run: 1 subRun: 20 event: 601 at 27-Feb-2020 15:47:12 CST
Begin processing the 701st record. run: 1 subRun: 20 event: 701 at 27-Feb-2020 15:47:12 CST
Begin processing the 801st record. run: 1 subRun: 20 event: 801 at 27-Feb-2020 15:47:12 CST
Begin processing the 901st record. run: 1 subRun: 20 event: 901 at 27-Feb-2020 15:47:13 CST
Begin processing the 2000th record. run: 1 subRun: 20 event: 2000 at 27-Feb-2020 15:47:14 CST
Begin processing the 3000th record. run: 1 subRun: 20 event: 3000 at 27-Feb-2020 15:47:15 CST
Begin processing the 5000th record. run: 1 subRun: 20 event: 5000 at 27-Feb-2020 15:47:17 CST
Begin processing the 9000th record. run: 1 subRun: 21 event: 4000 at 27-Feb-2020 15:47:24 CST
Begin processing the 17000th record. run: 1 subRun: 23 event: 2000 at 27-Feb-2020 15:47:46 CST
Begin processing the 33000th record. run: 1 subRun: 26 event: 3000 at 27-Feb-2020 15:48:20 CST
Begin processing the 65000th record. run: 1 subRun: 32 event: 5000 at 27-Feb-2020 15:49:09 CST
27-Feb-2020 15:50:04 CST  Closed input file "../../../runSim/File1/gm2tracker_sim_test_vacuum_20um_mainFit_posTimes.root"

TrigReport ---------- Event  Summary ------------
TrigReport Events total = 100000 passed = 100000 failed = 0

TrigReport ------ Modules in End-Path: end_path ------------
TrigReport  Trig Bit#        Run    Success      Error Name
TrigReport     0    0     100000     100000          0 nonePlusWrong
TrigReport     0    0     100000     100000          0 oneWrong

TimeReport ---------- Time  Summary ---[sec]----
TimeReport CPU = 78.890007 Real = 179.485583

MemReport  ---------- Memory  Summary ---[base-10 MB]----
MemReport  VmPeak = 1192.4 VmHWM = 346.874

