02-Mar-2020 19:24:28 CST  Initiating request to open input file "/pnfs/GM2/mc/run1_gasgun_1062/runs_1567190000/1567190852/gm2ringsim_muon_gasgun_truth_22551217_1567190852.1.root"
02-Mar-2020 19:24:29 CST  Opened input file "/pnfs/GM2/mc/run1_gasgun_1062/runs_1567190000/1567190852/gm2ringsim_muon_gasgun_truth_22551217_1567190852.1.root"
Begin processing the 1st record. run: 1567190852 subRun: 1 event: 1 at 02-Mar-2020 19:27:15 CST
02-Mar-2020 19:27:15 CST  Opened output file with pattern "gm2tracker_sim_scan_garfield.root"
Begin processing the 101st record. run: 1567190852 subRun: 1 event: 101 at 02-Mar-2020 19:27:20 CST
Begin processing the 201st record. run: 1567190852 subRun: 1 event: 201 at 02-Mar-2020 19:27:27 CST
Begin processing the 301st record. run: 1567190852 subRun: 1 event: 301 at 02-Mar-2020 19:27:35 CST
Begin processing the 401st record. run: 1567190852 subRun: 1 event: 401 at 02-Mar-2020 19:27:38 CST
Begin processing the 501st record. run: 1567190852 subRun: 1 event: 501 at 02-Mar-2020 19:27:44 CST
Begin processing the 601st record. run: 1567190852 subRun: 1 event: 601 at 02-Mar-2020 19:27:52 CST
Begin processing the 701st record. run: 1567190852 subRun: 1 event: 701 at 02-Mar-2020 19:27:57 CST
Begin processing the 801st record. run: 1567190852 subRun: 1 event: 801 at 02-Mar-2020 19:28:01 CST
Begin processing the 901st record. run: 1567190852 subRun: 1 event: 901 at 02-Mar-2020 19:28:05 CST
Begin processing the 2000th record. run: 1567190852 subRun: 1 event: 2000 at 02-Mar-2020 19:29:01 CST
Begin processing the 3000th record. run: 1567190852 subRun: 1 event: 3000 at 02-Mar-2020 19:29:59 CST
Begin processing the 5000th record. run: 1567190852 subRun: 1 event: 5000 at 02-Mar-2020 19:31:53 CST
02-Mar-2020 19:31:58 CST  Closed output file "gm2tracker_sim_scan_garfield.root"
02-Mar-2020 19:31:58 CST  Closed input file "/pnfs/GM2/mc/run1_gasgun_1062/runs_1567190000/1567190852/gm2ringsim_muon_gasgun_truth_22551217_1567190852.1.root"
%MSG-i summary:  ImposeDeadTime:deadTime@EndJob 02-Mar-2020 19:31:58 CST  ModuleEndJob

--------- Tracker Impose Dead Time Report ---------
  Total num digits killed = 0 (of 4197, 0%)
  Total num digits kept = 4197 (of 4197, 100%)
------------------------------------------------

%MSG
%MSG-i summary:  KillStraws:killStraws@EndJob 02-Mar-2020 19:31:58 CST  ModuleEndJob

--------- Tracker Kill Straws Report ---------
  Num straws to kill = 0
  Total num digits killed = 0 (of 4197, 0%)
  Total num digits kept = 4197 (of 4197, 100%)
----------------------------------------------

%MSG
%MSG-i summary:  RemoveFlash:removeFlash@EndJob 02-Mar-2020 19:31:58 CST  ModuleEndJob

--------- Tracker Remove Flash Report ---------
  Total num digits removed = 0 (of 4197, 0%)
  Total num digits kept = 4197 (of 4197, 100%)
----------------------------------------------

%MSG

TrigReport ---------- Event  Summary ------------
TrigReport Events total = 5000 passed = 5000 failed = 0

TrigReport ------ Modules in End-Path: end_path ------------
TrigReport  Trig Bit#        Run    Success      Error Name
TrigReport     0    0       5000       5000          0 out

TimeReport ---------- Time  Summary ---[sec]----
TimeReport CPU = 362.473895 Real = 404.931476

MemReport  ---------- Memory  Summary ---[base-10 MB]----
MemReport  VmPeak = 2094.9 VmHWM = 1112.7

