02-Mar-2020 13:51:00 CST  Initiating request to open input file "../../../runSim/File13/gm2tracker_sim_test_vacuum_20um_fullSeqFit_allTimes.root"
02-Mar-2020 13:51:01 CST  Opened input file "../../../runSim/File13/gm2tracker_sim_test_vacuum_20um_fullSeqFit_allTimes.root"
Begin processing the 1st record. run: 1 subRun: 260 event: 1 at 02-Mar-2020 13:51:06 CST
02-Mar-2020 13:51:06 CST  Opened output file with pattern "fails_filter.root"
02-Mar-2020 13:51:06 CST  Opened output file with pattern "passes_filter.root"
Begin processing the 101st record. run: 1 subRun: 260 event: 101 at 02-Mar-2020 13:51:07 CST
Begin processing the 201st record. run: 1 subRun: 260 event: 201 at 02-Mar-2020 13:51:07 CST
Begin processing the 301st record. run: 1 subRun: 260 event: 301 at 02-Mar-2020 13:51:07 CST
Begin processing the 401st record. run: 1 subRun: 260 event: 401 at 02-Mar-2020 13:51:07 CST
Begin processing the 501st record. run: 1 subRun: 260 event: 501 at 02-Mar-2020 13:51:07 CST
Begin processing the 601st record. run: 1 subRun: 260 event: 601 at 02-Mar-2020 13:51:08 CST
Begin processing the 701st record. run: 1 subRun: 260 event: 701 at 02-Mar-2020 13:51:08 CST
Begin processing the 801st record. run: 1 subRun: 260 event: 801 at 02-Mar-2020 13:51:08 CST
Begin processing the 901st record. run: 1 subRun: 260 event: 901 at 02-Mar-2020 13:51:08 CST
Begin processing the 2000th record. run: 1 subRun: 260 event: 2000 at 02-Mar-2020 13:51:10 CST
Begin processing the 3000th record. run: 1 subRun: 260 event: 3000 at 02-Mar-2020 13:51:12 CST
Begin processing the 5000th record. run: 1 subRun: 260 event: 5000 at 02-Mar-2020 13:51:16 CST
Begin processing the 9000th record. run: 1 subRun: 261 event: 4000 at 02-Mar-2020 13:51:24 CST
Begin processing the 17000th record. run: 1 subRun: 263 event: 2000 at 02-Mar-2020 13:51:41 CST
Begin processing the 33000th record. run: 1 subRun: 266 event: 3000 at 02-Mar-2020 13:52:16 CST
Begin processing the 65000th record. run: 1 subRun: 272 event: 5000 at 02-Mar-2020 13:53:23 CST
02-Mar-2020 13:54:43 CST  Closed output file "passes_filter.root"
02-Mar-2020 13:54:47 CST  Closed output file "fails_filter.root"
02-Mar-2020 13:54:47 CST  Closed input file "../../../runSim/File13/gm2tracker_sim_test_vacuum_20um_fullSeqFit_allTimes.root"

TrigReport ---------- Event  Summary ------------
TrigReport Events total = 100000 passed = 1 failed = 99999

TrigReport ------ Modules in End-Path: end_path ------------
TrigReport  Trig Bit#        Run    Success      Error Name
TrigReport     0    0          1          1          0 o1
TrigReport     0    0      99999      99999          0 o2

TimeReport ---------- Time  Summary ---[sec]----
TimeReport CPU = 155.493362 Real = 225.231126

MemReport  ---------- Memory  Summary ---[base-10 MB]----
MemReport  VmPeak = 1267.07 VmHWM = 498.79

