27-Feb-2020 16:35:38 CST  Initiating request to open input file "../../../runSim/File13/gm2tracker_sim_test_vacuum_20um_mainFit_posTimes.root"
27-Feb-2020 16:35:39 CST  Opened input file "../../../runSim/File13/gm2tracker_sim_test_vacuum_20um_mainFit_posTimes.root"
Begin processing the 1st record. run: 1 subRun: 260 event: 1 at 27-Feb-2020 16:35:46 CST
Begin processing the 101st record. run: 1 subRun: 260 event: 101 at 27-Feb-2020 16:35:47 CST
Begin processing the 201st record. run: 1 subRun: 260 event: 201 at 27-Feb-2020 16:35:47 CST
Begin processing the 301st record. run: 1 subRun: 260 event: 301 at 27-Feb-2020 16:35:47 CST
Begin processing the 401st record. run: 1 subRun: 260 event: 401 at 27-Feb-2020 16:35:47 CST
Begin processing the 501st record. run: 1 subRun: 260 event: 501 at 27-Feb-2020 16:35:47 CST
Begin processing the 601st record. run: 1 subRun: 260 event: 601 at 27-Feb-2020 16:35:47 CST
Begin processing the 701st record. run: 1 subRun: 260 event: 701 at 27-Feb-2020 16:35:48 CST
Begin processing the 801st record. run: 1 subRun: 260 event: 801 at 27-Feb-2020 16:35:48 CST
Begin processing the 901st record. run: 1 subRun: 260 event: 901 at 27-Feb-2020 16:35:48 CST
Begin processing the 2000th record. run: 1 subRun: 260 event: 2000 at 27-Feb-2020 16:35:49 CST
Begin processing the 3000th record. run: 1 subRun: 260 event: 3000 at 27-Feb-2020 16:35:51 CST
Begin processing the 5000th record. run: 1 subRun: 260 event: 5000 at 27-Feb-2020 16:35:54 CST
Begin processing the 9000th record. run: 1 subRun: 261 event: 4000 at 27-Feb-2020 16:35:59 CST
Begin processing the 17000th record. run: 1 subRun: 263 event: 2000 at 27-Feb-2020 16:36:11 CST
Begin processing the 33000th record. run: 1 subRun: 266 event: 3000 at 27-Feb-2020 16:36:36 CST
Begin processing the 65000th record. run: 1 subRun: 272 event: 5000 at 27-Feb-2020 16:37:26 CST
27-Feb-2020 16:38:17 CST  Closed input file "../../../runSim/File13/gm2tracker_sim_test_vacuum_20um_mainFit_posTimes.root"

TrigReport ---------- Event  Summary ------------
TrigReport Events total = 100000 passed = 100000 failed = 0

TrigReport ------ Modules in End-Path: end_path ------------
TrigReport  Trig Bit#        Run    Success      Error Name
TrigReport     0    0     100000     100000          0 nonePlusWrong
TrigReport     0    0     100000     100000          0 oneWrong

TimeReport ---------- Time  Summary ---[sec]----
TimeReport CPU = 73.654803 Real = 157.424451

MemReport  ---------- Memory  Summary ---[base-10 MB]----
MemReport  VmPeak = 1192.43 VmHWM = 298.574

