02-Mar-2020 15:43:30 CST  Initiating request to open input file "../../../runSim/File1/gm2tracker_sim_test_vacuum_20um_fullSeqFit_posTimes.root"
02-Mar-2020 15:43:31 CST  Opened input file "../../../runSim/File1/gm2tracker_sim_test_vacuum_20um_fullSeqFit_posTimes.root"
Begin processing the 1st record. run: 1 subRun: 20 event: 1 at 02-Mar-2020 15:43:36 CST
02-Mar-2020 15:43:36 CST  Opened output file with pattern "passes_filter.root"
02-Mar-2020 15:43:36 CST  Opened output file with pattern "fails_filter.root"
Begin processing the 101st record. run: 1 subRun: 20 event: 101 at 02-Mar-2020 15:43:36 CST
Begin processing the 201st record. run: 1 subRun: 20 event: 201 at 02-Mar-2020 15:43:36 CST
Begin processing the 301st record. run: 1 subRun: 20 event: 301 at 02-Mar-2020 15:43:37 CST
Begin processing the 401st record. run: 1 subRun: 20 event: 401 at 02-Mar-2020 15:43:37 CST
Begin processing the 501st record. run: 1 subRun: 20 event: 501 at 02-Mar-2020 15:43:37 CST
Begin processing the 601st record. run: 1 subRun: 20 event: 601 at 02-Mar-2020 15:43:37 CST
Begin processing the 701st record. run: 1 subRun: 20 event: 701 at 02-Mar-2020 15:43:38 CST
Begin processing the 801st record. run: 1 subRun: 20 event: 801 at 02-Mar-2020 15:43:38 CST
Begin processing the 901st record. run: 1 subRun: 20 event: 901 at 02-Mar-2020 15:43:38 CST
Begin processing the 2000th record. run: 1 subRun: 20 event: 2000 at 02-Mar-2020 15:43:41 CST
Begin processing the 3000th record. run: 1 subRun: 20 event: 3000 at 02-Mar-2020 15:43:43 CST
Begin processing the 5000th record. run: 1 subRun: 20 event: 5000 at 02-Mar-2020 15:43:48 CST
Begin processing the 9000th record. run: 1 subRun: 21 event: 4000 at 02-Mar-2020 15:43:58 CST
Begin processing the 17000th record. run: 1 subRun: 23 event: 2000 at 02-Mar-2020 15:44:18 CST
Begin processing the 33000th record. run: 1 subRun: 26 event: 3000 at 02-Mar-2020 15:44:59 CST
Begin processing the 65000th record. run: 1 subRun: 32 event: 5000 at 02-Mar-2020 15:46:19 CST
02-Mar-2020 15:47:54 CST  Closed output file "passes_filter.root"
02-Mar-2020 15:47:58 CST  Closed output file "fails_filter.root"
02-Mar-2020 15:47:58 CST  Closed input file "../../../runSim/File1/gm2tracker_sim_test_vacuum_20um_fullSeqFit_posTimes.root"

TrigReport ---------- Event  Summary ------------
TrigReport Events total = 100000 passed = 2 failed = 99998

TrigReport ------ Modules in End-Path: end_path ------------
TrigReport  Trig Bit#        Run    Success      Error Name
TrigReport     0    0          2          2          0 o1
TrigReport     0    0      99998      99998          0 o2

TimeReport ---------- Time  Summary ---[sec]----
TimeReport CPU = 166.532683 Real = 266.660889

MemReport  ---------- Memory  Summary ---[base-10 MB]----
MemReport  VmPeak = 1230.14 VmHWM = 451.883

