02-Mar-2020 16:42:44 CST  Initiating request to open input file "../../../runSim/File1/gm2tracker_sim_test_vacuum_20um_fullSeqFit_posTimes.root"
02-Mar-2020 16:42:45 CST  Opened input file "../../../runSim/File1/gm2tracker_sim_test_vacuum_20um_fullSeqFit_posTimes.root"
Begin processing the 1st record. run: 1 subRun: 20 event: 1 at 02-Mar-2020 16:42:51 CST
02-Mar-2020 16:42:51 CST  Opened output file with pattern "fails_filter_tQ.root"
02-Mar-2020 16:42:51 CST  Opened output file with pattern "passes_filter_tQ.root"
Begin processing the 101st record. run: 1 subRun: 20 event: 101 at 02-Mar-2020 16:42:51 CST
Begin processing the 201st record. run: 1 subRun: 20 event: 201 at 02-Mar-2020 16:42:52 CST
Begin processing the 301st record. run: 1 subRun: 20 event: 301 at 02-Mar-2020 16:42:52 CST
Begin processing the 401st record. run: 1 subRun: 20 event: 401 at 02-Mar-2020 16:42:52 CST
Begin processing the 501st record. run: 1 subRun: 20 event: 501 at 02-Mar-2020 16:42:53 CST
Begin processing the 601st record. run: 1 subRun: 20 event: 601 at 02-Mar-2020 16:42:53 CST
Begin processing the 701st record. run: 1 subRun: 20 event: 701 at 02-Mar-2020 16:42:53 CST
Begin processing the 801st record. run: 1 subRun: 20 event: 801 at 02-Mar-2020 16:42:53 CST
Begin processing the 901st record. run: 1 subRun: 20 event: 901 at 02-Mar-2020 16:42:54 CST
Begin processing the 2000th record. run: 1 subRun: 20 event: 2000 at 02-Mar-2020 16:42:57 CST
Begin processing the 3000th record. run: 1 subRun: 20 event: 3000 at 02-Mar-2020 16:43:00 CST
Begin processing the 5000th record. run: 1 subRun: 20 event: 5000 at 02-Mar-2020 16:43:06 CST
Begin processing the 9000th record. run: 1 subRun: 21 event: 4000 at 02-Mar-2020 16:43:19 CST
Begin processing the 17000th record. run: 1 subRun: 23 event: 2000 at 02-Mar-2020 16:43:46 CST
Begin processing the 33000th record. run: 1 subRun: 26 event: 3000 at 02-Mar-2020 16:44:39 CST
Begin processing the 65000th record. run: 1 subRun: 32 event: 5000 at 02-Mar-2020 16:46:20 CST
02-Mar-2020 16:48:17 CST  Closed output file "passes_filter_tQ.root"
02-Mar-2020 16:48:23 CST  Closed output file "fails_filter_tQ.root"
02-Mar-2020 16:48:23 CST  Closed input file "../../../runSim/File1/gm2tracker_sim_test_vacuum_20um_fullSeqFit_posTimes.root"

TrigReport ---------- Event  Summary ------------
TrigReport Events total = 100000 passed = 2 failed = 99998

TrigReport ------ Modules in End-Path: end_path ------------
TrigReport  Trig Bit#        Run    Success      Error Name
TrigReport     0    0          2          2          0 o1
TrigReport     0    0      99998      99998          0 o2

TimeReport ---------- Time  Summary ---[sec]----
TimeReport CPU = 189.553183 Real = 336.485277

MemReport  ---------- Memory  Summary ---[base-10 MB]----
MemReport  VmPeak = 1230.42 VmHWM = 452.329

