07-Feb-2020 09:06:42 CST  Initiating request to open input file "/pnfs/GM2/mc/run1_gasgun_1062/runs_1567190000/1567190852/gm2ringsim_muon_gasgun_truth_22551206_1567190852.1.root"
07-Feb-2020 09:06:43 CST  Opened input file "/pnfs/GM2/mc/run1_gasgun_1062/runs_1567190000/1567190852/gm2ringsim_muon_gasgun_truth_22551206_1567190852.1.root"
Begin processing the 1st record. run: 1567190852 subRun: 1 event: 1 at 07-Feb-2020 09:09:56 CST
07-Feb-2020 09:09:58 CST  Opened output file with pattern "gm2tracker_sim_scan_perfect_2.root"
Begin processing the 101st record. run: 1567190852 subRun: 1 event: 101 at 07-Feb-2020 09:10:04 CST
Begin processing the 201st record. run: 1567190852 subRun: 1 event: 201 at 07-Feb-2020 09:10:18 CST
Begin processing the 301st record. run: 1567190852 subRun: 1 event: 301 at 07-Feb-2020 09:10:23 CST
Begin processing the 401st record. run: 1567190852 subRun: 1 event: 401 at 07-Feb-2020 09:10:29 CST
Begin processing the 501st record. run: 1567190852 subRun: 1 event: 501 at 07-Feb-2020 09:10:44 CST
Begin processing the 601st record. run: 1567190852 subRun: 1 event: 601 at 07-Feb-2020 09:10:56 CST
Begin processing the 701st record. run: 1567190852 subRun: 1 event: 701 at 07-Feb-2020 09:10:58 CST
Begin processing the 801st record. run: 1567190852 subRun: 1 event: 801 at 07-Feb-2020 09:11:03 CST
Begin processing the 901st record. run: 1567190852 subRun: 1 event: 901 at 07-Feb-2020 09:11:13 CST
Begin processing the 2000th record. run: 1567190852 subRun: 1 event: 2000 at 07-Feb-2020 09:12:31 CST
Begin processing the 3000th record. run: 1567190852 subRun: 1 event: 3000 at 07-Feb-2020 09:13:38 CST
Begin processing the 5000th record. run: 1567190852 subRun: 1 event: 5000 at 07-Feb-2020 09:16:02 CST
07-Feb-2020 09:16:06 CST  Closed output file "gm2tracker_sim_scan_perfect_2.root"
07-Feb-2020 09:16:06 CST  Closed input file "/pnfs/GM2/mc/run1_gasgun_1062/runs_1567190000/1567190852/gm2ringsim_muon_gasgun_truth_22551206_1567190852.1.root"
%MSG-i summary:  ImposeDeadTime:deadTime@EndJob 07-Feb-2020 09:16:06 CST  ModuleEndJob

--------- Tracker Impose Dead Time Report ---------
  Total num digits killed = 0 (of 2532, 0%)
  Total num digits kept = 2532 (of 2532, 100%)
------------------------------------------------

%MSG
%MSG-i summary:  KillStraws:killStraws@EndJob 07-Feb-2020 09:16:06 CST  ModuleEndJob

--------- Tracker Kill Straws Report ---------
  Num straws to kill = 0
  Total num digits killed = 0 (of 2532, 0%)
  Total num digits kept = 2532 (of 2532, 100%)
----------------------------------------------

%MSG
%MSG-i summary:  RemoveFlash:removeFlash@EndJob 07-Feb-2020 09:16:06 CST  ModuleEndJob

--------- Tracker Remove Flash Report ---------
  Total num digits removed = 0 (of 2532, 0%)
  Total num digits kept = 2532 (of 2532, 100%)
----------------------------------------------

%MSG

TrigReport ---------- Event  Summary ------------
TrigReport Events total = 5000 passed = 5000 failed = 0

TrigReport ------ Modules in End-Path: end_path ------------
TrigReport  Trig Bit#        Run    Success      Error Name
TrigReport     0    0       5000       5000          0 out

TimeReport ---------- Time  Summary ---[sec]----
TimeReport CPU = 414.917922 Real = 520.158051

MemReport  ---------- Memory  Summary ---[base-10 MB]----
MemReport  VmPeak = 2095.22 VmHWM = 1142.3

