28-Feb-2020 10:13:29 CST  Initiating request to open input file "../../../runSim/File23/gm2tracker_sim_test_vacuum_20um_mainFit_allTimes.root"
28-Feb-2020 10:13:30 CST  Opened input file "../../../runSim/File23/gm2tracker_sim_test_vacuum_20um_mainFit_allTimes.root"
Begin processing the 1st record. run: 1 subRun: 460 event: 1 at 28-Feb-2020 10:13:38 CST
Begin processing the 101st record. run: 1 subRun: 460 event: 101 at 28-Feb-2020 10:13:39 CST
Begin processing the 201st record. run: 1 subRun: 460 event: 201 at 28-Feb-2020 10:13:39 CST
Begin processing the 301st record. run: 1 subRun: 460 event: 301 at 28-Feb-2020 10:13:39 CST
Begin processing the 401st record. run: 1 subRun: 460 event: 401 at 28-Feb-2020 10:13:39 CST
Begin processing the 501st record. run: 1 subRun: 460 event: 501 at 28-Feb-2020 10:13:39 CST
Begin processing the 601st record. run: 1 subRun: 460 event: 601 at 28-Feb-2020 10:13:39 CST
Begin processing the 701st record. run: 1 subRun: 460 event: 701 at 28-Feb-2020 10:13:39 CST
Begin processing the 801st record. run: 1 subRun: 460 event: 801 at 28-Feb-2020 10:13:39 CST
Begin processing the 901st record. run: 1 subRun: 460 event: 901 at 28-Feb-2020 10:13:39 CST
Begin processing the 2000th record. run: 1 subRun: 460 event: 2000 at 28-Feb-2020 10:13:41 CST
Begin processing the 3000th record. run: 1 subRun: 460 event: 3000 at 28-Feb-2020 10:13:42 CST
Begin processing the 5000th record. run: 1 subRun: 460 event: 5000 at 28-Feb-2020 10:13:45 CST
Begin processing the 9000th record. run: 1 subRun: 461 event: 4000 at 28-Feb-2020 10:13:52 CST
Begin processing the 17000th record. run: 1 subRun: 463 event: 2000 at 28-Feb-2020 10:14:06 CST
Begin processing the 33000th record. run: 1 subRun: 466 event: 3000 at 28-Feb-2020 10:14:29 CST
Begin processing the 65000th record. run: 1 subRun: 472 event: 5000 at 28-Feb-2020 10:15:20 CST
28-Feb-2020 10:16:16 CST  Closed input file "../../../runSim/File23/gm2tracker_sim_test_vacuum_20um_mainFit_allTimes.root"

TrigReport ---------- Event  Summary ------------
TrigReport Events total = 100000 passed = 100000 failed = 0

TrigReport ------ Modules in End-Path: end_path ------------
TrigReport  Trig Bit#        Run    Success      Error Name
TrigReport     0    0     100000     100000          0 nonePlusWrong
TrigReport     0    0     100000     100000          0 oneWrong

TimeReport ---------- Time  Summary ---[sec]----
TimeReport CPU = 76.617352 Real = 165.021561

MemReport  ---------- Memory  Summary ---[base-10 MB]----
MemReport  VmPeak = 1192.37 VmHWM = 347.455

