02-Mar-2020 20:51:23 CST  Initiating request to open input file "/home/sgrant/gm2offline_unpacked_subrun_15922.root"
02-Mar-2020 20:51:23 CST  Opened input file "/home/sgrant/gm2offline_unpacked_subrun_15922.root"
Begin processing the 1st record. run: 15922 subRun: 246 event: 1 at 02-Mar-2020 21:00:40 CST
02-Mar-2020 21:00:40 CST  Opened output file with pattern "gm2tracker_reco_scan.root"
Begin processing the 101st record. run: 15922 subRun: 246 event: 101 at 03-Mar-2020 00:10:13 CST
03-Mar-2020 01:50:54 CST  Closed output file "gm2tracker_reco_scan.root"
03-Mar-2020 01:50:54 CST  Closed input file "/home/sgrant/gm2offline_unpacked_subrun_15922.root"
%MSG-i summary:  ImposeDeadTime:deadTime@EndJob 03-Mar-2020 01:50:54 CST  ModuleEndJob

--------- Tracker Impose Dead Time Report ---------
  Total num digits killed = 28032 (of 579069, 4.84087%)
  Total num digits kept = 551037 (of 579069, 95.1591%)
------------------------------------------------

%MSG
%MSG-i summary:  KillStraws:killStraws@EndJob 03-Mar-2020 01:50:54 CST  ModuleEndJob

--------- Tracker Kill Straws Report ---------
  Num straws to kill = 0
  Total num digits killed = 0 (of 579069, 0%)
  Total num digits kept = 579069 (of 579069, 100%)
----------------------------------------------

%MSG
%MSG-i summary:  RemoveFlash:removeFlash@EndJob 03-Mar-2020 01:50:54 CST  ModuleEndJob

--------- Tracker Remove Flash Report ---------
  Total num digits removed = 0 (of 579069, 0%)
  Total num digits kept = 579069 (of 579069, 100%)
----------------------------------------------

%MSG

TrigReport ---------- Event  Summary ------------
TrigReport Events total = 154 passed = 71 failed = 83

TrigReport ------ Modules in End-Path: end_path ------------
TrigReport  Trig Bit#        Run    Success      Error Name
TrigReport     0    0         71         71          0 out

TimeReport ---------- Time  Summary ---[sec]----
TimeReport CPU = 17271.616315 Real = 17901.751770

MemReport  ---------- Memory  Summary ---[base-10 MB]----
MemReport  VmPeak = 3741.84 VmHWM = 2777.48

