04-Feb-2020 14:38:49 CST  Initiating request to open input file "../../runSim/File209/gm2tracker_sim_scan.root"
04-Feb-2020 14:38:49 CST  Opened input file "../../runSim/File209/gm2tracker_sim_scan.root"
Begin processing the 1st record. run: 1567190852 subRun: 1 event: 1 at 04-Feb-2020 14:38:54 CST
Begin processing the 101st record. run: 1567190852 subRun: 1 event: 101 at 04-Feb-2020 14:38:54 CST
Begin processing the 201st record. run: 1567190852 subRun: 1 event: 201 at 04-Feb-2020 14:38:54 CST
Begin processing the 301st record. run: 1567190852 subRun: 1 event: 301 at 04-Feb-2020 14:38:54 CST
Begin processing the 401st record. run: 1567190852 subRun: 1 event: 401 at 04-Feb-2020 14:38:54 CST
Begin processing the 501st record. run: 1567190852 subRun: 1 event: 501 at 04-Feb-2020 14:38:54 CST
Begin processing the 601st record. run: 1567190852 subRun: 1 event: 601 at 04-Feb-2020 14:38:54 CST
Begin processing the 701st record. run: 1567190852 subRun: 1 event: 701 at 04-Feb-2020 14:38:54 CST
Begin processing the 801st record. run: 1567190852 subRun: 1 event: 801 at 04-Feb-2020 14:38:54 CST
Begin processing the 901st record. run: 1567190852 subRun: 1 event: 901 at 04-Feb-2020 14:38:54 CST
Begin processing the 2000th record. run: 1567190852 subRun: 1 event: 2000 at 04-Feb-2020 14:38:55 CST
Begin processing the 3000th record. run: 1567190852 subRun: 1 event: 3000 at 04-Feb-2020 14:38:55 CST
Begin processing the 5000th record. run: 1567190852 subRun: 1 event: 5000 at 04-Feb-2020 14:38:56 CST
04-Feb-2020 14:38:56 CST  Closed input file "../../runSim/File209/gm2tracker_sim_scan.root"

TrigReport ---------- Event  Summary ------------
TrigReport Events total = 5000 passed = 5000 failed = 0

TrigReport ------ Modules in End-Path: end_path ------------
TrigReport  Trig Bit#        Run    Success      Error Name
TrigReport     0    0       5000       5000          0 nonePlusWrong
TrigReport     0    0       5000       5000          0 twoWrong

TimeReport ---------- Time  Summary ---[sec]----
TimeReport CPU = 5.859109 Real = 5.885643

MemReport  ---------- Memory  Summary ---[base-10 MB]----
MemReport  VmPeak = 1172 VmHWM = 320.815

