28-Feb-2020 18:18:13 CST  Initiating request to open input file "../../../runSim/File24/gm2tracker_sim_test_vacuum_20um_fullSeqFit_posTimes.root"
28-Feb-2020 18:18:13 CST  Opened input file "../../../runSim/File24/gm2tracker_sim_test_vacuum_20um_fullSeqFit_posTimes.root"
Begin processing the 1st record. run: 1 subRun: 480 event: 1 at 28-Feb-2020 18:18:20 CST
Begin processing the 101st record. run: 1 subRun: 480 event: 101 at 28-Feb-2020 18:18:20 CST
Begin processing the 201st record. run: 1 subRun: 480 event: 201 at 28-Feb-2020 18:18:20 CST
Begin processing the 301st record. run: 1 subRun: 480 event: 301 at 28-Feb-2020 18:18:21 CST
Begin processing the 401st record. run: 1 subRun: 480 event: 401 at 28-Feb-2020 18:18:21 CST
Begin processing the 501st record. run: 1 subRun: 480 event: 501 at 28-Feb-2020 18:18:21 CST
Begin processing the 601st record. run: 1 subRun: 480 event: 601 at 28-Feb-2020 18:18:21 CST
Begin processing the 701st record. run: 1 subRun: 480 event: 701 at 28-Feb-2020 18:18:21 CST
Begin processing the 801st record. run: 1 subRun: 480 event: 801 at 28-Feb-2020 18:18:21 CST
Begin processing the 901st record. run: 1 subRun: 480 event: 901 at 28-Feb-2020 18:18:21 CST
Begin processing the 2000th record. run: 1 subRun: 480 event: 2000 at 28-Feb-2020 18:18:22 CST
Begin processing the 3000th record. run: 1 subRun: 480 event: 3000 at 28-Feb-2020 18:18:23 CST
Begin processing the 5000th record. run: 1 subRun: 480 event: 5000 at 28-Feb-2020 18:18:26 CST
Begin processing the 9000th record. run: 1 subRun: 481 event: 4000 at 28-Feb-2020 18:18:31 CST
Begin processing the 17000th record. run: 1 subRun: 483 event: 2000 at 28-Feb-2020 18:18:41 CST
Begin processing the 33000th record. run: 1 subRun: 486 event: 3000 at 28-Feb-2020 18:19:02 CST
Begin processing the 65000th record. run: 1 subRun: 492 event: 5000 at 28-Feb-2020 18:19:40 CST
28-Feb-2020 18:20:23 CST  Closed input file "../../../runSim/File24/gm2tracker_sim_test_vacuum_20um_fullSeqFit_posTimes.root"

TrigReport ---------- Event  Summary ------------
TrigReport Events total = 100000 passed = 100000 failed = 0

TrigReport ------ Modules in End-Path: end_path ------------
TrigReport  Trig Bit#        Run    Success      Error Name
TrigReport     0    0     100000     100000          0 nonePlusWrong
TrigReport     0    0     100000     100000          0 oneWrong

TimeReport ---------- Time  Summary ---[sec]----
TimeReport CPU = 66.656867 Real = 128.777583

MemReport  ---------- Memory  Summary ---[base-10 MB]----
MemReport  VmPeak = 1192.4 VmHWM = 349.864

