02-Mar-2020 17:16:26 CST  Initiating request to open input file "../../../runSim/File24/gm2tracker_sim_test_vacuum_20um_fullSeqFit_posTimes.root"
02-Mar-2020 17:16:26 CST  Opened input file "../../../runSim/File24/gm2tracker_sim_test_vacuum_20um_fullSeqFit_posTimes.root"
Begin processing the 1st record. run: 1 subRun: 480 event: 1 at 02-Mar-2020 17:16:31 CST
02-Mar-2020 17:16:31 CST  Opened output file with pattern "passes_filter_tQ.root"
02-Mar-2020 17:16:31 CST  Opened output file with pattern "fails_filter_tQ.root"
Begin processing the 101st record. run: 1 subRun: 480 event: 101 at 02-Mar-2020 17:16:32 CST
Begin processing the 201st record. run: 1 subRun: 480 event: 201 at 02-Mar-2020 17:16:32 CST
Begin processing the 301st record. run: 1 subRun: 480 event: 301 at 02-Mar-2020 17:16:32 CST
Begin processing the 401st record. run: 1 subRun: 480 event: 401 at 02-Mar-2020 17:16:32 CST
Begin processing the 501st record. run: 1 subRun: 480 event: 501 at 02-Mar-2020 17:16:32 CST
Begin processing the 601st record. run: 1 subRun: 480 event: 601 at 02-Mar-2020 17:16:33 CST
Begin processing the 701st record. run: 1 subRun: 480 event: 701 at 02-Mar-2020 17:16:33 CST
Begin processing the 801st record. run: 1 subRun: 480 event: 801 at 02-Mar-2020 17:16:33 CST
Begin processing the 901st record. run: 1 subRun: 480 event: 901 at 02-Mar-2020 17:16:33 CST
02-Mar-2020 17:16:33 CST  Closed input file "../../../runSim/File24/gm2tracker_sim_test_vacuum_20um_fullSeqFit_posTimes.root"

TrigReport ---------- Event  Summary ------------
TrigReport Events total = 969 passed = 0 failed = 969

TrigReport ------ Modules in End-Path: end_path ------------
TrigReport  Trig Bit#        Run    Success      Error Name
TrigReport     0    0          0          0          0 o1
TrigReport     0    0        969        969          0 o2

TimeReport ---------- Time  Summary ---[sec]----
TimeReport CPU = 5.579151 Real = 6.188047

MemReport  ---------- Memory  Summary ---[base-10 MB]----
MemReport  VmPeak = 1173.25 VmHWM = 359.809

