27-Feb-2020 15:53:09 CST  Initiating request to open input file "../../../runSim/File3/gm2tracker_sim_test_vacuum_20um_mainFit_posTimes.root"
27-Feb-2020 15:53:11 CST  Opened input file "../../../runSim/File3/gm2tracker_sim_test_vacuum_20um_mainFit_posTimes.root"
Begin processing the 1st record. run: 1 subRun: 60 event: 1 at 27-Feb-2020 15:53:23 CST
Begin processing the 101st record. run: 1 subRun: 60 event: 101 at 27-Feb-2020 15:53:26 CST
Begin processing the 201st record. run: 1 subRun: 60 event: 201 at 27-Feb-2020 15:53:26 CST
Begin processing the 301st record. run: 1 subRun: 60 event: 301 at 27-Feb-2020 15:53:27 CST
Begin processing the 401st record. run: 1 subRun: 60 event: 401 at 27-Feb-2020 15:53:27 CST
Begin processing the 501st record. run: 1 subRun: 60 event: 501 at 27-Feb-2020 15:53:27 CST
Begin processing the 601st record. run: 1 subRun: 60 event: 601 at 27-Feb-2020 15:53:27 CST
Begin processing the 701st record. run: 1 subRun: 60 event: 701 at 27-Feb-2020 15:53:28 CST
Begin processing the 801st record. run: 1 subRun: 60 event: 801 at 27-Feb-2020 15:53:28 CST
Begin processing the 901st record. run: 1 subRun: 60 event: 901 at 27-Feb-2020 15:53:28 CST
Begin processing the 2000th record. run: 1 subRun: 60 event: 2000 at 27-Feb-2020 15:53:31 CST
Begin processing the 3000th record. run: 1 subRun: 60 event: 3000 at 27-Feb-2020 15:53:34 CST
Begin processing the 5000th record. run: 1 subRun: 60 event: 5000 at 27-Feb-2020 15:53:39 CST
Begin processing the 9000th record. run: 1 subRun: 61 event: 4000 at 27-Feb-2020 15:53:52 CST
Begin processing the 17000th record. run: 1 subRun: 63 event: 2000 at 27-Feb-2020 15:54:13 CST
Begin processing the 33000th record. run: 1 subRun: 66 event: 3000 at 27-Feb-2020 15:54:54 CST
Begin processing the 65000th record. run: 1 subRun: 72 event: 5000 at 27-Feb-2020 15:56:42 CST
27-Feb-2020 15:58:36 CST  Closed input file "../../../runSim/File3/gm2tracker_sim_test_vacuum_20um_mainFit_posTimes.root"

TrigReport ---------- Event  Summary ------------
TrigReport Events total = 100000 passed = 100000 failed = 0

TrigReport ------ Modules in End-Path: end_path ------------
TrigReport  Trig Bit#        Run    Success      Error Name
TrigReport     0    0     100000     100000          0 nonePlusWrong
TrigReport     0    0     100000     100000          0 oneWrong

TimeReport ---------- Time  Summary ---[sec]----
TimeReport CPU = 87.036769 Real = 322.378494

MemReport  ---------- Memory  Summary ---[base-10 MB]----
MemReport  VmPeak = 1192.44 VmHWM = 341.897

