03-Feb-2020 10:01:49 CST  Initiating request to open input file "/pnfs/GM2/mc/run1_gasgun_1062/runs_1567190000/1567190852/gm2ringsim_muon_gasgun_truth_22551224_1567190852.1.root"
03-Feb-2020 10:01:50 CST  Opened input file "/pnfs/GM2/mc/run1_gasgun_1062/runs_1567190000/1567190852/gm2ringsim_muon_gasgun_truth_22551224_1567190852.1.root"
Begin processing the 1st record. run: 1567190852 subRun: 1 event: 1 at 03-Feb-2020 10:05:17 CST
03-Feb-2020 10:05:17 CST  Opened output file with pattern "gm2tracker_sim_scan_truth_t0.root"
Begin processing the 101st record. run: 1567190852 subRun: 1 event: 101 at 03-Feb-2020 10:05:23 CST
Begin processing the 201st record. run: 1567190852 subRun: 1 event: 201 at 03-Feb-2020 10:05:25 CST
Begin processing the 301st record. run: 1567190852 subRun: 1 event: 301 at 03-Feb-2020 10:05:31 CST
Begin processing the 401st record. run: 1567190852 subRun: 1 event: 401 at 03-Feb-2020 10:05:37 CST
Begin processing the 501st record. run: 1567190852 subRun: 1 event: 501 at 03-Feb-2020 10:05:50 CST
Begin processing the 601st record. run: 1567190852 subRun: 1 event: 601 at 03-Feb-2020 10:06:01 CST
Begin processing the 701st record. run: 1567190852 subRun: 1 event: 701 at 03-Feb-2020 10:06:09 CST
Begin processing the 801st record. run: 1567190852 subRun: 1 event: 801 at 03-Feb-2020 10:06:14 CST
Begin processing the 901st record. run: 1567190852 subRun: 1 event: 901 at 03-Feb-2020 10:06:21 CST
Begin processing the 2000th record. run: 1567190852 subRun: 1 event: 2000 at 03-Feb-2020 10:07:26 CST
Begin processing the 3000th record. run: 1567190852 subRun: 1 event: 3000 at 03-Feb-2020 10:08:30 CST
Begin processing the 5000th record. run: 1567190852 subRun: 1 event: 5000 at 03-Feb-2020 10:10:20 CST
03-Feb-2020 10:10:23 CST  Closed output file "gm2tracker_sim_scan_truth_t0.root"
03-Feb-2020 10:10:23 CST  Closed input file "/pnfs/GM2/mc/run1_gasgun_1062/runs_1567190000/1567190852/gm2ringsim_muon_gasgun_truth_22551224_1567190852.1.root"
%MSG-i summary:  ImposeDeadTime:deadTime@EndJob 03-Feb-2020 10:10:23 CST  ModuleEndJob

--------- Tracker Impose Dead Time Report ---------
  Total num digits killed = 0 (of 2455, 0%)
  Total num digits kept = 2455 (of 2455, 100%)
------------------------------------------------

%MSG
%MSG-i summary:  KillStraws:killStraws@EndJob 03-Feb-2020 10:10:23 CST  ModuleEndJob

--------- Tracker Kill Straws Report ---------
  Num straws to kill = 0
  Total num digits killed = 0 (of 2455, 0%)
  Total num digits kept = 2455 (of 2455, 100%)
----------------------------------------------

%MSG
%MSG-i summary:  RemoveFlash:removeFlash@EndJob 03-Feb-2020 10:10:23 CST  ModuleEndJob

--------- Tracker Remove Flash Report ---------
  Total num digits removed = 0 (of 2455, 0%)
  Total num digits kept = 2455 (of 2455, 100%)
----------------------------------------------

%MSG

TrigReport ---------- Event  Summary ------------
TrigReport Events total = 5000 passed = 5000 failed = 0

TrigReport ------ Modules in End-Path: end_path ------------
TrigReport  Trig Bit#        Run    Success      Error Name
TrigReport     0    0       5000       5000          0 out

TimeReport ---------- Time  Summary ---[sec]----
TimeReport CPU = 404.763467 Real = 459.895574

MemReport  ---------- Memory  Summary ---[base-10 MB]----
MemReport  VmPeak = 2087.77 VmHWM = 1136.9

