28-Feb-2020 09:55:09 CST  Initiating request to open input file "../../../runSim/File19/gm2tracker_sim_test_vacuum_20um_mainFit_allTimes.root"
28-Feb-2020 09:55:11 CST  Opened input file "../../../runSim/File19/gm2tracker_sim_test_vacuum_20um_mainFit_allTimes.root"
Begin processing the 1st record. run: 1 subRun: 380 event: 1 at 28-Feb-2020 09:55:20 CST
Begin processing the 101st record. run: 1 subRun: 380 event: 101 at 28-Feb-2020 09:55:23 CST
Begin processing the 201st record. run: 1 subRun: 380 event: 201 at 28-Feb-2020 09:55:23 CST
Begin processing the 301st record. run: 1 subRun: 380 event: 301 at 28-Feb-2020 09:55:23 CST
Begin processing the 401st record. run: 1 subRun: 380 event: 401 at 28-Feb-2020 09:55:24 CST
Begin processing the 501st record. run: 1 subRun: 380 event: 501 at 28-Feb-2020 09:55:24 CST
Begin processing the 601st record. run: 1 subRun: 380 event: 601 at 28-Feb-2020 09:55:24 CST
Begin processing the 701st record. run: 1 subRun: 380 event: 701 at 28-Feb-2020 09:55:24 CST
Begin processing the 801st record. run: 1 subRun: 380 event: 801 at 28-Feb-2020 09:55:24 CST
Begin processing the 901st record. run: 1 subRun: 380 event: 901 at 28-Feb-2020 09:55:24 CST
Begin processing the 2000th record. run: 1 subRun: 380 event: 2000 at 28-Feb-2020 09:55:28 CST
Begin processing the 3000th record. run: 1 subRun: 380 event: 3000 at 28-Feb-2020 09:55:31 CST
Begin processing the 5000th record. run: 1 subRun: 380 event: 5000 at 28-Feb-2020 09:55:38 CST
Begin processing the 9000th record. run: 1 subRun: 381 event: 4000 at 28-Feb-2020 09:55:49 CST
Begin processing the 17000th record. run: 1 subRun: 383 event: 2000 at 28-Feb-2020 09:56:11 CST
Begin processing the 33000th record. run: 1 subRun: 386 event: 3000 at 28-Feb-2020 09:56:59 CST
Begin processing the 65000th record. run: 1 subRun: 392 event: 5000 at 28-Feb-2020 09:58:27 CST
28-Feb-2020 09:59:50 CST  Closed input file "../../../runSim/File19/gm2tracker_sim_test_vacuum_20um_mainFit_allTimes.root"

TrigReport ---------- Event  Summary ------------
TrigReport Events total = 100000 passed = 100000 failed = 0

TrigReport ------ Modules in End-Path: end_path ------------
TrigReport  Trig Bit#        Run    Success      Error Name
TrigReport     0    0     100000     100000          0 nonePlusWrong
TrigReport     0    0     100000     100000          0 oneWrong

TimeReport ---------- Time  Summary ---[sec]----
TimeReport CPU = 75.815474 Real = 277.318766

MemReport  ---------- Memory  Summary ---[base-10 MB]----
MemReport  VmPeak = 1192.39 VmHWM = 299.127

