28-Feb-2020 09:11:54 CST  Initiating request to open input file "../../../runSim/File4/gm2tracker_sim_test_vacuum_20um_truthLR_posTimes.root"
28-Feb-2020 09:11:55 CST  Opened input file "../../../runSim/File4/gm2tracker_sim_test_vacuum_20um_truthLR_posTimes.root"
Begin processing the 1st record. run: 1 subRun: 80 event: 1 at 28-Feb-2020 09:12:02 CST
Begin processing the 101st record. run: 1 subRun: 80 event: 101 at 28-Feb-2020 09:12:03 CST
Begin processing the 201st record. run: 1 subRun: 80 event: 201 at 28-Feb-2020 09:12:03 CST
Begin processing the 301st record. run: 1 subRun: 80 event: 301 at 28-Feb-2020 09:12:03 CST
Begin processing the 401st record. run: 1 subRun: 80 event: 401 at 28-Feb-2020 09:24:08 CST
Begin processing the 501st record. run: 1 subRun: 80 event: 501 at 28-Feb-2020 09:24:09 CST
Begin processing the 601st record. run: 1 subRun: 80 event: 601 at 28-Feb-2020 09:24:09 CST
Begin processing the 701st record. run: 1 subRun: 80 event: 701 at 28-Feb-2020 09:24:09 CST
Begin processing the 801st record. run: 1 subRun: 80 event: 801 at 28-Feb-2020 09:24:09 CST
Begin processing the 901st record. run: 1 subRun: 80 event: 901 at 28-Feb-2020 09:24:09 CST
Begin processing the 2000th record. run: 1 subRun: 80 event: 2000 at 28-Feb-2020 09:24:10 CST
Begin processing the 3000th record. run: 1 subRun: 80 event: 3000 at 28-Feb-2020 09:24:11 CST
Begin processing the 5000th record. run: 1 subRun: 80 event: 5000 at 28-Feb-2020 09:24:14 CST
Begin processing the 9000th record. run: 1 subRun: 81 event: 4000 at 28-Feb-2020 09:24:20 CST
Begin processing the 17000th record. run: 1 subRun: 83 event: 2000 at 28-Feb-2020 09:24:33 CST
Begin processing the 33000th record. run: 1 subRun: 86 event: 3000 at 28-Feb-2020 09:24:57 CST
Begin processing the 65000th record. run: 1 subRun: 92 event: 5000 at 28-Feb-2020 09:25:46 CST
28-Feb-2020 09:26:42 CST  Closed input file "../../../runSim/File4/gm2tracker_sim_test_vacuum_20um_truthLR_posTimes.root"

TrigReport ---------- Event  Summary ------------
TrigReport Events total = 100000 passed = 100000 failed = 0

TrigReport ------ Modules in End-Path: end_path ------------
TrigReport  Trig Bit#        Run    Success      Error Name
TrigReport     0    0     100000     100000          0 nonePlusWrong
TrigReport     0    0     100000     100000          0 oneWrong

TimeReport ---------- Time  Summary ---[sec]----
TimeReport CPU = 72.838927 Real = 886.172471

MemReport  ---------- Memory  Summary ---[base-10 MB]----
MemReport  VmPeak = 1192.45 VmHWM = 339.206

