02-Mar-2020 16:18:47 CST  Initiating request to open input file "../../../runSim/File7/gm2tracker_sim_test_vacuum_20um_mainFit_allTimes.root"
02-Mar-2020 16:18:48 CST  Opened input file "../../../runSim/File7/gm2tracker_sim_test_vacuum_20um_mainFit_allTimes.root"
Begin processing the 1st record. run: 1 subRun: 140 event: 1 at 02-Mar-2020 16:18:55 CST
02-Mar-2020 16:18:55 CST  Opened output file with pattern "fails_filter.root"
02-Mar-2020 16:18:55 CST  Opened output file with pattern "passes_filter.root"
Begin processing the 101st record. run: 1 subRun: 140 event: 101 at 02-Mar-2020 16:18:56 CST
Begin processing the 201st record. run: 1 subRun: 140 event: 201 at 02-Mar-2020 16:18:57 CST
Begin processing the 301st record. run: 1 subRun: 140 event: 301 at 02-Mar-2020 16:18:57 CST
Begin processing the 401st record. run: 1 subRun: 140 event: 401 at 02-Mar-2020 16:18:57 CST
Begin processing the 501st record. run: 1 subRun: 140 event: 501 at 02-Mar-2020 16:18:57 CST
Begin processing the 601st record. run: 1 subRun: 140 event: 601 at 02-Mar-2020 16:18:58 CST
Begin processing the 701st record. run: 1 subRun: 140 event: 701 at 02-Mar-2020 16:18:58 CST
Begin processing the 801st record. run: 1 subRun: 140 event: 801 at 02-Mar-2020 16:18:58 CST
Begin processing the 901st record. run: 1 subRun: 140 event: 901 at 02-Mar-2020 16:18:58 CST
Begin processing the 2000th record. run: 1 subRun: 140 event: 2000 at 02-Mar-2020 16:19:02 CST
Begin processing the 3000th record. run: 1 subRun: 140 event: 3000 at 02-Mar-2020 16:19:05 CST
Begin processing the 5000th record. run: 1 subRun: 140 event: 5000 at 02-Mar-2020 16:19:11 CST
Begin processing the 9000th record. run: 1 subRun: 141 event: 4000 at 02-Mar-2020 16:19:24 CST
Begin processing the 17000th record. run: 1 subRun: 143 event: 2000 at 02-Mar-2020 16:19:52 CST
Begin processing the 33000th record. run: 1 subRun: 146 event: 3000 at 02-Mar-2020 16:20:42 CST
Begin processing the 65000th record. run: 1 subRun: 152 event: 5000 at 02-Mar-2020 16:22:27 CST
02-Mar-2020 16:24:24 CST  Closed output file "passes_filter.root"
02-Mar-2020 16:24:29 CST  Closed output file "fails_filter.root"
02-Mar-2020 16:24:29 CST  Closed input file "../../../runSim/File7/gm2tracker_sim_test_vacuum_20um_mainFit_allTimes.root"

TrigReport ---------- Event  Summary ------------
TrigReport Events total = 100000 passed = 0 failed = 100000

TrigReport ------ Modules in End-Path: end_path ------------
TrigReport  Trig Bit#        Run    Success      Error Name
TrigReport     0    0          0          0          0 o1
TrigReport     0    0     100000     100000          0 o2

TimeReport ---------- Time  Summary ---[sec]----
TimeReport CPU = 166.917625 Real = 339.299865

MemReport  ---------- Memory  Summary ---[base-10 MB]----
MemReport  VmPeak = 1222.62 VmHWM = 412.643

