02-Mar-2020 16:05:41 CST  Initiating request to open input file "../../../runSim/File5/gm2tracker_sim_test_vacuum_20um_fullSeqFit_posTimes.root"
02-Mar-2020 16:05:41 CST  Opened input file "../../../runSim/File5/gm2tracker_sim_test_vacuum_20um_fullSeqFit_posTimes.root"
Begin processing the 1st record. run: 1 subRun: 100 event: 1 at 02-Mar-2020 16:05:48 CST
02-Mar-2020 16:05:49 CST  Opened output file with pattern "fails_filter.root"
02-Mar-2020 16:05:49 CST  Opened output file with pattern "passes_filter.root"
Begin processing the 101st record. run: 1 subRun: 100 event: 101 at 02-Mar-2020 16:05:50 CST
Begin processing the 201st record. run: 1 subRun: 100 event: 201 at 02-Mar-2020 16:05:50 CST
Begin processing the 301st record. run: 1 subRun: 100 event: 301 at 02-Mar-2020 16:05:50 CST
Begin processing the 401st record. run: 1 subRun: 100 event: 401 at 02-Mar-2020 16:05:50 CST
Begin processing the 501st record. run: 1 subRun: 100 event: 501 at 02-Mar-2020 16:05:51 CST
Begin processing the 601st record. run: 1 subRun: 100 event: 601 at 02-Mar-2020 16:05:51 CST
Begin processing the 701st record. run: 1 subRun: 100 event: 701 at 02-Mar-2020 16:05:51 CST
Begin processing the 801st record. run: 1 subRun: 100 event: 801 at 02-Mar-2020 16:05:52 CST
Begin processing the 901st record. run: 1 subRun: 100 event: 901 at 02-Mar-2020 16:05:52 CST
Begin processing the 2000th record. run: 1 subRun: 100 event: 2000 at 02-Mar-2020 16:05:56 CST
Begin processing the 3000th record. run: 1 subRun: 100 event: 3000 at 02-Mar-2020 16:05:59 CST
Begin processing the 5000th record. run: 1 subRun: 100 event: 5000 at 02-Mar-2020 16:06:05 CST
Begin processing the 9000th record. run: 1 subRun: 101 event: 4000 at 02-Mar-2020 16:06:19 CST
Begin processing the 17000th record. run: 1 subRun: 103 event: 2000 at 02-Mar-2020 16:06:46 CST
Begin processing the 33000th record. run: 1 subRun: 106 event: 3000 at 02-Mar-2020 16:07:44 CST
Begin processing the 65000th record. run: 1 subRun: 112 event: 5000 at 02-Mar-2020 16:09:34 CST
02-Mar-2020 16:11:32 CST  Closed output file "passes_filter.root"
02-Mar-2020 16:11:36 CST  Closed output file "fails_filter.root"
02-Mar-2020 16:11:36 CST  Closed input file "../../../runSim/File5/gm2tracker_sim_test_vacuum_20um_fullSeqFit_posTimes.root"

TrigReport ---------- Event  Summary ------------
TrigReport Events total = 100000 passed = 2 failed = 99998

TrigReport ------ Modules in End-Path: end_path ------------
TrigReport  Trig Bit#        Run    Success      Error Name
TrigReport     0    0          2          2          0 o1
TrigReport     0    0      99998      99998          0 o2

TimeReport ---------- Time  Summary ---[sec]----
TimeReport CPU = 169.574221 Real = 353.417151

MemReport  ---------- Memory  Summary ---[base-10 MB]----
MemReport  VmPeak = 1229.09 VmHWM = 394.273

