28-Feb-2020 09:38:08 CST  Initiating request to open input file "../../../runSim/File9/gm2tracker_sim_test_vacuum_20um_truthLR_posTimes.root"
28-Feb-2020 09:38:09 CST  Opened input file "../../../runSim/File9/gm2tracker_sim_test_vacuum_20um_truthLR_posTimes.root"
Begin processing the 1st record. run: 1 subRun: 180 event: 1 at 28-Feb-2020 09:38:17 CST
Begin processing the 101st record. run: 1 subRun: 180 event: 101 at 28-Feb-2020 09:38:18 CST
Begin processing the 201st record. run: 1 subRun: 180 event: 201 at 28-Feb-2020 09:38:18 CST
Begin processing the 301st record. run: 1 subRun: 180 event: 301 at 28-Feb-2020 09:38:18 CST
Begin processing the 401st record. run: 1 subRun: 180 event: 401 at 28-Feb-2020 09:38:18 CST
Begin processing the 501st record. run: 1 subRun: 180 event: 501 at 28-Feb-2020 09:38:18 CST
Begin processing the 601st record. run: 1 subRun: 180 event: 601 at 28-Feb-2020 09:38:19 CST
Begin processing the 701st record. run: 1 subRun: 180 event: 701 at 28-Feb-2020 09:38:19 CST
Begin processing the 801st record. run: 1 subRun: 180 event: 801 at 28-Feb-2020 09:38:19 CST
Begin processing the 901st record. run: 1 subRun: 180 event: 901 at 28-Feb-2020 09:38:19 CST
Begin processing the 2000th record. run: 1 subRun: 180 event: 2000 at 28-Feb-2020 09:38:21 CST
Begin processing the 3000th record. run: 1 subRun: 180 event: 3000 at 28-Feb-2020 09:38:23 CST
Begin processing the 5000th record. run: 1 subRun: 180 event: 5000 at 28-Feb-2020 09:38:26 CST
Begin processing the 9000th record. run: 1 subRun: 181 event: 4000 at 28-Feb-2020 09:38:33 CST
Begin processing the 17000th record. run: 1 subRun: 183 event: 2000 at 28-Feb-2020 09:38:49 CST
Begin processing the 33000th record. run: 1 subRun: 186 event: 3000 at 28-Feb-2020 09:39:18 CST
Begin processing the 65000th record. run: 1 subRun: 192 event: 5000 at 28-Feb-2020 09:40:14 CST
28-Feb-2020 09:41:19 CST  Closed input file "../../../runSim/File9/gm2tracker_sim_test_vacuum_20um_truthLR_posTimes.root"

TrigReport ---------- Event  Summary ------------
TrigReport Events total = 100000 passed = 100000 failed = 0

TrigReport ------ Modules in End-Path: end_path ------------
TrigReport  Trig Bit#        Run    Success      Error Name
TrigReport     0    0     100000     100000          0 nonePlusWrong
TrigReport     0    0     100000     100000          0 oneWrong

TimeReport ---------- Time  Summary ---[sec]----
TimeReport CPU = 88.209590 Real = 188.601968

MemReport  ---------- Memory  Summary ---[base-10 MB]----
MemReport  VmPeak = 1192.43 VmHWM = 342.135

