02-Mar-2020 16:16:17 CST  Initiating request to open input file "../../../runSim/File7/gm2tracker_sim_test_vacuum_20um_fullSeqFit_posTimes.root"
02-Mar-2020 16:16:18 CST  Opened input file "../../../runSim/File7/gm2tracker_sim_test_vacuum_20um_fullSeqFit_posTimes.root"
Begin processing the 1st record. run: 1 subRun: 140 event: 1 at 02-Mar-2020 16:16:23 CST
02-Mar-2020 16:16:23 CST  Opened output file with pattern "fails_filter.root"
02-Mar-2020 16:16:23 CST  Opened output file with pattern "passes_filter.root"
Begin processing the 101st record. run: 1 subRun: 140 event: 101 at 02-Mar-2020 16:16:24 CST
Begin processing the 201st record. run: 1 subRun: 140 event: 201 at 02-Mar-2020 16:16:24 CST
Begin processing the 301st record. run: 1 subRun: 140 event: 301 at 02-Mar-2020 16:16:24 CST
Begin processing the 401st record. run: 1 subRun: 140 event: 401 at 02-Mar-2020 16:16:24 CST
Begin processing the 501st record. run: 1 subRun: 140 event: 501 at 02-Mar-2020 16:16:25 CST
Begin processing the 601st record. run: 1 subRun: 140 event: 601 at 02-Mar-2020 16:16:25 CST
Begin processing the 701st record. run: 1 subRun: 140 event: 701 at 02-Mar-2020 16:16:25 CST
Begin processing the 801st record. run: 1 subRun: 140 event: 801 at 02-Mar-2020 16:16:25 CST
Begin processing the 901st record. run: 1 subRun: 140 event: 901 at 02-Mar-2020 16:16:26 CST
Begin processing the 2000th record. run: 1 subRun: 140 event: 2000 at 02-Mar-2020 16:16:28 CST
Begin processing the 3000th record. run: 1 subRun: 140 event: 3000 at 02-Mar-2020 16:16:31 CST
Begin processing the 5000th record. run: 1 subRun: 140 event: 5000 at 02-Mar-2020 16:16:36 CST
Begin processing the 9000th record. run: 1 subRun: 141 event: 4000 at 02-Mar-2020 16:16:46 CST
Begin processing the 17000th record. run: 1 subRun: 143 event: 2000 at 02-Mar-2020 16:17:07 CST
Begin processing the 33000th record. run: 1 subRun: 146 event: 3000 at 02-Mar-2020 16:17:47 CST
Begin processing the 65000th record. run: 1 subRun: 152 event: 5000 at 02-Mar-2020 16:19:04 CST
02-Mar-2020 16:20:34 CST  Closed output file "passes_filter.root"
02-Mar-2020 16:20:38 CST  Closed output file "fails_filter.root"
02-Mar-2020 16:20:38 CST  Closed input file "../../../runSim/File7/gm2tracker_sim_test_vacuum_20um_fullSeqFit_posTimes.root"

TrigReport ---------- Event  Summary ------------
TrigReport Events total = 100000 passed = 3 failed = 99997

TrigReport ------ Modules in End-Path: end_path ------------
TrigReport  Trig Bit#        Run    Success      Error Name
TrigReport     0    0          3          3          0 o1
TrigReport     0    0      99997      99997          0 o2

TimeReport ---------- Time  Summary ---[sec]----
TimeReport CPU = 165.430851 Real = 259.284326

MemReport  ---------- Memory  Summary ---[base-10 MB]----
MemReport  VmPeak = 1249.11 VmHWM = 472.429

