02-Mar-2020 19:24:28 CST  Initiating request to open input file "/pnfs/GM2/mc/run1_gasgun_1062/runs_1567190000/1567190852/gm2ringsim_muon_gasgun_truth_22551216_1567190852.1.root"
02-Mar-2020 19:24:29 CST  Opened input file "/pnfs/GM2/mc/run1_gasgun_1062/runs_1567190000/1567190852/gm2ringsim_muon_gasgun_truth_22551216_1567190852.1.root"
Begin processing the 1st record. run: 1567190852 subRun: 1 event: 1 at 02-Mar-2020 19:27:11 CST
02-Mar-2020 19:27:11 CST  Opened output file with pattern "gm2tracker_sim_scan_garfield.root"
Begin processing the 101st record. run: 1567190852 subRun: 1 event: 101 at 02-Mar-2020 19:27:19 CST
Begin processing the 201st record. run: 1567190852 subRun: 1 event: 201 at 02-Mar-2020 19:27:24 CST
Begin processing the 301st record. run: 1567190852 subRun: 1 event: 301 at 02-Mar-2020 19:27:27 CST
Begin processing the 401st record. run: 1567190852 subRun: 1 event: 401 at 02-Mar-2020 19:27:33 CST
Begin processing the 501st record. run: 1567190852 subRun: 1 event: 501 at 02-Mar-2020 19:27:43 CST
Begin processing the 601st record. run: 1567190852 subRun: 1 event: 601 at 02-Mar-2020 19:27:47 CST
Begin processing the 701st record. run: 1567190852 subRun: 1 event: 701 at 02-Mar-2020 19:27:50 CST
Begin processing the 801st record. run: 1567190852 subRun: 1 event: 801 at 02-Mar-2020 19:27:58 CST
Begin processing the 901st record. run: 1567190852 subRun: 1 event: 901 at 02-Mar-2020 19:28:03 CST
Begin processing the 2000th record. run: 1567190852 subRun: 1 event: 2000 at 02-Mar-2020 19:29:25 CST
Begin processing the 3000th record. run: 1567190852 subRun: 1 event: 3000 at 02-Mar-2020 19:30:25 CST
Begin processing the 5000th record. run: 1567190852 subRun: 1 event: 5000 at 02-Mar-2020 19:32:18 CST
02-Mar-2020 19:32:21 CST  Closed output file "gm2tracker_sim_scan_garfield.root"
02-Mar-2020 19:32:21 CST  Closed input file "/pnfs/GM2/mc/run1_gasgun_1062/runs_1567190000/1567190852/gm2ringsim_muon_gasgun_truth_22551216_1567190852.1.root"
%MSG-i summary:  ImposeDeadTime:deadTime@EndJob 02-Mar-2020 19:32:21 CST  ModuleEndJob

--------- Tracker Impose Dead Time Report ---------
  Total num digits killed = 0 (of 4378, 0%)
  Total num digits kept = 4378 (of 4378, 100%)
------------------------------------------------

%MSG
%MSG-i summary:  KillStraws:killStraws@EndJob 02-Mar-2020 19:32:21 CST  ModuleEndJob

--------- Tracker Kill Straws Report ---------
  Num straws to kill = 0
  Total num digits killed = 0 (of 4378, 0%)
  Total num digits kept = 4378 (of 4378, 100%)
----------------------------------------------

%MSG
%MSG-i summary:  RemoveFlash:removeFlash@EndJob 02-Mar-2020 19:32:21 CST  ModuleEndJob

--------- Tracker Remove Flash Report ---------
  Total num digits removed = 0 (of 4378, 0%)
  Total num digits kept = 4378 (of 4378, 100%)
----------------------------------------------

%MSG

TrigReport ---------- Event  Summary ------------
TrigReport Events total = 5000 passed = 5000 failed = 0

TrigReport ------ Modules in End-Path: end_path ------------
TrigReport  Trig Bit#        Run    Success      Error Name
TrigReport     0    0       5000       5000          0 out

TimeReport ---------- Time  Summary ---[sec]----
TimeReport CPU = 381.148057 Real = 427.602539

MemReport  ---------- Memory  Summary ---[base-10 MB]----
MemReport  VmPeak = 2087.96 VmHWM = 1109.71

