02-Mar-2020 17:10:40 CST  Initiating request to open input file "../../../runSim/File6/gm2tracker_sim_test_vacuum_20um_mainFit_allTimes.root"
02-Mar-2020 17:10:40 CST  Opened input file "../../../runSim/File6/gm2tracker_sim_test_vacuum_20um_mainFit_allTimes.root"
Begin processing the 1st record. run: 1 subRun: 120 event: 1 at 02-Mar-2020 17:10:46 CST
02-Mar-2020 17:10:46 CST  Opened output file with pattern "passes_filter_tQ.root"
02-Mar-2020 17:10:46 CST  Opened output file with pattern "fails_filter_tQ.root"
Begin processing the 101st record. run: 1 subRun: 120 event: 101 at 02-Mar-2020 17:10:47 CST
Begin processing the 201st record. run: 1 subRun: 120 event: 201 at 02-Mar-2020 17:10:47 CST
Begin processing the 301st record. run: 1 subRun: 120 event: 301 at 02-Mar-2020 17:10:47 CST
Begin processing the 401st record. run: 1 subRun: 120 event: 401 at 02-Mar-2020 17:10:47 CST
Begin processing the 501st record. run: 1 subRun: 120 event: 501 at 02-Mar-2020 17:10:48 CST
Begin processing the 601st record. run: 1 subRun: 120 event: 601 at 02-Mar-2020 17:10:48 CST
Begin processing the 701st record. run: 1 subRun: 120 event: 701 at 02-Mar-2020 17:10:48 CST
Begin processing the 801st record. run: 1 subRun: 120 event: 801 at 02-Mar-2020 17:10:49 CST
Begin processing the 901st record. run: 1 subRun: 120 event: 901 at 02-Mar-2020 17:10:49 CST
Begin processing the 2000th record. run: 1 subRun: 120 event: 2000 at 02-Mar-2020 17:10:52 CST
Begin processing the 3000th record. run: 1 subRun: 120 event: 3000 at 02-Mar-2020 17:10:55 CST
Begin processing the 5000th record. run: 1 subRun: 120 event: 5000 at 02-Mar-2020 17:11:02 CST
Begin processing the 9000th record. run: 1 subRun: 121 event: 4000 at 02-Mar-2020 17:11:15 CST
Begin processing the 17000th record. run: 1 subRun: 123 event: 2000 at 02-Mar-2020 17:11:41 CST
Begin processing the 33000th record. run: 1 subRun: 126 event: 3000 at 02-Mar-2020 17:12:32 CST
02-Mar-2020 17:14:00 CST  Closed input file "../../../runSim/File6/gm2tracker_sim_test_vacuum_20um_mainFit_allTimes.root"

TrigReport ---------- Event  Summary ------------
TrigReport Events total = 60554 passed = 2 failed = 60552

TrigReport ------ Modules in End-Path: end_path ------------
TrigReport  Trig Bit#        Run    Success      Error Name
TrigReport     0    0          2          2          0 o1
TrigReport     0    0      60552      60552          0 o2

TimeReport ---------- Time  Summary ---[sec]----
TimeReport CPU = 106.936743 Real = 198.853865

MemReport  ---------- Memory  Summary ---[base-10 MB]----
MemReport  VmPeak = 1222.18 VmHWM = 404.402

