06-Feb-2020 13:50:49 CST  Initiating request to open input file "../../../runSim/File206/gm2tracker_sim_scan_perfect_2.root"
06-Feb-2020 13:50:50 CST  Opened input file "../../../runSim/File206/gm2tracker_sim_scan_perfect_2.root"
Begin processing the 1st record. run: 1567190852 subRun: 1 event: 1 at 06-Feb-2020 13:50:54 CST
Begin processing the 101st record. run: 1567190852 subRun: 1 event: 101 at 06-Feb-2020 13:50:54 CST
Begin processing the 201st record. run: 1567190852 subRun: 1 event: 201 at 06-Feb-2020 13:50:55 CST
Begin processing the 301st record. run: 1567190852 subRun: 1 event: 301 at 06-Feb-2020 13:50:55 CST
Begin processing the 401st record. run: 1567190852 subRun: 1 event: 401 at 06-Feb-2020 13:50:55 CST
Begin processing the 501st record. run: 1567190852 subRun: 1 event: 501 at 06-Feb-2020 13:50:55 CST
Begin processing the 601st record. run: 1567190852 subRun: 1 event: 601 at 06-Feb-2020 13:50:56 CST
Begin processing the 701st record. run: 1567190852 subRun: 1 event: 701 at 06-Feb-2020 13:50:56 CST
Begin processing the 801st record. run: 1567190852 subRun: 1 event: 801 at 06-Feb-2020 13:50:56 CST
Begin processing the 901st record. run: 1567190852 subRun: 1 event: 901 at 06-Feb-2020 13:50:56 CST
Begin processing the 2000th record. run: 1567190852 subRun: 1 event: 2000 at 06-Feb-2020 13:50:59 CST
Begin processing the 3000th record. run: 1567190852 subRun: 1 event: 3000 at 06-Feb-2020 13:51:00 CST
Begin processing the 5000th record. run: 1567190852 subRun: 1 event: 5000 at 06-Feb-2020 13:51:05 CST
06-Feb-2020 13:51:05 CST  Closed input file "../../../runSim/File206/gm2tracker_sim_scan_perfect_2.root"

TrigReport ---------- Event  Summary ------------
TrigReport Events total = 5000 passed = 5000 failed = 0

TrigReport ------ Modules in End-Path: end_path ------------
TrigReport  Trig Bit#        Run    Success      Error Name
TrigReport     0    0       5000       5000          0 nonePlusWrong
TrigReport     0    0       5000       5000          0 noneWrong
TrigReport     0    0       5000       5000          0 twoPlusWrong
TrigReport     0    0       5000       5000          0 twoWrong
TrigReport     0    0       5000       5000          0 threePlusWrong
TrigReport     0    0       5000       5000          0 threeWrong
TrigReport     0    0       5000       5000          0 fourPlusWrong
TrigReport     0    0       5000       5000          0 fourWrong
TrigReport     0    0       5000       5000          0 fivePlusWrong
TrigReport     0    0       5000       5000          0 fiveWrong

TimeReport ---------- Time  Summary ---[sec]----
TimeReport CPU = 14.653772 Real = 14.688357

MemReport  ---------- Memory  Summary ---[base-10 MB]----
MemReport  VmPeak = 1190.08 VmHWM = 356.676

