27-Feb-2020 17:14:14 CST  Initiating request to open input file "../../../runSim/File22/gm2tracker_sim_test_vacuum_20um_mainFit_posTimes.root"
27-Feb-2020 17:14:16 CST  Opened input file "../../../runSim/File22/gm2tracker_sim_test_vacuum_20um_mainFit_posTimes.root"
Begin processing the 1st record. run: 1 subRun: 440 event: 1 at 27-Feb-2020 17:14:24 CST
Begin processing the 101st record. run: 1 subRun: 440 event: 101 at 27-Feb-2020 17:14:26 CST
Begin processing the 201st record. run: 1 subRun: 440 event: 201 at 27-Feb-2020 17:14:26 CST
Begin processing the 301st record. run: 1 subRun: 440 event: 301 at 27-Feb-2020 17:14:26 CST
Begin processing the 401st record. run: 1 subRun: 440 event: 401 at 27-Feb-2020 17:14:26 CST
Begin processing the 501st record. run: 1 subRun: 440 event: 501 at 27-Feb-2020 17:14:26 CST
Begin processing the 601st record. run: 1 subRun: 440 event: 601 at 27-Feb-2020 17:14:26 CST
Begin processing the 701st record. run: 1 subRun: 440 event: 701 at 27-Feb-2020 17:14:27 CST
Begin processing the 801st record. run: 1 subRun: 440 event: 801 at 27-Feb-2020 17:14:27 CST
Begin processing the 901st record. run: 1 subRun: 440 event: 901 at 27-Feb-2020 17:14:27 CST
Begin processing the 2000th record. run: 1 subRun: 440 event: 2000 at 27-Feb-2020 17:14:29 CST
Begin processing the 3000th record. run: 1 subRun: 440 event: 3000 at 27-Feb-2020 17:14:30 CST
Begin processing the 5000th record. run: 1 subRun: 440 event: 5000 at 27-Feb-2020 17:14:33 CST
Begin processing the 9000th record. run: 1 subRun: 441 event: 4000 at 27-Feb-2020 17:14:41 CST
Begin processing the 17000th record. run: 1 subRun: 443 event: 2000 at 27-Feb-2020 17:14:58 CST
Begin processing the 33000th record. run: 1 subRun: 446 event: 3000 at 27-Feb-2020 17:15:29 CST
Begin processing the 65000th record. run: 1 subRun: 452 event: 5000 at 27-Feb-2020 17:16:28 CST
27-Feb-2020 17:17:29 CST  Closed input file "../../../runSim/File22/gm2tracker_sim_test_vacuum_20um_mainFit_posTimes.root"

TrigReport ---------- Event  Summary ------------
TrigReport Events total = 100000 passed = 100000 failed = 0

TrigReport ------ Modules in End-Path: end_path ------------
TrigReport  Trig Bit#        Run    Success      Error Name
TrigReport     0    0     100000     100000          0 nonePlusWrong
TrigReport     0    0     100000     100000          0 oneWrong

TimeReport ---------- Time  Summary ---[sec]----
TimeReport CPU = 72.825929 Real = 191.909781

MemReport  ---------- Memory  Summary ---[base-10 MB]----
MemReport  VmPeak = 1192.38 VmHWM = 359.379

