02-Mar-2020 16:24:34 CST  Initiating request to open input file "../../../runSim/File8/gm2tracker_sim_test_vacuum_20um_mainFit_allTimes.root"
02-Mar-2020 16:24:34 CST  Opened input file "../../../runSim/File8/gm2tracker_sim_test_vacuum_20um_mainFit_allTimes.root"
Begin processing the 1st record. run: 1 subRun: 160 event: 1 at 02-Mar-2020 16:24:41 CST
02-Mar-2020 16:24:42 CST  Opened output file with pattern "fails_filter.root"
02-Mar-2020 16:24:42 CST  Opened output file with pattern "passes_filter.root"
Begin processing the 101st record. run: 1 subRun: 160 event: 101 at 02-Mar-2020 16:24:43 CST
Begin processing the 201st record. run: 1 subRun: 160 event: 201 at 02-Mar-2020 16:24:43 CST
Begin processing the 301st record. run: 1 subRun: 160 event: 301 at 02-Mar-2020 16:24:44 CST
Begin processing the 401st record. run: 1 subRun: 160 event: 401 at 02-Mar-2020 16:24:44 CST
Begin processing the 501st record. run: 1 subRun: 160 event: 501 at 02-Mar-2020 16:24:44 CST
Begin processing the 601st record. run: 1 subRun: 160 event: 601 at 02-Mar-2020 16:24:44 CST
Begin processing the 701st record. run: 1 subRun: 160 event: 701 at 02-Mar-2020 16:24:44 CST
Begin processing the 801st record. run: 1 subRun: 160 event: 801 at 02-Mar-2020 16:24:45 CST
Begin processing the 901st record. run: 1 subRun: 160 event: 901 at 02-Mar-2020 16:24:45 CST
Begin processing the 2000th record. run: 1 subRun: 160 event: 2000 at 02-Mar-2020 16:24:48 CST
Begin processing the 3000th record. run: 1 subRun: 160 event: 3000 at 02-Mar-2020 16:24:51 CST
Begin processing the 5000th record. run: 1 subRun: 160 event: 5000 at 02-Mar-2020 16:24:58 CST
Begin processing the 9000th record. run: 1 subRun: 161 event: 4000 at 02-Mar-2020 16:25:14 CST
Begin processing the 17000th record. run: 1 subRun: 163 event: 2000 at 02-Mar-2020 16:25:42 CST
Begin processing the 33000th record. run: 1 subRun: 166 event: 3000 at 02-Mar-2020 16:26:37 CST
Begin processing the 65000th record. run: 1 subRun: 172 event: 5000 at 02-Mar-2020 16:28:27 CST
02-Mar-2020 16:30:26 CST  Closed output file "passes_filter.root"
02-Mar-2020 16:30:30 CST  Closed output file "fails_filter.root"
02-Mar-2020 16:30:30 CST  Closed input file "../../../runSim/File8/gm2tracker_sim_test_vacuum_20um_mainFit_allTimes.root"

TrigReport ---------- Event  Summary ------------
TrigReport Events total = 100000 passed = 1 failed = 99999

TrigReport ------ Modules in End-Path: end_path ------------
TrigReport  Trig Bit#        Run    Success      Error Name
TrigReport     0    0          1          1          0 o1
TrigReport     0    0      99999      99999          0 o2

TimeReport ---------- Time  Summary ---[sec]----
TimeReport CPU = 167.811489 Real = 354.602462

MemReport  ---------- Memory  Summary ---[base-10 MB]----
MemReport  VmPeak = 1247.74 VmHWM = 390.32

