25-Feb-2020 11:51:12 CST  Initiating request to open input file "/gm2/app/users/sgrant/analysis/LowDCAs_v2/runSim/File3/gm2tracker_sim_test_perfect_1.0Res_truthLR.root"
25-Feb-2020 11:51:13 CST  Opened input file "/gm2/app/users/sgrant/analysis/LowDCAs_v2/runSim/File3/gm2tracker_sim_test_perfect_1.0Res_truthLR.root"
Begin processing the 1st record. run: 1 subRun: 60 event: 1 at 25-Feb-2020 11:51:21 CST
Begin processing the 101st record. run: 1 subRun: 60 event: 101 at 25-Feb-2020 11:51:21 CST
Begin processing the 201st record. run: 1 subRun: 60 event: 201 at 25-Feb-2020 11:51:21 CST
Begin processing the 301st record. run: 1 subRun: 60 event: 301 at 25-Feb-2020 11:51:21 CST
Begin processing the 401st record. run: 1 subRun: 60 event: 401 at 25-Feb-2020 11:51:22 CST
Begin processing the 501st record. run: 1 subRun: 60 event: 501 at 25-Feb-2020 11:51:22 CST
Begin processing the 601st record. run: 1 subRun: 60 event: 601 at 25-Feb-2020 11:51:22 CST
Begin processing the 701st record. run: 1 subRun: 60 event: 701 at 25-Feb-2020 11:51:22 CST
Begin processing the 801st record. run: 1 subRun: 60 event: 801 at 25-Feb-2020 11:51:22 CST
Begin processing the 901st record. run: 1 subRun: 60 event: 901 at 25-Feb-2020 11:51:22 CST
Begin processing the 2000th record. run: 1 subRun: 60 event: 2000 at 25-Feb-2020 11:51:23 CST
Begin processing the 3000th record. run: 1 subRun: 60 event: 3000 at 25-Feb-2020 11:51:24 CST
Begin processing the 5000th record. run: 1 subRun: 60 event: 5000 at 25-Feb-2020 11:51:26 CST
Begin processing the 9000th record. run: 1 subRun: 61 event: 4000 at 25-Feb-2020 11:51:29 CST
Begin processing the 17000th record. run: 1 subRun: 63 event: 2000 at 25-Feb-2020 11:51:37 CST
Begin processing the 33000th record. run: 1 subRun: 66 event: 3000 at 25-Feb-2020 11:51:49 CST
Begin processing the 65000th record. run: 1 subRun: 72 event: 5000 at 25-Feb-2020 11:52:18 CST
25-Feb-2020 11:52:47 CST  Closed input file "/gm2/app/users/sgrant/analysis/LowDCAs_v2/runSim/File3/gm2tracker_sim_test_perfect_1.0Res_truthLR.root"

TrigReport ---------- Event  Summary ------------
TrigReport Events total = 100000 passed = 100000 failed = 0

TrigReport ------ Modules in End-Path: end_path ------------
TrigReport  Trig Bit#        Run    Success      Error Name
TrigReport     0    0     100000     100000          0 nonePlusWrong
TrigReport     0    0     100000     100000          0 oneWrong

TimeReport ---------- Time  Summary ---[sec]----
TimeReport CPU = 92.862882 Real = 93.260901

MemReport  ---------- Memory  Summary ---[base-10 MB]----
MemReport  VmPeak = 1172.98 VmHWM = 329.105

93 VmHWM = 244.326



