02-Mar-2020 14:06:10 CST  Initiating request to open input file "../../../runSim/File17/gm2tracker_sim_test_vacuum_20um_fullSeqFit_allTimes.root"
02-Mar-2020 14:06:10 CST  Opened input file "../../../runSim/File17/gm2tracker_sim_test_vacuum_20um_fullSeqFit_allTimes.root"
Begin processing the 1st record. run: 1 subRun: 340 event: 1 at 02-Mar-2020 14:06:16 CST
02-Mar-2020 14:06:16 CST  Opened output file with pattern "passes_filter.root"
02-Mar-2020 14:06:16 CST  Opened output file with pattern "fails_filter.root"
Begin processing the 101st record. run: 1 subRun: 340 event: 101 at 02-Mar-2020 14:06:16 CST
Begin processing the 201st record. run: 1 subRun: 340 event: 201 at 02-Mar-2020 14:06:16 CST
Begin processing the 301st record. run: 1 subRun: 340 event: 301 at 02-Mar-2020 14:06:16 CST
Begin processing the 401st record. run: 1 subRun: 340 event: 401 at 02-Mar-2020 14:06:16 CST
Begin processing the 501st record. run: 1 subRun: 340 event: 501 at 02-Mar-2020 14:06:17 CST
Begin processing the 601st record. run: 1 subRun: 340 event: 601 at 02-Mar-2020 14:06:17 CST
Begin processing the 701st record. run: 1 subRun: 340 event: 701 at 02-Mar-2020 14:06:17 CST
Begin processing the 801st record. run: 1 subRun: 340 event: 801 at 02-Mar-2020 14:06:17 CST
Begin processing the 901st record. run: 1 subRun: 340 event: 901 at 02-Mar-2020 14:06:18 CST
Begin processing the 2000th record. run: 1 subRun: 340 event: 2000 at 02-Mar-2020 14:06:20 CST
Begin processing the 3000th record. run: 1 subRun: 340 event: 3000 at 02-Mar-2020 14:06:21 CST
Begin processing the 5000th record. run: 1 subRun: 340 event: 5000 at 02-Mar-2020 14:06:25 CST
Begin processing the 9000th record. run: 1 subRun: 341 event: 4000 at 02-Mar-2020 14:06:33 CST
Begin processing the 17000th record. run: 1 subRun: 343 event: 2000 at 02-Mar-2020 14:06:50 CST
Begin processing the 33000th record. run: 1 subRun: 346 event: 3000 at 02-Mar-2020 14:07:23 CST
Begin processing the 65000th record. run: 1 subRun: 352 event: 5000 at 02-Mar-2020 14:08:31 CST
02-Mar-2020 14:09:47 CST  Closed output file "passes_filter.root"
02-Mar-2020 14:09:51 CST  Closed output file "fails_filter.root"
02-Mar-2020 14:09:51 CST  Closed input file "../../../runSim/File17/gm2tracker_sim_test_vacuum_20um_fullSeqFit_allTimes.root"

TrigReport ---------- Event  Summary ------------
TrigReport Events total = 100000 passed = 2 failed = 99998

TrigReport ------ Modules in End-Path: end_path ------------
TrigReport  Trig Bit#        Run    Success      Error Name
TrigReport     0    0          2          2          0 o1
TrigReport     0    0      99998      99998          0 o2

TimeReport ---------- Time  Summary ---[sec]----
TimeReport CPU = 154.690483 Real = 219.468565

MemReport  ---------- Memory  Summary ---[base-10 MB]----
MemReport  VmPeak = 1213.8 VmHWM = 441.242

