02-Mar-2020 13:43:31 CST  Initiating request to open input file "../../../runSim/File11/gm2tracker_sim_test_vacuum_20um_fullSeqFit_allTimes.root"
02-Mar-2020 13:43:32 CST  Opened input file "../../../runSim/File11/gm2tracker_sim_test_vacuum_20um_fullSeqFit_allTimes.root"
Begin processing the 1st record. run: 1 subRun: 220 event: 1 at 02-Mar-2020 13:43:37 CST
02-Mar-2020 13:43:37 CST  Opened output file with pattern "passes_filter.root"
02-Mar-2020 13:43:37 CST  Opened output file with pattern "fails_filter.root"
Begin processing the 101st record. run: 1 subRun: 220 event: 101 at 02-Mar-2020 13:43:37 CST
Begin processing the 201st record. run: 1 subRun: 220 event: 201 at 02-Mar-2020 13:43:37 CST
Begin processing the 301st record. run: 1 subRun: 220 event: 301 at 02-Mar-2020 13:43:37 CST
Begin processing the 401st record. run: 1 subRun: 220 event: 401 at 02-Mar-2020 13:43:38 CST
Begin processing the 501st record. run: 1 subRun: 220 event: 501 at 02-Mar-2020 13:43:38 CST
Begin processing the 601st record. run: 1 subRun: 220 event: 601 at 02-Mar-2020 13:43:38 CST
Begin processing the 701st record. run: 1 subRun: 220 event: 701 at 02-Mar-2020 13:43:38 CST
Begin processing the 801st record. run: 1 subRun: 220 event: 801 at 02-Mar-2020 13:43:38 CST
Begin processing the 901st record. run: 1 subRun: 220 event: 901 at 02-Mar-2020 13:43:38 CST
Begin processing the 2000th record. run: 1 subRun: 220 event: 2000 at 02-Mar-2020 13:43:41 CST
Begin processing the 3000th record. run: 1 subRun: 220 event: 3000 at 02-Mar-2020 13:43:43 CST
Begin processing the 5000th record. run: 1 subRun: 220 event: 5000 at 02-Mar-2020 13:43:47 CST
Begin processing the 9000th record. run: 1 subRun: 221 event: 4000 at 02-Mar-2020 13:43:54 CST
Begin processing the 17000th record. run: 1 subRun: 223 event: 2000 at 02-Mar-2020 13:44:11 CST
Begin processing the 33000th record. run: 1 subRun: 226 event: 3000 at 02-Mar-2020 13:44:45 CST
Begin processing the 65000th record. run: 1 subRun: 232 event: 5000 at 02-Mar-2020 13:45:51 CST
02-Mar-2020 13:47:06 CST  Closed output file "passes_filter.root"
02-Mar-2020 13:47:10 CST  Closed output file "fails_filter.root"
02-Mar-2020 13:47:10 CST  Closed input file "../../../runSim/File11/gm2tracker_sim_test_vacuum_20um_fullSeqFit_allTimes.root"

TrigReport ---------- Event  Summary ------------
TrigReport Events total = 100000 passed = 0 failed = 100000

TrigReport ------ Modules in End-Path: end_path ------------
TrigReport  Trig Bit#        Run    Success      Error Name
TrigReport     0    0          0          0          0 o1
TrigReport     0    0     100000     100000          0 o2

TimeReport ---------- Time  Summary ---[sec]----
TimeReport CPU = 153.444673 Real = 217.680618

MemReport  ---------- Memory  Summary ---[base-10 MB]----
MemReport  VmPeak = 1198.66 VmHWM = 428.888

