10-Mar-2020 10:06:25 CDT  Initiating request to open input file "/gm2/data/users/sgrant/LowDCAs_v2/tracks/vacuum_2um_truthLR_allTimes_noGeom.root"
10-Mar-2020 10:06:26 CDT  Opened input file "/gm2/data/users/sgrant/LowDCAs_v2/tracks/vacuum_2um_truthLR_allTimes_noGeom.root"
Begin processing the 1st record. run: 1 subRun: 1 event: 1 at 10-Mar-2020 10:06:39 CDT
Begin processing the 101st record. run: 1 subRun: 1 event: 101 at 10-Mar-2020 10:06:40 CDT
Begin processing the 201st record. run: 1 subRun: 1 event: 201 at 10-Mar-2020 10:06:40 CDT
Begin processing the 301st record. run: 1 subRun: 1 event: 301 at 10-Mar-2020 10:06:40 CDT
Begin processing the 401st record. run: 1 subRun: 1 event: 401 at 10-Mar-2020 10:06:40 CDT
Begin processing the 501st record. run: 1 subRun: 1 event: 501 at 10-Mar-2020 10:06:41 CDT
Begin processing the 601st record. run: 1 subRun: 1 event: 601 at 10-Mar-2020 10:06:41 CDT
Begin processing the 701st record. run: 1 subRun: 1 event: 701 at 10-Mar-2020 10:06:41 CDT
Begin processing the 801st record. run: 1 subRun: 1 event: 801 at 10-Mar-2020 10:06:41 CDT
Begin processing the 901st record. run: 1 subRun: 1 event: 901 at 10-Mar-2020 10:06:41 CDT
Begin processing the 2000th record. run: 1 subRun: 1 event: 2000 at 10-Mar-2020 10:06:42 CDT
Begin processing the 3000th record. run: 1 subRun: 1 event: 3000 at 10-Mar-2020 10:06:43 CDT
Begin processing the 5000th record. run: 1 subRun: 1 event: 5000 at 10-Mar-2020 10:06:46 CDT
Begin processing the 9000th record. run: 1 subRun: 2 event: 4000 at 10-Mar-2020 10:06:50 CDT
Begin processing the 17000th record. run: 1 subRun: 4 event: 2000 at 10-Mar-2020 10:06:58 CDT
Begin processing the 33000th record. run: 1 subRun: 7 event: 3000 at 10-Mar-2020 10:07:14 CDT
Begin processing the 65000th record. run: 1 subRun: 13 event: 5000 at 10-Mar-2020 10:07:45 CDT
Begin processing the 129000th record. run: 1 subRun: 26 event: 4000 at 10-Mar-2020 10:08:46 CDT
Begin processing the 257000th record. run: 1 subRun: 52 event: 2000 at 10-Mar-2020 10:10:50 CDT
Begin processing the 513000th record. run: 1 subRun: 103 event: 3000 at 10-Mar-2020 10:15:10 CDT
Begin processing the 1025000th record. run: 1 subRun: 205 event: 5000 at 10-Mar-2020 10:23:45 CDT
Begin processing the 2049000th record. run: 1 subRun: 410 event: 4000 at 10-Mar-2020 10:42:44 CDT
10-Mar-2020 10:50:17 CDT  Closed input file "/gm2/data/users/sgrant/LowDCAs_v2/tracks/vacuum_2um_truthLR_allTimes_noGeom.root"

TrigReport ---------- Event  Summary ------------
TrigReport Events total = 2495000 passed = 2495000 failed = 0

TrigReport ------ Modules in End-Path: end_path ------------
TrigReport  Trig Bit#        Run    Success      Error Name
TrigReport     0    0    2495000    2495000          0 nonePlusWrong
TrigReport     0    0    2495000    2495000          0 oneWrong

TimeReport ---------- Time  Summary ---[sec]----
TimeReport CPU = 1568.380569 Real = 2623.668475

MemReport  ---------- Memory  Summary ---[base-10 MB]----
MemReport  VmPeak = 1343.21 VmHWM = 461.808

