02-Mar-2020 13:00:08 CST  Initiating request to open input file "../../../runSim/File1/gm2tracker_sim_test_vacuum_20um_fullSeqFit_allTimes.root"
02-Mar-2020 13:00:08 CST  Opened input file "../../../runSim/File1/gm2tracker_sim_test_vacuum_20um_fullSeqFit_allTimes.root"
Begin processing the 1st record. run: 1 subRun: 20 event: 1 at 02-Mar-2020 13:00:13 CST
02-Mar-2020 13:00:13 CST  Opened output file with pattern "fails_filter.root"
02-Mar-2020 13:00:13 CST  Opened output file with pattern "passes_filter.root"
Begin processing the 101st record. run: 1 subRun: 20 event: 101 at 02-Mar-2020 13:00:14 CST
Begin processing the 201st record. run: 1 subRun: 20 event: 201 at 02-Mar-2020 13:00:14 CST
Begin processing the 301st record. run: 1 subRun: 20 event: 301 at 02-Mar-2020 13:00:14 CST
Begin processing the 401st record. run: 1 subRun: 20 event: 401 at 02-Mar-2020 13:00:14 CST
Begin processing the 501st record. run: 1 subRun: 20 event: 501 at 02-Mar-2020 13:00:15 CST
Begin processing the 601st record. run: 1 subRun: 20 event: 601 at 02-Mar-2020 13:00:15 CST
Begin processing the 701st record. run: 1 subRun: 20 event: 701 at 02-Mar-2020 13:00:15 CST
Begin processing the 801st record. run: 1 subRun: 20 event: 801 at 02-Mar-2020 13:00:15 CST
Begin processing the 901st record. run: 1 subRun: 20 event: 901 at 02-Mar-2020 13:00:15 CST
Begin processing the 2000th record. run: 1 subRun: 20 event: 2000 at 02-Mar-2020 13:00:18 CST
Begin processing the 3000th record. run: 1 subRun: 20 event: 3000 at 02-Mar-2020 13:00:20 CST
Begin processing the 5000th record. run: 1 subRun: 20 event: 5000 at 02-Mar-2020 13:00:25 CST
Begin processing the 9000th record. run: 1 subRun: 21 event: 4000 at 02-Mar-2020 13:00:35 CST
Begin processing the 17000th record. run: 1 subRun: 23 event: 2000 at 02-Mar-2020 13:00:55 CST
Begin processing the 33000th record. run: 1 subRun: 26 event: 3000 at 02-Mar-2020 13:01:35 CST
Begin processing the 65000th record. run: 1 subRun: 32 event: 5000 at 02-Mar-2020 13:02:52 CST
02-Mar-2020 13:04:22 CST  Closed output file "passes_filter.root"
02-Mar-2020 13:04:26 CST  Closed output file "fails_filter.root"
02-Mar-2020 13:04:26 CST  Closed input file "../../../runSim/File1/gm2tracker_sim_test_vacuum_20um_fullSeqFit_allTimes.root"

TrigReport ---------- Event  Summary ------------
TrigReport Events total = 100000 passed = 2 failed = 99998

TrigReport ------ Modules in End-Path: end_path ------------
TrigReport  Trig Bit#        Run    Success      Error Name
TrigReport     0    0          2          2          0 o1
TrigReport     0    0      99998      99998          0 o2
TrigReport     0    0     100000     100000          0 nonePlusWrong
TrigReport     0    0     100000     100000          0 oneWrong

TimeReport ---------- Time  Summary ---[sec]----
TimeReport CPU = 194.219473 Real = 256.374903

MemReport  ---------- Memory  Summary ---[base-10 MB]----
MemReport  VmPeak = 1238.65 VmHWM = 472.936

