27-Feb-2020 17:20:44 CST  Initiating request to open input file "../../../runSim/File24/gm2tracker_sim_test_vacuum_20um_mainFit_posTimes.root"
27-Feb-2020 17:20:45 CST  Opened input file "../../../runSim/File24/gm2tracker_sim_test_vacuum_20um_mainFit_posTimes.root"
Begin processing the 1st record. run: 1 subRun: 480 event: 1 at 27-Feb-2020 17:20:52 CST
Begin processing the 101st record. run: 1 subRun: 480 event: 101 at 27-Feb-2020 17:20:54 CST
Begin processing the 201st record. run: 1 subRun: 480 event: 201 at 27-Feb-2020 17:20:54 CST
Begin processing the 301st record. run: 1 subRun: 480 event: 301 at 27-Feb-2020 17:20:54 CST
Begin processing the 401st record. run: 1 subRun: 480 event: 401 at 27-Feb-2020 17:20:54 CST
Begin processing the 501st record. run: 1 subRun: 480 event: 501 at 27-Feb-2020 17:20:54 CST
Begin processing the 601st record. run: 1 subRun: 480 event: 601 at 27-Feb-2020 17:20:54 CST
Begin processing the 701st record. run: 1 subRun: 480 event: 701 at 27-Feb-2020 17:20:55 CST
Begin processing the 801st record. run: 1 subRun: 480 event: 801 at 27-Feb-2020 17:20:55 CST
Begin processing the 901st record. run: 1 subRun: 480 event: 901 at 27-Feb-2020 17:20:55 CST
Begin processing the 2000th record. run: 1 subRun: 480 event: 2000 at 27-Feb-2020 17:20:58 CST
Begin processing the 3000th record. run: 1 subRun: 480 event: 3000 at 27-Feb-2020 17:20:59 CST
Begin processing the 5000th record. run: 1 subRun: 480 event: 5000 at 27-Feb-2020 17:21:04 CST
Begin processing the 9000th record. run: 1 subRun: 481 event: 4000 at 27-Feb-2020 17:21:09 CST
Begin processing the 17000th record. run: 1 subRun: 483 event: 2000 at 27-Feb-2020 17:21:22 CST
Begin processing the 33000th record. run: 1 subRun: 486 event: 3000 at 27-Feb-2020 17:21:49 CST
Begin processing the 65000th record. run: 1 subRun: 492 event: 5000 at 27-Feb-2020 17:22:41 CST
27-Feb-2020 17:23:40 CST  Closed input file "../../../runSim/File24/gm2tracker_sim_test_vacuum_20um_mainFit_posTimes.root"

TrigReport ---------- Event  Summary ------------
TrigReport Events total = 100000 passed = 100000 failed = 0

TrigReport ------ Modules in End-Path: end_path ------------
TrigReport  Trig Bit#        Run    Success      Error Name
TrigReport     0    0     100000     100000          0 nonePlusWrong
TrigReport     0    0     100000     100000          0 oneWrong

TimeReport ---------- Time  Summary ---[sec]----
TimeReport CPU = 67.978666 Real = 173.706566

MemReport  ---------- Memory  Summary ---[base-10 MB]----
MemReport  VmPeak = 1192.38 VmHWM = 348.987

