25-Feb-2020 11:47:39 CST  Initiating request to open input file "/gm2/app/users/sgrant/analysis/LowDCAs_v2/runSim/File9/gm2tracker_sim_test_perfect_1.0Res_truthLR.root"
25-Feb-2020 11:47:39 CST  Opened input file "/gm2/app/users/sgrant/analysis/LowDCAs_v2/runSim/File9/gm2tracker_sim_test_perfect_1.0Res_truthLR.root"
Begin processing the 1st record. run: 1 subRun: 180 event: 1 at 25-Feb-2020 11:47:49 CST
Begin processing the 101st record. run: 1 subRun: 180 event: 101 at 25-Feb-2020 11:47:49 CST
Begin processing the 201st record. run: 1 subRun: 180 event: 201 at 25-Feb-2020 11:47:49 CST
Begin processing the 301st record. run: 1 subRun: 180 event: 301 at 25-Feb-2020 11:47:49 CST
Begin processing the 401st record. run: 1 subRun: 180 event: 401 at 25-Feb-2020 11:47:49 CST
Begin processing the 501st record. run: 1 subRun: 180 event: 501 at 25-Feb-2020 11:47:49 CST
Begin processing the 601st record. run: 1 subRun: 180 event: 601 at 25-Feb-2020 11:47:49 CST
Begin processing the 701st record. run: 1 subRun: 180 event: 701 at 25-Feb-2020 11:47:49 CST
Begin processing the 801st record. run: 1 subRun: 180 event: 801 at 25-Feb-2020 11:47:49 CST
Begin processing the 901st record. run: 1 subRun: 180 event: 901 at 25-Feb-2020 11:47:49 CST
Begin processing the 2000th record. run: 1 subRun: 180 event: 2000 at 25-Feb-2020 11:47:50 CST
Begin processing the 3000th record. run: 1 subRun: 180 event: 3000 at 25-Feb-2020 11:47:51 CST
Begin processing the 5000th record. run: 1 subRun: 180 event: 5000 at 25-Feb-2020 Begin processBegin processing the 9000th record. run: 1 subRun: 121 event: 4000 at 25-Feb-2020Begin processiBegin processing the 17000th record. run: 1 subRun: 183 event: 2000 at 25-Feb-202Begin processinBegin processing the 33000th record. run: 1 subRun: 186 event: 3Begin processingBegin processing the 65000th record. run: 1 subRun: 92 event: 5000 at 25-Feb-2025-Feb-2020 11:425-Feb-2020 11:49:19 CST  Closed input file "/gm2/app/users/sgrant/analysis/LowDCAs_v2/runSim/File3/gm2tracker_sim_test_perfect_1.0Res_truthLR.root"

TrigReport ---------- Event  Summary ------------
TrigReport Events total = 100000 passed = 100000 failed = 0

TrigReport ------ Modules in End-Path: end_path ------------
TrigReport  Trig Bit#        Run    Success      Error Name
TrigReport     0    0     100000     100000          0 nonePlusWrong
TrigReport     0    0     100000     100000          0 oneWrong

TimeReport ---------- Time  Summary ---[sec]----
TimeReport CPU = 99.598858 Real = 100.003409

MemReport  ---------- Memory  Summary ---[base-10 MB]----
MemReport  VmPeak = 1172.98 VmHWM = 283.632


HWM = 335.335

096

