18-Feb-2020 14:02:51 CST  Initiating request to open input file "../../runSim/File1/gm2tracker_sim_test_perfect.root"
18-Feb-2020 14:02:51 CST  Opened input file "../../runSim/File1/gm2tracker_sim_test_perfect.root"
Begin processing the 1st record. run: 1 subRun: 20 event: 1 at 18-Feb-2020 14:02:56 CST
Begin processing the 101st record. run: 1 subRun: 20 event: 101 at 18-Feb-2020 14:02:56 CST
Begin processing the 201st record. run: 1 subRun: 20 event: 201 at 18-Feb-2020 14:02:56 CST
Begin processing the 301st record. run: 1 subRun: 20 event: 301 at 18-Feb-2020 14:02:57 CST
Begin processing the 401st record. run: 1 subRun: 20 event: 401 at 18-Feb-2020 14:02:57 CST
Begin processing the 501st record. run: 1 subRun: 20 event: 501 at 18-Feb-2020 14:02:57 CST
Begin processing the 601st record. run: 1 subRun: 20 event: 601 at 18-Feb-2020 14:02:58 CST
Begin processing the 701st record. run: 1 subRun: 20 event: 701 at 18-Feb-2020 14:02:58 CST
Begin processing the 801st record. run: 1 subRun: 20 event: 801 at 18-Feb-2020 14:02:58 CST
Begin processing the 901st record. run: 1 subRun: 20 event: 901 at 18-Feb-2020 14:02:58 CST
Begin processing the 2000th record. run: 1 subRun: 20 event: 2000 at 18-Feb-2020 14:03:01 CST
Begin processing the 3000th record. run: 1 subRun: 20 event: 3000 at 18-Feb-2020 14:03:02 CST
Begin processing the 5000th record. run: 1 subRun: 20 event: 5000 at 18-Feb-2020 14:03:07 CST
Begin processing the 9000th record. run: 1 subRun: 21 event: 4000 at 18-Feb-2020 14:03:19 CST
Begin processing the 17000th record. run: 1 subRun: 23 event: 2000 at 18-Feb-2020 14:03:42 CST
Begin processing the 33000th record. run: 1 subRun: 26 event: 3000 at 18-Feb-2020 14:04:25 CST
Begin processing the 65000th record. run: 1 subRun: 32 event: 5000 at 18-Feb-2020 14:05:49 CST
18-Feb-2020 14:07:24 CST  Closed input file "../../runSim/File1/gm2tracker_sim_test_perfect.root"

TrigReport ---------- Event  Summary ------------
TrigReport Events total = 100000 passed = 100000 failed = 0

TrigReport ------ Modules in End-Path: end_path ------------
TrigReport  Trig Bit#        Run    Success      Error Name
TrigReport     0    0     100000     100000          0 nonePlusWrong
TrigReport     0    0     100000     100000          0 noneWrong
TrigReport     0    0     100000     100000          0 onePlusWrong
TrigReport     0    0     100000     100000          0 oneWrong
TrigReport     0    0     100000     100000          0 twoPlusWrong
TrigReport     0    0     100000     100000          0 twoWrong
TrigReport     0    0     100000     100000          0 threePlusWrong
TrigReport     0    0     100000     100000          0 threeWrong
TrigReport     0    0     100000     100000          0 fourPlusWrong
TrigReport     0    0     100000     100000          0 fourWrong
TrigReport     0    0     100000     100000          0 fivePlusWrong
TrigReport     0    0     100000     100000          0 fiveWrong

TimeReport ---------- Time  Summary ---[sec]----
TimeReport CPU = 271.153778 Real = 271.998003

MemReport  ---------- Memory  Summary ---[base-10 MB]----
MemReport  VmPeak = 1190.97 VmHWM = 360.321

