27-Feb-2020 15:50:09 CST  Initiating request to open input file "../../../runSim/File2/gm2tracker_sim_test_vacuum_20um_mainFit_posTimes.root"
27-Feb-2020 15:50:10 CST  Opened input file "../../../runSim/File2/gm2tracker_sim_test_vacuum_20um_mainFit_posTimes.root"
Begin processing the 1st record. run: 1 subRun: 40 event: 1 at 27-Feb-2020 15:50:17 CST
Begin processing the 101st record. run: 1 subRun: 40 event: 101 at 27-Feb-2020 15:50:18 CST
Begin processing the 201st record. run: 1 subRun: 40 event: 201 at 27-Feb-2020 15:50:18 CST
Begin processing the 301st record. run: 1 subRun: 40 event: 301 at 27-Feb-2020 15:50:18 CST
Begin processing the 401st record. run: 1 subRun: 40 event: 401 at 27-Feb-2020 15:50:18 CST
Begin processing the 501st record. run: 1 subRun: 40 event: 501 at 27-Feb-2020 15:50:18 CST
Begin processing the 601st record. run: 1 subRun: 40 event: 601 at 27-Feb-2020 15:50:18 CST
Begin processing the 701st record. run: 1 subRun: 40 event: 701 at 27-Feb-2020 15:50:18 CST
Begin processing the 801st record. run: 1 subRun: 40 event: 801 at 27-Feb-2020 15:50:18 CST
Begin processing the 901st record. run: 1 subRun: 40 event: 901 at 27-Feb-2020 15:50:18 CST
Begin processing the 2000th record. run: 1 subRun: 40 event: 2000 at 27-Feb-2020 15:50:20 CST
Begin processing the 3000th record. run: 1 subRun: 40 event: 3000 at 27-Feb-2020 15:50:21 CST
Begin processing the 5000th record. run: 1 subRun: 40 event: 5000 at 27-Feb-2020 15:50:24 CST
Begin processing the 9000th record. run: 1 subRun: 41 event: 4000 at 27-Feb-2020 15:50:31 CST
Begin processing the 17000th record. run: 1 subRun: 43 event: 2000 at 27-Feb-2020 15:50:43 CST
Begin processing the 33000th record. run: 1 subRun: 46 event: 3000 at 27-Feb-2020 15:51:08 CST
Begin processing the 65000th record. run: 1 subRun: 52 event: 5000 at 27-Feb-2020 15:52:03 CST
27-Feb-2020 15:53:03 CST  Closed input file "../../../runSim/File2/gm2tracker_sim_test_vacuum_20um_mainFit_posTimes.root"

TrigReport ---------- Event  Summary ------------
TrigReport Events total = 100000 passed = 100000 failed = 0

TrigReport ------ Modules in End-Path: end_path ------------
TrigReport  Trig Bit#        Run    Success      Error Name
TrigReport     0    0     100000     100000          0 nonePlusWrong
TrigReport     0    0     100000     100000          0 oneWrong

TimeReport ---------- Time  Summary ---[sec]----
TimeReport CPU = 93.467791 Real = 172.261224

MemReport  ---------- Memory  Summary ---[base-10 MB]----
MemReport  VmPeak = 1192.35 VmHWM = 345.035

