25-Feb-2020 16:46:37 CST  Initiating request to open input file "/gm2/app/users/sgrant/analysis/LowDCAs_v2/runSim/File3/gm2tracker_sim_test_perfect_nonimalRes_mainFit.root"
25-Feb-2020 16:46:37 CST  Opened input file "/gm2/app/users/sgrant/analysis/LowDCAs_v2/runSim/File3/gm2tracker_sim_test_perfect_nonimalRes_mainFit.root"
Begin processing the 1st record. run: 1 subRun: 60 event: 1 at 25-Feb-2020 16:46:45 CST
Begin processing the 101st record. run: 1 subRun: 60 event: 101 at 25-Feb-2020 16:46:45 CST
Begin processing the 201st record. run: 1 subRun: 60 event: 201 at 25-Feb-2020 16:46:46 CST
Begin processing the 301st record. run: 1 subRun: 60 event: 301 at 25-Feb-2020 16:46:46 CST
Begin processing the 401st record. run: 1 subRun: 60 event: 401 at 25-Feb-2020 16:46:46 CST
Begin processing the 501st record. run: 1 subRun: 60 event: 501 at 25-Feb-2020 16:46:46 CST
Begin processing the 601st record. run: 1 subRun: 60 event: 601 at 25-Feb-2020 16:46:46 CST
Begin processing the 701st record. run: 1 subRun: 60 event: 701 at 25-Feb-2020 16:46:46 CST
Begin processing the 801st record. run: 1 subRun: 60 event: 801 at 25-Feb-2020 16:46:46 CST
Begin processing the 901st record. run: 1 subRun: 60 event: 901 at 25-Feb-2020 16:46:46 CST
Begin processing the 2000th record. run: 1 subRun: 60 event: 2000 at 25-Feb-2020 16:46:48 CST
Begin processing the 3000th record. run: 1 subRun: 60 event: 3000 at 25-Feb-2020 16:46:49 CST
Begin processing the 5000th record. run: 1 subRun: 60 event: 5000 at 25-Feb-2020 16:46:51 CST
Begin processing the 9000th record. run: 1 subRun: 61 event: 4000 at 25-Feb-2020 16:46:55 CST
Begin processing the 17000th record. run: 1 subRun: 63 event: 2000 at 25-Feb-2020 16:47:02 CST
Begin processing the 33000th record. run: 1 subRun: 66 event: 3000 at 25-Feb-2020 16:47:14 CST
Begin processing the 65000th record. run: 1 subRun: 72 event: 5000 at 25-Feb-2020 16:47:42 CST
25-Feb-2020 16:48:12 CST  Closed input file "/gm2/app/users/sgrant/analysis/LowDCAs_v2/runSim/File3/gm2tracker_sim_test_perfect_nonimalRes_mainFit.root"

TrigReport ---------- Event  Summary ------------
TrigReport Events total = 100000 passed = 100000 failed = 0

TrigReport ------ Modules in End-Path: end_path ------------
TrigReport  Trig Bit#        Run    Success      Error Name
TrigReport     0    0     100000     100000          0 nonePlusWrong
TrigReport     0    0     100000     100000          0 oneWrong

TimeReport ---------- Time  Summary ---[sec]----
TimeReport CPU = 94.102695 Real = 94.472702

MemReport  ---------- Memory  Summary ---[base-10 MB]----
MemReport  VmPeak = 1192.44 VmHWM = 334.832

42 VmHWM = 307.237

