18-Feb-2020 14:55:50 CST  Initiating request to open input file "../../runSim/File12/gm2tracker_sim_test_perfect.root"
18-Feb-2020 14:55:51 CST  Opened input file "../../runSim/File12/gm2tracker_sim_test_perfect.root"
Begin processing the 1st record. run: 1 subRun: 240 event: 1 at 18-Feb-2020 14:55:56 CST
Begin processing the 101st record. run: 1 subRun: 240 event: 101 at 18-Feb-2020 14:55:57 CST
Begin processing the 201st record. run: 1 subRun: 240 event: 201 at 18-Feb-2020 14:55:57 CST
Begin processing the 301st record. run: 1 subRun: 240 event: 301 at 18-Feb-2020 14:55:57 CST
Begin processing the 401st record. run: 1 subRun: 240 event: 401 at 18-Feb-2020 14:55:57 CST
Begin processing the 501st record. run: 1 subRun: 240 event: 501 at 18-Feb-2020 14:55:58 CST
Begin processing the 601st record. run: 1 subRun: 240 event: 601 at 18-Feb-2020 14:55:58 CST
Begin processing the 701st record. run: 1 subRun: 240 event: 701 at 18-Feb-2020 14:55:58 CST
Begin processing the 801st record. run: 1 subRun: 240 event: 801 at 18-Feb-2020 14:55:58 CST
Begin processing the 901st record. run: 1 subRun: 240 event: 901 at 18-Feb-2020 14:55:58 CST
Begin processing the 2000th record. run: 1 subRun: 240 event: 2000 at 18-Feb-2020 14:56:01 CST
Begin processing the 3000th record. run: 1 subRun: 240 event: 3000 at 18-Feb-2020 14:56:03 CST
Begin processing the 5000th record. run: 1 subRun: 240 event: 5000 at 18-Feb-2020 14:56:09 CST
Begin processing the 9000th record. run: 1 subRun: 241 event: 4000 at 18-Feb-2020 14:56:19 CST
Begin processing the 17000th record. run: 1 subRun: 243 event: 2000 at 18-Feb-2020 14:56:39 CST
Begin processing the 33000th record. run: 1 subRun: 246 event: 3000 at 18-Feb-2020 14:57:20 CST
Begin processing the 65000th record. run: 1 subRun: 252 event: 5000 at 18-Feb-2020 14:58:51 CST
18-Feb-2020 15:00:24 CST  Closed input file "../../runSim/File12/gm2tracker_sim_test_perfect.root"

TrigReport ---------- Event  Summary ------------
TrigReport Events total = 100000 passed = 100000 failed = 0

TrigReport ------ Modules in End-Path: end_path ------------
TrigReport  Trig Bit#        Run    Success      Error Name
TrigReport     0    0     100000     100000          0 nonePlusWrong
TrigReport     0    0     100000     100000          0 noneWrong
TrigReport     0    0     100000     100000          0 onePlusWrong
TrigReport     0    0     100000     100000          0 oneWrong
TrigReport     0    0     100000     100000          0 twoPlusWrong
TrigReport     0    0     100000     100000          0 twoWrong
TrigReport     0    0     100000     100000          0 threePlusWrong
TrigReport     0    0     100000     100000          0 threeWrong
TrigReport     0    0     100000     100000          0 fourPlusWrong
TrigReport     0    0     100000     100000          0 fourWrong
TrigReport     0    0     100000     100000          0 fivePlusWrong
TrigReport     0    0     100000     100000          0 fiveWrong

TimeReport ---------- Time  Summary ---[sec]----
TimeReport CPU = 271.330752 Real = 271.998123

MemReport  ---------- Memory  Summary ---[base-10 MB]----
MemReport  VmPeak = 1190.97 VmHWM = 369.816

