02-Mar-2020 13:47:15 CST  Initiating request to open input file "../../../runSim/File12/gm2tracker_sim_test_vacuum_20um_fullSeqFit_allTimes.root"
02-Mar-2020 13:47:15 CST  Opened input file "../../../runSim/File12/gm2tracker_sim_test_vacuum_20um_fullSeqFit_allTimes.root"
Begin processing the 1st record. run: 1 subRun: 240 event: 1 at 02-Mar-2020 13:47:20 CST
02-Mar-2020 13:47:20 CST  Opened output file with pattern "passes_filter.root"
02-Mar-2020 13:47:20 CST  Opened output file with pattern "fails_filter.root"
Begin processing the 101st record. run: 1 subRun: 240 event: 101 at 02-Mar-2020 13:47:21 CST
Begin processing the 201st record. run: 1 subRun: 240 event: 201 at 02-Mar-2020 13:47:21 CST
Begin processing the 301st record. run: 1 subRun: 240 event: 301 at 02-Mar-2020 13:47:21 CST
Begin processing the 401st record. run: 1 subRun: 240 event: 401 at 02-Mar-2020 13:47:21 CST
Begin processing the 501st record. run: 1 subRun: 240 event: 501 at 02-Mar-2020 13:47:22 CST
Begin processing the 601st record. run: 1 subRun: 240 event: 601 at 02-Mar-2020 13:47:22 CST
Begin processing the 701st record. run: 1 subRun: 240 event: 701 at 02-Mar-2020 13:47:22 CST
Begin processing the 801st record. run: 1 subRun: 240 event: 801 at 02-Mar-2020 13:47:22 CST
Begin processing the 901st record. run: 1 subRun: 240 event: 901 at 02-Mar-2020 13:47:22 CST
Begin processing the 2000th record. run: 1 subRun: 240 event: 2000 at 02-Mar-2020 13:47:25 CST
Begin processing the 3000th record. run: 1 subRun: 240 event: 3000 at 02-Mar-2020 13:47:27 CST
Begin processing the 5000th record. run: 1 subRun: 240 event: 5000 at 02-Mar-2020 13:47:31 CST
Begin processing the 9000th record. run: 1 subRun: 241 event: 4000 at 02-Mar-2020 13:47:39 CST
Begin processing the 17000th record. run: 1 subRun: 243 event: 2000 at 02-Mar-2020 13:47:56 CST
Begin processing the 33000th record. run: 1 subRun: 246 event: 3000 at 02-Mar-2020 13:48:29 CST
Begin processing the 65000th record. run: 1 subRun: 252 event: 5000 at 02-Mar-2020 13:49:38 CST
02-Mar-2020 13:50:51 CST  Closed output file "passes_filter.root"
02-Mar-2020 13:50:55 CST  Closed output file "fails_filter.root"
02-Mar-2020 13:50:55 CST  Closed input file "../../../runSim/File12/gm2tracker_sim_test_vacuum_20um_fullSeqFit_allTimes.root"

TrigReport ---------- Event  Summary ------------
TrigReport Events total = 100000 passed = 1 failed = 99999

TrigReport ------ Modules in End-Path: end_path ------------
TrigReport  Trig Bit#        Run    Success      Error Name
TrigReport     0    0          1          1          0 o1
TrigReport     0    0      99999      99999          0 o2

TimeReport ---------- Time  Summary ---[sec]----
TimeReport CPU = 154.894453 Real = 219.115581

MemReport  ---------- Memory  Summary ---[base-10 MB]----
MemReport  VmPeak = 1241.23 VmHWM = 466.719

