02-Mar-2020 16:11:40 CST  Initiating request to open input file "../../../runSim/File6/gm2tracker_sim_test_vacuum_20um_fullSeqFit_posTimes.root"
02-Mar-2020 16:11:40 CST  Opened input file "../../../runSim/File6/gm2tracker_sim_test_vacuum_20um_fullSeqFit_posTimes.root"
Begin processing the 1st record. run: 1 subRun: 120 event: 1 at 02-Mar-2020 16:11:45 CST
02-Mar-2020 16:11:45 CST  Opened output file with pattern "passes_filter.root"
02-Mar-2020 16:11:46 CST  Opened output file with pattern "fails_filter.root"
Begin processing the 101st record. run: 1 subRun: 120 event: 101 at 02-Mar-2020 16:11:46 CST
Begin processing the 201st record. run: 1 subRun: 120 event: 201 at 02-Mar-2020 16:11:46 CST
Begin processing the 301st record. run: 1 subRun: 120 event: 301 at 02-Mar-2020 16:11:46 CST
Begin processing the 401st record. run: 1 subRun: 120 event: 401 at 02-Mar-2020 16:11:46 CST
Begin processing the 501st record. run: 1 subRun: 120 event: 501 at 02-Mar-2020 16:11:47 CST
Begin processing the 601st record. run: 1 subRun: 120 event: 601 at 02-Mar-2020 16:11:47 CST
Begin processing the 701st record. run: 1 subRun: 120 event: 701 at 02-Mar-2020 16:11:47 CST
Begin processing the 801st record. run: 1 subRun: 120 event: 801 at 02-Mar-2020 16:11:47 CST
Begin processing the 901st record. run: 1 subRun: 120 event: 901 at 02-Mar-2020 16:11:47 CST
Begin processing the 2000th record. run: 1 subRun: 120 event: 2000 at 02-Mar-2020 16:11:50 CST
Begin processing the 3000th record. run: 1 subRun: 120 event: 3000 at 02-Mar-2020 16:11:52 CST
Begin processing the 5000th record. run: 1 subRun: 120 event: 5000 at 02-Mar-2020 16:11:58 CST
Begin processing the 9000th record. run: 1 subRun: 121 event: 4000 at 02-Mar-2020 16:12:08 CST
Begin processing the 17000th record. run: 1 subRun: 123 event: 2000 at 02-Mar-2020 16:12:29 CST
Begin processing the 33000th record. run: 1 subRun: 126 event: 3000 at 02-Mar-2020 16:13:09 CST
Begin processing the 65000th record. run: 1 subRun: 132 event: 5000 at 02-Mar-2020 16:14:28 CST
02-Mar-2020 16:16:09 CST  Closed output file "passes_filter.root"
02-Mar-2020 16:16:13 CST  Closed output file "fails_filter.root"
02-Mar-2020 16:16:13 CST  Closed input file "../../../runSim/File6/gm2tracker_sim_test_vacuum_20um_fullSeqFit_posTimes.root"

TrigReport ---------- Event  Summary ------------
TrigReport Events total = 100000 passed = 1 failed = 99999

TrigReport ------ Modules in End-Path: end_path ------------
TrigReport  Trig Bit#        Run    Success      Error Name
TrigReport     0    0          1          1          0 o1
TrigReport     0    0      99999      99999          0 o2

TimeReport ---------- Time  Summary ---[sec]----
TimeReport CPU = 167.265572 Real = 271.897971

MemReport  ---------- Memory  Summary ---[base-10 MB]----
MemReport  VmPeak = 1220.03 VmHWM = 390.959

