02-Mar-2020 17:08:19 CST  Initiating request to open input file "../../../runSim/File17/gm2tracker_sim_test_vacuum_20um_fullSeqFit_posTimes.root"
02-Mar-2020 17:08:19 CST  Opened input file "../../../runSim/File17/gm2tracker_sim_test_vacuum_20um_fullSeqFit_posTimes.root"
Begin processing the 1st record. run: 1 subRun: 340 event: 1 at 02-Mar-2020 17:08:25 CST
02-Mar-2020 17:08:25 CST  Opened output file with pattern "passes_filter.root"
02-Mar-2020 17:08:25 CST  Opened output file with pattern "fails_filter.root"
Begin processing the 101st record. run: 1 subRun: 340 event: 101 at 02-Mar-2020 17:08:25 CST
Begin processing the 201st record. run: 1 subRun: 340 event: 201 at 02-Mar-2020 17:08:25 CST
Begin processing the 301st record. run: 1 subRun: 340 event: 301 at 02-Mar-2020 17:08:26 CST
Begin processing the 401st record. run: 1 subRun: 340 event: 401 at 02-Mar-2020 17:08:26 CST
Begin processing the 501st record. run: 1 subRun: 340 event: 501 at 02-Mar-2020 17:08:26 CST
Begin processing the 601st record. run: 1 subRun: 340 event: 601 at 02-Mar-2020 17:08:27 CST
Begin processing the 701st record. run: 1 subRun: 340 event: 701 at 02-Mar-2020 17:08:27 CST
Begin processing the 801st record. run: 1 subRun: 340 event: 801 at 02-Mar-2020 17:08:27 CST
Begin processing the 901st record. run: 1 subRun: 340 event: 901 at 02-Mar-2020 17:08:28 CST
Begin processing the 2000th record. run: 1 subRun: 340 event: 2000 at 02-Mar-2020 17:08:31 CST
Begin processing the 3000th record. run: 1 subRun: 340 event: 3000 at 02-Mar-2020 17:08:34 CST
Begin processing the 5000th record. run: 1 subRun: 340 event: 5000 at 02-Mar-2020 17:08:41 CST
Begin processing the 9000th record. run: 1 subRun: 341 event: 4000 at 02-Mar-2020 17:08:54 CST
Begin processing the 17000th record. run: 1 subRun: 343 event: 2000 at 02-Mar-2020 17:09:20 CST
Begin processing the 33000th record. run: 1 subRun: 346 event: 3000 at 02-Mar-2020 17:10:14 CST
Begin processing the 65000th record. run: 1 subRun: 352 event: 5000 at 02-Mar-2020 17:12:01 CST
02-Mar-2020 17:13:59 CST  Closed output file "passes_filter.root"
02-Mar-2020 17:14:03 CST  Closed input file "../../../runSim/File17/gm2tracker_sim_test_vacuum_20um_fullSeqFit_posTimes.root"

TrigReport ---------- Event  Summary ------------
TrigReport Events total = 100000 passed = 2 failed = 99998

TrigReport ------ Modules in End-Path: end_path ------------
TrigReport  Trig Bit#        Run    Success      Error Name
TrigReport     0    0          2          2          0 o1
TrigReport     0    0      99998      99998          0 o2

TimeReport ---------- Time  Summary ---[sec]----
TimeReport CPU = 188.943276 Real = 343.053763

MemReport  ---------- Memory  Summary ---[base-10 MB]----
MemReport  VmPeak = 1213.69 VmHWM = 379.544

%MSG-s ArtException:  PostEndJob 02-Mar-2020 17:14:03 CST ModuleEndJob
cet::exception caught in art
---- OtherArt BEGIN
  ---- FatalRootError BEGIN
    Fatal Root Error: @SUB=TFile::WriteBuffer
    error writing to file ./RootOutput-2781-6efe-6d6c-0f4f.root (-1) (Disk quota exceeded)
  ---- FatalRootError END
---- OtherArt END
%MSG
