03-Feb-2020 08:21:11 CST  Initiating request to open input file "../../runSim/File203/gm2tracker_sim_scan.root"
03-Feb-2020 08:21:11 CST  Opened input file "../../runSim/File203/gm2tracker_sim_scan.root"
Begin processing the 1st record. run: 1567190852 subRun: 1 event: 1 at 03-Feb-2020 08:21:16 CST
Begin processing the 101st record. run: 1567190852 subRun: 1 event: 101 at 03-Feb-2020 08:21:16 CST
Begin processing the 201st record. run: 1567190852 subRun: 1 event: 201 at 03-Feb-2020 08:21:17 CST
Begin processing the 301st record. run: 1567190852 subRun: 1 event: 301 at 03-Feb-2020 08:21:17 CST
Begin processing the 401st record. run: 1567190852 subRun: 1 event: 401 at 03-Feb-2020 08:21:18 CST
Begin processing the 501st record. run: 1567190852 subRun: 1 event: 501 at 03-Feb-2020 08:21:18 CST
Begin processing the 601st record. run: 1567190852 subRun: 1 event: 601 at 03-Feb-2020 08:21:18 CST
Begin processing the 701st record. run: 1567190852 subRun: 1 event: 701 at 03-Feb-2020 08:21:19 CST
Begin processing the 801st record. run: 1567190852 subRun: 1 event: 801 at 03-Feb-2020 08:21:20 CST
Begin processing the 901st record. run: 1567190852 subRun: 1 event: 901 at 03-Feb-2020 08:21:20 CST
Begin processing the 2000th record. run: 1567190852 subRun: 1 event: 2000 at 03-Feb-2020 08:21:24 CST
Begin processing the 3000th record. run: 1567190852 subRun: 1 event: 3000 at 03-Feb-2020 08:21:29 CST
Begin processing the 5000th record. run: 1567190852 subRun: 1 event: 5000 at 03-Feb-2020 08:21:39 CST
03-Feb-2020 08:21:39 CST  Closed input file "../../runSim/File203/gm2tracker_sim_scan.root"

TrigReport ---------- Event  Summary ------------
TrigReport Events total = 5000 passed = 5000 failed = 0

TrigReport ------ Modules in End-Path: end_path ------------
TrigReport  Trig Bit#        Run    Success      Error Name
TrigReport     0    0       5000       5000          0 plots0
TrigReport     0    0       5000       5000          0 plots1
TrigReport     0    0       5000       5000          0 plots2
TrigReport     0    0       5000       5000          0 plots3
TrigReport     0    0       5000       5000          0 plots4
TrigReport     0    0       5000       5000          0 plots5
TrigReport     0    0       5000       5000          0 plots6
TrigReport     0    0       5000       5000          0 plots7
TrigReport     0    0       5000       5000          0 plots8
TrigReport     0    0       5000       5000          0 plots9
TrigReport     0    0       5000       5000          0 plots10
TrigReport     0    0       5000       5000          0 plots11
TrigReport     0    0       5000       5000          0 plots12
TrigReport     0    0       5000       5000          0 plots13
TrigReport     0    0       5000       5000          0 plots14
TrigReport     0    0       5000       5000          0 plots15
TrigReport     0    0       5000       5000          0 plots16
TrigReport     0    0       5000       5000          0 plots17
TrigReport     0    0       5000       5000          0 plots18
TrigReport     0    0       5000       5000          0 plots19
TrigReport     0    0       5000       5000          0 plots20

TimeReport ---------- Time  Summary ---[sec]----
TimeReport CPU = 27.640798 Real = 27.685762

MemReport  ---------- Memory  Summary ---[base-10 MB]----
MemReport  VmPeak = 1190.9 VmHWM = 419.34

