02-Mar-2020 16:56:44 CST  Initiating request to open input file "../../../runSim/File15/gm2tracker_sim_test_vacuum_20um_fullSeqFit_posTimes.root"
02-Mar-2020 16:56:44 CST  Opened input file "../../../runSim/File15/gm2tracker_sim_test_vacuum_20um_fullSeqFit_posTimes.root"
Begin processing the 1st record. run: 1 subRun: 300 event: 1 at 02-Mar-2020 16:56:50 CST
02-Mar-2020 16:56:50 CST  Opened output file with pattern "passes_filter.root"
02-Mar-2020 16:56:50 CST  Opened output file with pattern "fails_filter.root"
Begin processing the 101st record. run: 1 subRun: 300 event: 101 at 02-Mar-2020 16:56:51 CST
Begin processing the 201st record. run: 1 subRun: 300 event: 201 at 02-Mar-2020 16:56:51 CST
Begin processing the 301st record. run: 1 subRun: 300 event: 301 at 02-Mar-2020 16:56:51 CST
Begin processing the 401st record. run: 1 subRun: 300 event: 401 at 02-Mar-2020 16:56:51 CST
Begin processing the 501st record. run: 1 subRun: 300 event: 501 at 02-Mar-2020 16:56:52 CST
Begin processing the 601st record. run: 1 subRun: 300 event: 601 at 02-Mar-2020 16:56:52 CST
Begin processing the 701st record. run: 1 subRun: 300 event: 701 at 02-Mar-2020 16:56:52 CST
Begin processing the 801st record. run: 1 subRun: 300 event: 801 at 02-Mar-2020 16:56:53 CST
Begin processing the 901st record. run: 1 subRun: 300 event: 901 at 02-Mar-2020 16:56:53 CST
Begin processing the 2000th record. run: 1 subRun: 300 event: 2000 at 02-Mar-2020 16:56:57 CST
Begin processing the 3000th record. run: 1 subRun: 300 event: 3000 at 02-Mar-2020 16:57:00 CST
Begin processing the 5000th record. run: 1 subRun: 300 event: 5000 at 02-Mar-2020 16:57:08 CST
Begin processing the 9000th record. run: 1 subRun: 301 event: 4000 at 02-Mar-2020 16:57:21 CST
Begin processing the 17000th record. run: 1 subRun: 303 event: 2000 at 02-Mar-2020 16:57:46 CST
Begin processing the 33000th record. run: 1 subRun: 306 event: 3000 at 02-Mar-2020 16:58:37 CST
Begin processing the 65000th record. run: 1 subRun: 312 event: 5000 at 02-Mar-2020 17:00:18 CST
02-Mar-2020 17:02:19 CST  Closed output file "passes_filter.root"
02-Mar-2020 17:02:24 CST  Closed output file "fails_filter.root"
02-Mar-2020 17:02:24 CST  Closed input file "../../../runSim/File15/gm2tracker_sim_test_vacuum_20um_fullSeqFit_posTimes.root"

TrigReport ---------- Event  Summary ------------
TrigReport Events total = 100000 passed = 2 failed = 99998

TrigReport ------ Modules in End-Path: end_path ------------
TrigReport  Trig Bit#        Run    Success      Error Name
TrigReport     0    0          2          2          0 o1
TrigReport     0    0      99998      99998          0 o2

TimeReport ---------- Time  Summary ---[sec]----
TimeReport CPU = 187.771455 Real = 339.300091

MemReport  ---------- Memory  Summary ---[base-10 MB]----
MemReport  VmPeak = 1246.75 VmHWM = 416.895

