04-Feb-2020 15:49:11 CST  Initiating request to open input file "../../runSim/File210/gm2tracker_sim_scan.root"
04-Feb-2020 15:49:11 CST  Opened input file "../../runSim/File210/gm2tracker_sim_scan.root"
Begin processing the 1st record. run: 1567190852 subRun: 1 event: 1 at 04-Feb-2020 15:49:16 CST
Begin processing the 101st record. run: 1567190852 subRun: 1 event: 101 at 04-Feb-2020 15:49:17 CST
Begin processing the 201st record. run: 1567190852 subRun: 1 event: 201 at 04-Feb-2020 15:49:17 CST
Begin processing the 301st record. run: 1567190852 subRun: 1 event: 301 at 04-Feb-2020 15:49:17 CST
Begin processing the 401st record. run: 1567190852 subRun: 1 event: 401 at 04-Feb-2020 15:49:17 CST
Begin processing the 501st record. run: 1567190852 subRun: 1 event: 501 at 04-Feb-2020 15:49:17 CST
Begin processing the 601st record. run: 1567190852 subRun: 1 event: 601 at 04-Feb-2020 15:49:18 CST
Begin processing the 701st record. run: 1567190852 subRun: 1 event: 701 at 04-Feb-2020 15:49:18 CST
Begin processing the 801st record. run: 1567190852 subRun: 1 event: 801 at 04-Feb-2020 15:49:18 CST
Begin processing the 901st record. run: 1567190852 subRun: 1 event: 901 at 04-Feb-2020 15:49:18 CST
Begin processing the 2000th record. run: 1567190852 subRun: 1 event: 2000 at 04-Feb-2020 15:49:21 CST
Begin processing the 3000th record. run: 1567190852 subRun: 1 event: 3000 at 04-Feb-2020 15:49:23 CST
Begin processing the 5000th record. run: 1567190852 subRun: 1 event: 5000 at 04-Feb-2020 15:49:27 CST
04-Feb-2020 15:49:27 CST  Closed input file "../../runSim/File210/gm2tracker_sim_scan.root"

TrigReport ---------- Event  Summary ------------
TrigReport Events total = 5000 passed = 5000 failed = 0

TrigReport ------ Modules in End-Path: end_path ------------
TrigReport  Trig Bit#        Run    Success      Error Name
TrigReport     0    0       5000       5000          0 nonePlusWrong
TrigReport     0    0       5000       5000          0 noneWrong
TrigReport     0    0       5000       5000          0 twoPlusWrong
TrigReport     0    0       5000       5000          0 twoWrong
TrigReport     0    0       5000       5000          0 threePlusWrong
TrigReport     0    0       5000       5000          0 threeWrong
TrigReport     0    0       5000       5000          0 fourPlusWrong
TrigReport     0    0       5000       5000          0 fourWrong
TrigReport     0    0       5000       5000          0 fivePlusWrong
TrigReport     0    0       5000       5000          0 fiveWrong

TimeReport ---------- Time  Summary ---[sec]----
TimeReport CPU = 14.871739 Real = 14.904279

MemReport  ---------- Memory  Summary ---[base-10 MB]----
MemReport  VmPeak = 1174.69 VmHWM = 339.329

