27-Feb-2020 16:23:29 CST  Initiating request to open input file "../../../runSim/File10/gm2tracker_sim_test_vacuum_20um_mainFit_posTimes.root"
27-Feb-2020 16:23:30 CST  Opened input file "../../../runSim/File10/gm2tracker_sim_test_vacuum_20um_mainFit_posTimes.root"
Begin processing the 1st record. run: 1 subRun: 200 event: 1 at 27-Feb-2020 16:23:38 CST
Begin processing the 101st record. run: 1 subRun: 200 event: 101 at 27-Feb-2020 16:23:40 CST
Begin processing the 201st record. run: 1 subRun: 200 event: 201 at 27-Feb-2020 16:23:40 CST
Begin processing the 301st record. run: 1 subRun: 200 event: 301 at 27-Feb-2020 16:23:40 CST
Begin processing the 401st record. run: 1 subRun: 200 event: 401 at 27-Feb-2020 16:23:41 CST
Begin processing the 501st record. run: 1 subRun: 200 event: 501 at 27-Feb-2020 16:23:41 CST
Begin processing the 601st record. run: 1 subRun: 200 event: 601 at 27-Feb-2020 16:23:41 CST
Begin processing the 701st record. run: 1 subRun: 200 event: 701 at 27-Feb-2020 16:23:41 CST
Begin processing the 801st record. run: 1 subRun: 200 event: 801 at 27-Feb-2020 16:23:41 CST
Begin processing the 901st record. run: 1 subRun: 200 event: 901 at 27-Feb-2020 16:23:42 CST
Begin processing the 2000th record. run: 1 subRun: 200 event: 2000 at 27-Feb-2020 16:23:43 CST
Begin processing the 3000th record. run: 1 subRun: 200 event: 3000 at 27-Feb-2020 16:23:44 CST
Begin processing the 5000th record. run: 1 subRun: 200 event: 5000 at 27-Feb-2020 16:23:49 CST
Begin processing the 9000th record. run: 1 subRun: 201 event: 4000 at 27-Feb-2020 16:23:59 CST
Begin processing the 17000th record. run: 1 subRun: 203 event: 2000 at 27-Feb-2020 16:24:12 CST
Begin processing the 33000th record. run: 1 subRun: 206 event: 3000 at 27-Feb-2020 16:25:13 CST
Begin processing the 65000th record. run: 1 subRun: 212 event: 5000 at 27-Feb-2020 16:26:44 CST
27-Feb-2020 16:28:24 CST  Closed input file "../../../runSim/File10/gm2tracker_sim_test_vacuum_20um_mainFit_posTimes.root"

TrigReport ---------- Event  Summary ------------
TrigReport Events total = 100000 passed = 100000 failed = 0

TrigReport ------ Modules in End-Path: end_path ------------
TrigReport  Trig Bit#        Run    Success      Error Name
TrigReport     0    0     100000     100000          0 nonePlusWrong
TrigReport     0    0     100000     100000          0 oneWrong

TimeReport ---------- Time  Summary ---[sec]----
TimeReport CPU = 81.000686 Real = 292.881198

MemReport  ---------- Memory  Summary ---[base-10 MB]----
MemReport  VmPeak = 1192.4 VmHWM = 344.994

