02-Mar-2020 16:50:52 CST  Initiating request to open input file "../../../runSim/File14/gm2tracker_sim_test_vacuum_20um_fullSeqFit_posTimes.root"
02-Mar-2020 16:50:53 CST  Opened input file "../../../runSim/File14/gm2tracker_sim_test_vacuum_20um_fullSeqFit_posTimes.root"
Begin processing the 1st record. run: 1 subRun: 280 event: 1 at 02-Mar-2020 16:50:58 CST
02-Mar-2020 16:50:58 CST  Opened output file with pattern "fails_filter.root"
02-Mar-2020 16:50:58 CST  Opened output file with pattern "passes_filter.root"
Begin processing the 101st record. run: 1 subRun: 280 event: 101 at 02-Mar-2020 16:50:59 CST
Begin processing the 201st record. run: 1 subRun: 280 event: 201 at 02-Mar-2020 16:50:59 CST
Begin processing the 301st record. run: 1 subRun: 280 event: 301 at 02-Mar-2020 16:50:59 CST
Begin processing the 401st record. run: 1 subRun: 280 event: 401 at 02-Mar-2020 16:50:59 CST
Begin processing the 501st record. run: 1 subRun: 280 event: 501 at 02-Mar-2020 16:51:00 CST
Begin processing the 601st record. run: 1 subRun: 280 event: 601 at 02-Mar-2020 16:51:00 CST
Begin processing the 701st record. run: 1 subRun: 280 event: 701 at 02-Mar-2020 16:51:00 CST
Begin processing the 801st record. run: 1 subRun: 280 event: 801 at 02-Mar-2020 16:51:00 CST
Begin processing the 901st record. run: 1 subRun: 280 event: 901 at 02-Mar-2020 16:51:01 CST
Begin processing the 2000th record. run: 1 subRun: 280 event: 2000 at 02-Mar-2020 16:51:05 CST
Begin processing the 3000th record. run: 1 subRun: 280 event: 3000 at 02-Mar-2020 16:51:07 CST
Begin processing the 5000th record. run: 1 subRun: 280 event: 5000 at 02-Mar-2020 16:51:14 CST
Begin processing the 9000th record. run: 1 subRun: 281 event: 4000 at 02-Mar-2020 16:51:28 CST
Begin processing the 17000th record. run: 1 subRun: 283 event: 2000 at 02-Mar-2020 16:51:55 CST
Begin processing the 33000th record. run: 1 subRun: 286 event: 3000 at 02-Mar-2020 16:52:48 CST
Begin processing the 65000th record. run: 1 subRun: 292 event: 5000 at 02-Mar-2020 16:54:33 CST
02-Mar-2020 16:56:35 CST  Closed output file "passes_filter.root"
02-Mar-2020 16:56:40 CST  Closed output file "fails_filter.root"
02-Mar-2020 16:56:40 CST  Closed input file "../../../runSim/File14/gm2tracker_sim_test_vacuum_20um_fullSeqFit_posTimes.root"

TrigReport ---------- Event  Summary ------------
TrigReport Events total = 100000 passed = 1 failed = 99999

TrigReport ------ Modules in End-Path: end_path ------------
TrigReport  Trig Bit#        Run    Success      Error Name
TrigReport     0    0          1          1          0 o1
TrigReport     0    0      99999      99999          0 o2

TimeReport ---------- Time  Summary ---[sec]----
TimeReport CPU = 193.519581 Real = 346.799032

MemReport  ---------- Memory  Summary ---[base-10 MB]----
MemReport  VmPeak = 1245.69 VmHWM = 383.98


