27-Feb-2020 15:44:09 CST  Initiating request to open input file "../../../runSim/File0/gm2tracker_sim_test_vacuum_20um_mainFit_posTimes.root"
27-Feb-2020 15:44:11 CST  Opened input file "../../../runSim/File0/gm2tracker_sim_test_vacuum_20um_mainFit_posTimes.root"
Begin processing the 1st record. run: 1 subRun: 1 event: 1 at 27-Feb-2020 15:44:18 CST
Begin processing the 101st record. run: 1 subRun: 1 event: 101 at 27-Feb-2020 15:44:18 CST
Begin processing the 201st record. run: 1 subRun: 1 event: 201 at 27-Feb-2020 15:44:18 CST
Begin processing the 301st record. run: 1 subRun: 1 event: 301 at 27-Feb-2020 15:44:19 CST
Begin processing the 401st record. run: 1 subRun: 1 event: 401 at 27-Feb-2020 15:44:19 CST
Begin processing the 501st record. run: 1 subRun: 1 event: 501 at 27-Feb-2020 15:44:19 CST
Begin processing the 601st record. run: 1 subRun: 1 event: 601 at 27-Feb-2020 15:44:19 CST
Begin processing the 701st record. run: 1 subRun: 1 event: 701 at 27-Feb-2020 15:44:19 CST
Begin processing the 801st record. run: 1 subRun: 1 event: 801 at 27-Feb-2020 15:44:19 CST
Begin processing the 901st record. run: 1 subRun: 1 event: 901 at 27-Feb-2020 15:44:19 CST
Begin processing the 2000th record. run: 1 subRun: 1 event: 2000 at 27-Feb-2020 15:44:21 CST
Begin processing the 3000th record. run: 1 subRun: 1 event: 3000 at 27-Feb-2020 15:44:22 CST
Begin processing the 5000th record. run: 1 subRun: 1 event: 5000 at 27-Feb-2020 15:44:25 CST
Begin processing the 9000th record. run: 1 subRun: 2 event: 4000 at 27-Feb-2020 15:44:30 CST
Begin processing the 17000th record. run: 1 subRun: 4 event: 2000 at 27-Feb-2020 15:44:42 CST
Begin processing the 33000th record. run: 1 subRun: 7 event: 3000 at 27-Feb-2020 15:45:07 CST
Begin processing the 65000th record. run: 1 subRun: 13 event: 5000 at 27-Feb-2020 15:45:52 CST
27-Feb-2020 15:46:57 CST  Closed input file "../../../runSim/File0/gm2tracker_sim_test_vacuum_20um_mainFit_posTimes.root"

TrigReport ---------- Event  Summary ------------
TrigReport Events total = 95000 passed = 95000 failed = 0

TrigReport ------ Modules in End-Path: end_path ------------
TrigReport  Trig Bit#        Run    Success      Error Name
TrigReport     0    0      95000      95000          0 nonePlusWrong
TrigReport     0    0      95000      95000          0 oneWrong

TimeReport ---------- Time  Summary ---[sec]----
TimeReport CPU = 74.277708 Real = 165.234629

MemReport  ---------- Memory  Summary ---[base-10 MB]----
MemReport  VmPeak = 1192.28 VmHWM = 348.23

