11-Feb-2020 15:14:34 CST  Initiating request to open input file "/pnfs/GM2/mc/run1_gasgun_1062/runs_1567190000/1567190852/gm2ringsim_muon_gasgun_truth_22551225_1567190852.1.root"
11-Feb-2020 15:14:34 CST  Opened input file "/pnfs/GM2/mc/run1_gasgun_1062/runs_1567190000/1567190852/gm2ringsim_muon_gasgun_truth_22551225_1567190852.1.root"
Begin processing the 1st record. run: 1567190852 subRun: 1 event: 1 at 11-Feb-2020 15:17:30 CST
11-Feb-2020 15:17:30 CST  Opened output file with pattern "gm2tracker_sim_scan_perfect.root"
Begin processing the 101st record. run: 1567190852 subRun: 1 event: 101 at 11-Feb-2020 15:17:38 CST
Begin processing the 201st record. run: 1567190852 subRun: 1 event: 201 at 11-Feb-2020 15:17:47 CST
Begin processing the 301st record. run: 1567190852 subRun: 1 event: 301 at 11-Feb-2020 15:17:54 CST
Begin processing the 401st record. run: 1567190852 subRun: 1 event: 401 at 11-Feb-2020 15:17:57 CST
Begin processing the 501st record. run: 1567190852 subRun: 1 event: 501 at 11-Feb-2020 15:18:06 CST
Begin processing the 601st record. run: 1567190852 subRun: 1 event: 601 at 11-Feb-2020 15:18:10 CST
Begin processing the 701st record. run: 1567190852 subRun: 1 event: 701 at 11-Feb-2020 15:18:12 CST
Begin processing the 801st record. run: 1567190852 subRun: 1 event: 801 at 11-Feb-2020 15:18:19 CST
Begin processing the 901st record. run: 1567190852 subRun: 1 event: 901 at 11-Feb-2020 15:18:22 CST
Begin processing the 2000th record. run: 1567190852 subRun: 1 event: 2000 at 11-Feb-2020 15:19:24 CST
Begin processing the 3000th record. run: 1567190852 subRun: 1 event: 3000 at 11-Feb-2020 15:20:24 CST
Begin processing the 5000th record. run: 1567190852 subRun: 1 event: 5000 at 11-Feb-2020 15:21:57 CST
11-Feb-2020 15:22:01 CST  Closed output file "gm2tracker_sim_scan_perfect.root"
11-Feb-2020 15:22:01 CST  Closed input file "/pnfs/GM2/mc/run1_gasgun_1062/runs_1567190000/1567190852/gm2ringsim_muon_gasgun_truth_22551225_1567190852.1.root"
%MSG-i summary:  ImposeDeadTime:deadTime@EndJob 11-Feb-2020 15:22:01 CST  ModuleEndJob

--------- Tracker Impose Dead Time Report ---------
  Total num digits killed = 0 (of 2582, 0%)
  Total num digits kept = 2582 (of 2582, 100%)
------------------------------------------------

%MSG
%MSG-i summary:  KillStraws:killStraws@EndJob 11-Feb-2020 15:22:01 CST  ModuleEndJob

--------- Tracker Kill Straws Report ---------
  Num straws to kill = 0
  Total num digits killed = 0 (of 2582, 0%)
  Total num digits kept = 2582 (of 2582, 100%)
----------------------------------------------

%MSG
%MSG-i summary:  RemoveFlash:removeFlash@EndJob 11-Feb-2020 15:22:01 CST  ModuleEndJob

--------- Tracker Remove Flash Report ---------
  Total num digits removed = 0 (of 2582, 0%)
  Total num digits kept = 2582 (of 2582, 100%)
----------------------------------------------

%MSG

TrigReport ---------- Event  Summary ------------
TrigReport Events total = 5000 passed = 5000 failed = 0

TrigReport ------ Modules in End-Path: end_path ------------
TrigReport  Trig Bit#        Run    Success      Error Name
TrigReport     0    0       5000       5000          0 out

TimeReport ---------- Time  Summary ---[sec]----
TimeReport CPU = 306.189452 Real = 396.951369

MemReport  ---------- Memory  Summary ---[base-10 MB]----
MemReport  VmPeak = 2093.36 VmHWM = 1144.44

