01-Feb-2020 07:16:57 CST  Initiating request to open input file "/pnfs/GM2/mc/run1_gasgun_1062/runs_1567190000/1567190852/gm2ringsim_muon_gasgun_truth_22551223_1567190852.1.root"
01-Feb-2020 07:16:58 CST  Opened input file "/pnfs/GM2/mc/run1_gasgun_1062/runs_1567190000/1567190852/gm2ringsim_muon_gasgun_truth_22551223_1567190852.1.root"
Begin processing the 1st record. run: 1567190852 subRun: 1 event: 1 at 01-Feb-2020 07:20:02 CST
01-Feb-2020 07:20:02 CST  Opened output file with pattern "gm2tracker_sim_scan_246.root"
Begin processing the 101st record. run: 1567190852 subRun: 1 event: 101 at 01-Feb-2020 07:20:09 CST
Begin processing the 201st record. run: 1567190852 subRun: 1 event: 201 at 01-Feb-2020 07:20:13 CST
Begin processing the 301st record. run: 1567190852 subRun: 1 event: 301 at 01-Feb-2020 07:20:17 CST
Begin processing the 401st record. run: 1567190852 subRun: 1 event: 401 at 01-Feb-2020 07:20:23 CST
Begin processing the 501st record. run: 1567190852 subRun: 1 event: 501 at 01-Feb-2020 07:20:32 CST
Begin processing the 601st record. run: 1567190852 subRun: 1 event: 601 at 01-Feb-2020 07:20:36 CST
Begin processing the 701st record. run: 1567190852 subRun: 1 event: 701 at 01-Feb-2020 07:20:49 CST
Begin processing the 801st record. run: 1567190852 subRun: 1 event: 801 at 01-Feb-2020 07:20:56 CST
Begin processing the 901st record. run: 1567190852 subRun: 1 event: 901 at 01-Feb-2020 07:21:04 CST
Begin processing the 2000th record. run: 1567190852 subRun: 1 event: 2000 at 01-Feb-2020 07:22:15 CST
Begin processing the 3000th record. run: 1567190852 subRun: 1 event: 3000 at 01-Feb-2020 07:23:18 CST
Begin processing the 5000th record. run: 1567190852 subRun: 1 event: 5000 at 01-Feb-2020 07:25:29 CST
01-Feb-2020 07:25:35 CST  Closed output file "gm2tracker_sim_scan_246.root"
01-Feb-2020 07:25:35 CST  Closed input file "/pnfs/GM2/mc/run1_gasgun_1062/runs_1567190000/1567190852/gm2ringsim_muon_gasgun_truth_22551223_1567190852.1.root"
%MSG-i summary:  ImposeDeadTime:deadTime@EndJob 01-Feb-2020 07:25:35 CST  ModuleEndJob

--------- Tracker Impose Dead Time Report ---------
  Total num digits killed = 0 (of 4067, 0%)
  Total num digits kept = 4067 (of 4067, 100%)
------------------------------------------------

%MSG
%MSG-i summary:  KillStraws:killStraws@EndJob 01-Feb-2020 07:25:35 CST  ModuleEndJob

--------- Tracker Kill Straws Report ---------
  Num straws to kill = 0
  Total num digits killed = 0 (of 4067, 0%)
  Total num digits kept = 4067 (of 4067, 100%)
----------------------------------------------

%MSG
%MSG-i summary:  RemoveFlash:removeFlash@EndJob 01-Feb-2020 07:25:35 CST  ModuleEndJob

--------- Tracker Remove Flash Report ---------
  Total num digits removed = 0 (of 4067, 0%)
  Total num digits kept = 4067 (of 4067, 100%)
----------------------------------------------

%MSG

TrigReport ---------- Event  Summary ------------
TrigReport Events total = 5000 passed = 5000 failed = 0

TrigReport ------ Modules in End-Path: end_path ------------
TrigReport  Trig Bit#        Run    Success      Error Name
TrigReport     0    0       5000       5000          0 out

TimeReport ---------- Time  Summary ---[sec]----
TimeReport CPU = 399.692238 Real = 460.847334

MemReport  ---------- Memory  Summary ---[base-10 MB]----
MemReport  VmPeak = 2092.79 VmHWM = 1169.71

