02-Mar-2020 16:34:13 CST  Initiating request to open input file "../../../runSim/File11/gm2tracker_sim_test_vacuum_20um_fullSeqFit_posTimes.root"
02-Mar-2020 16:34:14 CST  Opened input file "../../../runSim/File11/gm2tracker_sim_test_vacuum_20um_fullSeqFit_posTimes.root"
Begin processing the 1st record. run: 1 subRun: 220 event: 1 at 02-Mar-2020 16:34:19 CST
02-Mar-2020 16:34:19 CST  Opened output file with pattern "passes_filter.root"002-Mar-2020 16:34:19 CST  Opened output file with pattern "fails_filter.root"
Begin processing the 101st record. run: 1 subRun: 220 event: 101 at 02-Mar-2020 16:34:19 CST
Begin processing the 201st record. run: 1 subRun: 220 event: 201 at 02-Mar-2020 16:34:20 CST
Begin processing the 301st record. run: 1 subRun: 220 event: 301 at 02-Mar-2020 16:34:20 CST
Begin processing the 401st record. run: 1 subRun: 220 event: 401 at 02-Mar-2020 16:34:20 CST
Begin processing the 501st record. run: 1 subRun: 220 event: 501 at 02-Mar-2020 16:34:20 CST
Begin processing the 601st record. run: 1 subRun: 220 event: 601 at 02-Mar-2020 16:34:20 CST
Begin processing the 701st record. run: 1 subRun: 220 event: 701 at 02-Mar-2020 16:34:21 CST
Begin processing the 801st record. run: 1 subRun: 220 event: 801 at 02-Mar-2020 16:34:21 CST
Begin processing the 901st record. run: 1 subRun: 220 event: 901 at 02-Mar-2020 16:34:21 CST
Begin processing the 2000th record. run: 1 subRun: 220 event: 2000 at 02-Mar-2020 16:34:24 CST
Begin processing the 3000th record. run: 1 subRun: 220 event: 3000 at 02-Mar-2020 16:34:26 CST
Begin processing the 5000th record. run: 1 subRun: 220 event: 5000 at 02-Mar-2020 16:34:31 CST
Begin processing the 9000th record. run: 1 subRun: 221 event: 4000 at 02-Mar-2020 16:34:40 CST
Begin processing the 17000th record. run: 1 subRun: 223 event: 2000 at 02-Mar-2020 16:35:01 CST
Begin processing the 33000th record. run: 1 subRun: 226 event: 3000 at 02-Mar-2020 16:35:41 CST
Begin processing the 65000th record. run: 1 subRun: 232 event: 5000 at 02-Mar-2020 16:37:09 CST
02-Mar-2020 16:39:07 CST  Closed output file "passes_filter.root"
02-Mar-2020 16:39:12 CST  Closed output file "fails_filter.root"
02-Mar-2020 16:39:12 CST  Closed input file "../../../runSim/File11/gm2tracker_sim_test_vacuum_20um_fullSeqFit_posTimes.root"

TrigReport ---------- Event  Summary ------------
TrigReport Events total = 100000 passed = 0 failed = 100000

TrigReport ------ Modules in End-Path: end_path ------------
TrigReport  Trig Bit#        Run    Success      Error Name
TrigReport     0    0          0          0          0 o1
TrigReport     0    0     100000     100000          0 o2

TimeReport ---------- Time  Summary ---[sec]----
TimeReport CPU = 176.216211 Real = 296.674228

MemReport  ---------- Memory  Summary ---[base-10 MB]----
MemReport  VmPeak = 1200.98 VmHWM = 423.227

