03-Feb-2020 09:27:08 CST  Initiating request to open input file "../../runSim/File223/gm2tracker_sim_long_scan.root"
03-Feb-2020 09:27:09 CST  Opened input file "../../runSim/File223/gm2tracker_sim_long_scan.root"
Begin processing the 1st record. run: 1567190852 subRun: 1 event: 1 at 03-Feb-2020 09:27:14 CST
Begin processing the 101st record. run: 1567190852 subRun: 1 event: 101 at 03-Feb-2020 09:27:17 CST
Begin processing the 201st record. run: 1567190852 subRun: 1 event: 201 at 03-Feb-2020 09:27:18 CST
Begin processing the 301st record. run: 1567190852 subRun: 1 event: 301 at 03-Feb-2020 09:27:18 CST
Begin processing the 401st record. run: 1567190852 subRun: 1 event: 401 at 03-Feb-2020 09:27:19 CST
Begin processing the 501st record. run: 1567190852 subRun: 1 event: 501 at 03-Feb-2020 09:27:21 CST
Begin processing the 601st record. run: 1567190852 subRun: 1 event: 601 at 03-Feb-2020 09:27:22 CST
Begin processing the 701st record. run: 1567190852 subRun: 1 event: 701 at 03-Feb-2020 09:27:23 CST
Begin processing the 801st record. run: 1567190852 subRun: 1 event: 801 at 03-Feb-2020 09:27:24 CST
Begin processing the 901st record. run: 1567190852 subRun: 1 event: 901 at 03-Feb-2020 09:27:25 CST
Begin processing the 2000th record. run: 1567190852 subRun: 1 event: 2000 at 03-Feb-2020 09:27:35 CST
Begin processing the 3000th record. run: 1567190852 subRun: 1 event: 3000 at 03-Feb-2020 09:27:43 CST
Begin processing the 5000th record. run: 1567190852 subRun: 1 event: 5000 at 03-Feb-2020 09:28:00 CST
03-Feb-2020 09:28:00 CST  Closed input file "../../runSim/File223/gm2tracker_sim_long_scan.root"

TrigReport ---------- Event  Summary ------------
TrigReport Events total = 5000 passed = 5000 failed = 0

TrigReport ------ Modules in End-Path: end_path ------------
TrigReport  Trig Bit#        Run    Success      Error Name
TrigReport     0    0       5000       5000          0 plots0
TrigReport     0    0       5000       5000          0 plots1
TrigReport     0    0       5000       5000          0 plots2
TrigReport     0    0       5000       5000          0 plots3
TrigReport     0    0       5000       5000          0 plots4
TrigReport     0    0       5000       5000          0 plots5
TrigReport     0    0       5000       5000          0 plots6
TrigReport     0    0       5000       5000          0 plots7
TrigReport     0    0       5000       5000          0 plots8
TrigReport     0    0       5000       5000          0 plots9
TrigReport     0    0       5000       5000          0 plots10
TrigReport     0    0       5000       5000          0 plots11
TrigReport     0    0       5000       5000          0 plots12
TrigReport     0    0       5000       5000          0 plots13
TrigReport     0    0       5000       5000          0 plots14
TrigReport     0    0       5000       5000          0 plots15
TrigReport     0    0       5000       5000          0 plots16
TrigReport     0    0       5000       5000          0 plots17
TrigReport     0    0       5000       5000          0 plots18
TrigReport     0    0       5000       5000          0 plots19
TrigReport     0    0       5000       5000          0 plots20
TrigReport     0    0       5000       5000          0 plots21
TrigReport     0    0       5000       5000          0 plots22
TrigReport     0    0       5000       5000          0 plots23
TrigReport     0    0       5000       5000          0 plots24
TrigReport     0    0       5000       5000          0 plots25

TimeReport ---------- Time  Summary ---[sec]----
TimeReport CPU = 33.569898 Real = 49.537031

MemReport  ---------- Memory  Summary ---[base-10 MB]----
MemReport  VmPeak = 1222.63 VmHWM = 452.993

